BLOCK00/SES002/SA002S12	SES002	1.41081	-40.1213	-41.5322
BLOCK00/SES002/SA002S13	SES002	2.24142	-39.6184	-41.8598
BLOCK00/SES002/SA002S23	SES002	1.44625	-39.771	-41.2173
BLOCK00/SES002/SA002S26	SES002	2.26958	-39.4672	-41.7368
BLOCK00/SES002/SA002S28	SES002	1.44734	-40.0809	-41.5282
BLOCK00/SES007/SA007S14	SES007	1.151	-39.4341	-40.5851
BLOCK00/SES007/SA007S15	SES007	0.686581	-40.7917	-41.4783
BLOCK00/SES007/SA007S24	SES007	0.633377	-40.4833	-41.1167
BLOCK00/SES007/SA007S27	SES007	0.70845	-41.1793	-41.8877
BLOCK00/SES007/SA007S29	SES007	0.230923	-40.342	-40.5729
BLOCK00/SES008/SA008S11	SES008	1.17903	-40.4329	-41.6119
BLOCK00/SES008/SA008S12	SES008	0.838371	-40.8839	-41.7223
BLOCK00/SES008/SA008S19	SES008	1.23098	-39.8198	-41.0508
BLOCK00/SES008/SA008S22	SES008	1.15072	-40.8484	-41.9991
BLOCK00/SES008/SA008S29	SES008	1.42086	-40.0069	-41.4278
BLOCK01/SES014/SA014S10	SES014	2.19127	-39.6907	-41.8819
BLOCK01/SES014/SA014S12	SES014	2.94537	-37.7352	-40.6806
BLOCK01/SES014/SA014S24	SES014	1.65024	-39.7391	-41.3894
BLOCK01/SES014/SA014S26	SES014	2.39204	-37.6896	-40.0817
BLOCK01/SES014/SA014S28	SES014	2.88284	-37.8954	-40.7783
BLOCK01/SES016/SA016S12	SES016	1.1135	-41.9167	-43.0302
BLOCK01/SES016/SA016S13	SES016	1.55529	-40.3331	-41.8884
BLOCK01/SES016/SA016S22	SES016	0.8036	-40.9755	-41.7791
BLOCK01/SES016/SA016S25	SES016	1.35918	-39.0346	-40.3938
BLOCK01/SES016/SA016S27	SES016	1.80083	-39.1004	-40.9013
BLOCK01/SES019/SA019S13	SES019	3.12643	-40.2641	-43.3905
BLOCK01/SES019/SA019S14	SES019	2.10545	-40.4354	-42.5409
BLOCK01/SES019/SA019S22	SES019	2.8707	-39.9514	-42.8221
BLOCK01/SES019/SA019S25	SES019	2.81178	-40.2357	-43.0475
BLOCK01/SES019/SA019S29	SES019	3.67567	-39.8627	-43.5384
BLOCK02/SES029/SA029S11	SES029	1.47892	-39.8588	-41.3377
BLOCK02/SES029/SA029S12	SES029	0.618011	-40.3152	-40.9332
BLOCK02/SES029/SA029S20	SES029	0.771931	-41.3956	-42.1675
BLOCK02/SES029/SA029S25	SES029	0.423149	-40.4416	-40.8647
BLOCK02/SES029/SA029S28	SES029	0.819748	-40.6879	-41.5077
BLOCK04/SES042/SA042S12	SES042	2.29417	-38.7938	-41.088
BLOCK04/SES042/SA042S15	SES042	2.71355	-39.102	-41.8155
BLOCK04/SES042/SA042S22	SES042	3.49709	-37.6511	-41.1482
BLOCK04/SES042/SA042S25	SES042	2.57616	-40.0301	-42.6063
BLOCK04/SES042/SA042S27	SES042	2.13171	-39.0551	-41.1868
BLOCK04/SES048/SA048S11	SES048	1.49164	-40.0064	-41.4981
BLOCK04/SES048/SA048S12	SES048	0.601357	-40.7663	-41.3676
BLOCK04/SES048/SA048S20	SES048	0.895241	-40.2262	-41.1215
BLOCK04/SES048/SA048S23	SES048	1.48246	-40.5941	-42.0765
BLOCK04/SES048/SA048S27	SES048	0.371983	-40.3337	-40.7056
BLOCK06/SES060/SA060S11	SES060	1.3239	-40.0078	-41.3317
BLOCK06/SES060/SA060S12	SES060	-0.819675	-42.1052	-41.2855
BLOCK06/SES060/SA060S22	SES060	-0.3582	-42.2912	-41.933
BLOCK06/SES060/SA060S24	SES060	0.822536	-40.1176	-40.9401
BLOCK06/SES060/SA060S28	SES060	1.079	-38.8977	-39.9767
BLOCK06/SES062/SA062S10	SES062	0.770325	-40.3128	-41.0831
BLOCK06/SES062/SA062S11	SES062	1.37936	-39.9027	-41.282
BLOCK06/SES062/SA062S21	SES062	2.01372	-37.7261	-39.7398
BLOCK06/SES062/SA062S26	SES062	0.641052	-39.5427	-40.1837
BLOCK06/SES062/SA062S29	SES062	1.30972	-39.0254	-40.3351
BLOCK06/SES068/SA068S14	SES068	0.363747	-40.8245	-41.1883
BLOCK06/SES068/SA068S15	SES068	0.98502	-39.6706	-40.6556
BLOCK06/SES068/SA068S23	SES068	1.07794	-40.5056	-41.5835
BLOCK06/SES068/SA068S27	SES068	1.48571	-39.2513	-40.737
BLOCK06/SES068/SA068S29	SES068	0.761383	-40.0914	-40.8528
BLOCK08/SES082/SA082S12	SES082	1.10644	-41.5361	-42.6425
BLOCK08/SES082/SA082S14	SES082	0.829391	-41.8902	-42.7196
BLOCK08/SES082/SA082S21	SES082	0.947563	-40.9402	-41.8877
BLOCK08/SES082/SA082S24	SES082	1.27454	-40.8717	-42.1462
BLOCK08/SES082/SA082S28	SES082	0.420731	-41.559	-41.9798
BLOCK08/SES083/SA083S14	SES083	-0.479191	-41.4342	-40.9551
BLOCK08/SES083/SA083S15	SES083	-0.0893631	-41.0328	-40.9435
BLOCK08/SES083/SA083S24	SES083	0.113251	-41.0047	-41.118
BLOCK08/SES083/SA083S26	SES083	0.651978	-40.5481	-41.2001
BLOCK08/SES083/SA083S29	SES083	-0.362175	-40.7822	-40.42
BLOCK08/SES085/SA085S10	SES085	-0.0628738	-41.0044	-40.9415
BLOCK08/SES085/SA085S13	SES085	0.615768	-40.8359	-41.4516
BLOCK08/SES085/SA085S22	SES085	-0.802631	-41.904	-41.1014
BLOCK08/SES085/SA085S26	SES085	-0.462463	-41.4118	-40.9494
BLOCK08/SES085/SA085S28	SES085	0.821823	-40.22	-41.0418
BLOCK08/SES087/SA087S15	SES087	1.86834	-40.2996	-42.1679
BLOCK08/SES087/SA087S16	SES087	1.97638	-40.0109	-41.9873
BLOCK08/SES087/SA087S24	SES087	1.70953	-40.3231	-42.0327
BLOCK08/SES087/SA087S26	SES087	1.75885	-38.9246	-40.6834
BLOCK08/SES087/SA087S29	SES087	2.01763	-39.9983	-42.016
BLOCK09/SES099/SA099S15	SES099	1.35953	-40.6111	-41.9706
BLOCK09/SES099/SA099S16	SES099	1.5127	-40.3257	-41.8384
BLOCK09/SES099/SA099S24	SES099	1.76535	-39.707	-41.4723
BLOCK09/SES099/SA099S26	SES099	1.69712	-39.8281	-41.5252
BLOCK09/SES099/SA099S29	SES099	1.60782	-39.9143	-41.5221
BLOCK10/SES101/SA101S11	SES101	0.759899	-40.2839	-41.0438
BLOCK10/SES101/SA101S13	SES101	1.07204	-39.9548	-41.0268
BLOCK10/SES101/SA101S22	SES101	1.37132	-40.5562	-41.9275
BLOCK10/SES101/SA101S24	SES101	1.67201	-40.0728	-41.7448
BLOCK10/SES101/SA101S28	SES101	0.389915	-41.1719	-41.5618
BLOCK10/SES104/SA104S11	SES104	1.32615	-39.4266	-40.7528
BLOCK10/SES104/SA104S12	SES104	1.70456	-39.3841	-41.0886
BLOCK10/SES104/SA104S21	SES104	1.16816	-40.3336	-41.5018
BLOCK10/SES104/SA104S24	SES104	0.965523	-40.9877	-41.9532
BLOCK10/SES104/SA104S28	SES104	1.19812	-40.5746	-41.7727
BLOCK10/SES105/SA105S12	SES105	0.778225	-41.537	-42.3152
BLOCK10/SES105/SA105S13	SES105	0.99762	-40.9353	-41.9329
BLOCK10/SES105/SA105S22	SES105	0.263493	-42.1893	-42.4528
BLOCK10/SES105/SA105S26	SES105	1.43506	-41.0213	-42.4564
BLOCK10/SES105/SA105S29	SES105	0.89465	-40.8635	-41.7582
BLOCK10/SES106/SA106S09	SES106	1.16756	-41.9806	-43.1481
BLOCK10/SES106/SA106S11	SES106	1.70077	-39.5581	-41.2588
BLOCK10/SES106/SA106S22	SES106	2.62288	-40.1862	-42.809
BLOCK10/SES106/SA106S27	SES106	1.34373	-40.4755	-41.8192
BLOCK10/SES106/SA106S29	SES106	1.0313	-40.4017	-41.433
BLOCK11/SES117/SA117S12	SES117	0.524338	-40.8878	-41.4121
BLOCK11/SES117/SA117S13	SES117	0.259144	-40.9359	-41.1951
BLOCK11/SES117/SA117S23	SES117	1.84234	-41.141	-42.9834
BLOCK11/SES117/SA117S25	SES117	0.968216	-41.4612	-42.4294
BLOCK11/SES117/SA117S28	SES117	1.21025	-41.371	-42.5812
BLOCK12/SES120/SA120S08	SES120	1.02234	-42.0131	-43.0354
BLOCK12/SES120/SA120S11	SES120	0.88052	-43.1304	-44.0109
BLOCK12/SES120/SA120S22	SES120	0.0044899	-41.6852	-41.6897
BLOCK12/SES120/SA120S24	SES120	0.350872	-41.6867	-42.0376
BLOCK12/SES120/SA120S28	SES120	0.446072	-42.9508	-43.3969
BLOCK12/SES125/SA125S13	SES125	2.15454	-39.3208	-41.4754
BLOCK12/SES125/SA125S14	SES125	1.50095	-40.2377	-41.7386
BLOCK12/SES125/SA125S25	SES125	2.21543	-39.3764	-41.5918
BLOCK12/SES125/SA125S27	SES125	2.33358	-38.5568	-40.8904
BLOCK12/SES125/SA125S29	SES125	1.56624	-39.6856	-41.2518
BLOCK12/SES127/SA127S11	SES127	0.547188	-41.099	-41.6462
BLOCK12/SES127/SA127S12	SES127	-0.324436	-41.089	-40.7645
BLOCK12/SES127/SA127S23	SES127	0.0435104	-41.3044	-41.3479
BLOCK12/SES127/SA127S25	SES127	-1.14149	-42.2756	-41.1341
BLOCK12/SES127/SA127S27	SES127	0.863476	-40.0608	-40.9243
BLOCK12/SES129/SA129S11	SES129	1.52676	-39.2414	-40.7682
BLOCK12/SES129/SA129S12	SES129	1.22591	-39.4279	-40.6538
BLOCK12/SES129/SA129S22	SES129	1.21448	-39.9339	-41.1484
BLOCK12/SES129/SA129S27	SES129	1.72991	-39.3473	-41.0772
BLOCK12/SES129/SA129S29	SES129	1.44489	-39.5998	-41.0447
BLOCK14/SES142/SA142S11	SES142	1.44076	-40.4891	-41.9299
BLOCK14/SES142/SA142S12	SES142	1.19104	-40.8547	-42.0458
BLOCK14/SES142/SA142S24	SES142	1.4695	-40.3402	-41.8097
BLOCK14/SES142/SA142S27	SES142	1.87283	-39.9447	-41.8175
BLOCK14/SES142/SA142S29	SES142	1.6626	-39.626	-41.2886
BLOCK14/SES143/SA143S12	SES143	0.9235	-40.893	-41.8165
BLOCK14/SES143/SA143S13	SES143	0.859715	-41.0112	-41.871
BLOCK14/SES143/SA143S23	SES143	1.31631	-40.7174	-42.0337
BLOCK14/SES143/SA143S25	SES143	1.03059	-40.6526	-41.6832
BLOCK14/SES143/SA143S28	SES143	1.02761	-40.3514	-41.379
BLOCK14/SES144/SA144S09	SES144	0.761745	-40.6129	-41.3746
BLOCK14/SES144/SA144S11	SES144	0.697937	-41.7733	-42.4713
BLOCK14/SES144/SA144S21	SES144	0.353672	-41.369	-41.7227
BLOCK14/SES144/SA144S25	SES144	0.522461	-41.4513	-41.9737
BLOCK14/SES144/SA144S29	SES144	0.208767	-41.1561	-41.3649
BLOCK14/SES146/SA146S14	SES146	0.662178	-41.5872	-42.2494
BLOCK14/SES146/SA146S15	SES146	0.111305	-41.594	-41.7053
BLOCK14/SES146/SA146S24	SES146	0.587841	-41.3241	-41.9119
BLOCK14/SES146/SA146S26	SES146	1.02066	-41.4333	-42.4539
BLOCK14/SES146/SA146S29	SES146	0.263599	-42.4421	-42.7057
BLOCK14/SES147/SA147S11	SES147	1.88355	-40.706	-42.5896
BLOCK14/SES147/SA147S13	SES147	2.03039	-39.6572	-41.6875
BLOCK14/SES147/SA147S23	SES147	1.66421	-41.0426	-42.7068
BLOCK14/SES147/SA147S26	SES147	1.33863	-40.9358	-42.2744
BLOCK14/SES147/SA147S28	SES147	2.26241	-40.2623	-42.5247
BLOCK14/SES148/SA148S10	SES148	1.15974	-40.1501	-41.3098
BLOCK14/SES148/SA148S12	SES148	0.77232	-41.2097	-41.982
BLOCK14/SES148/SA148S22	SES148	0.939396	-39.7108	-40.6502
BLOCK14/SES148/SA148S26	SES148	0.434151	-40.5908	-41.0249
BLOCK14/SES148/SA148S29	SES148	0.473999	-41.2762	-41.7502
BLOCK14/SES149/SA149S13	SES149	0.0835648	-41.318	-41.4016
BLOCK14/SES149/SA149S14	SES149	0.48576	-40.4971	-40.9828
BLOCK14/SES149/SA149S24	SES149	1.03078	-40.4842	-41.5149
BLOCK14/SES149/SA149S26	SES149	1.67527	-39.7585	-41.4338
BLOCK14/SES149/SA149S28	SES149	2.14972	-38.8011	-40.9508
BLOCK15/SES158/SA158S13	SES158	1.45583	-40.9926	-42.4485
BLOCK15/SES158/SA158S14	SES158	2.287	-40.6698	-42.9568
BLOCK15/SES158/SA158S23	SES158	1.21441	-40.5904	-41.8048
BLOCK15/SES158/SA158S26	SES158	1.66955	-40.3943	-42.0639
BLOCK15/SES158/SA158S28	SES158	1.21236	-40.956	-42.1683
BLOCK16/SES162/SA162S10	SES162	0.611099	-41.9668	-42.5779
BLOCK16/SES162/SA162S11	SES162	0.722771	-40.683	-41.4058
BLOCK16/SES162/SA162S21	SES162	1.61905	-40.3586	-41.9776
BLOCK16/SES162/SA162S24	SES162	1.07832	-40.7463	-41.8246
BLOCK16/SES162/SA162S27	SES162	1.21709	-41.1327	-42.3498
BLOCK16/SES167/SA167S14	SES167	0.93705	-39.6491	-40.5862
BLOCK16/SES167/SA167S15	SES167	1.39926	-39.9811	-41.3803
BLOCK16/SES167/SA167S21	SES167	1.28763	-39.1573	-40.445
BLOCK16/SES167/SA167S25	SES167	1.38938	-40.1613	-41.5506
BLOCK16/SES167/SA167S29	SES167	2.24048	-38.6305	-40.871
BLOCK17/SES172/SA172S12	SES172	1.10234	-40.6155	-41.7178
BLOCK17/SES172/SA172S13	SES172	1.51314	-40.4558	-41.969
BLOCK17/SES172/SA172S23	SES172	0.876419	-39.3202	-40.1966
BLOCK17/SES172/SA172S27	SES172	0.961327	-40.6542	-41.6155
BLOCK17/SES172/SA172S29	SES172	1.08052	-40.509	-41.5895
BLOCK17/SES175/SA175S11	SES175	1.32598	-40.3802	-41.7062
BLOCK17/SES175/SA175S13	SES175	1.17015	-40.1008	-41.2709
BLOCK17/SES175/SA175S23	SES175	1.33931	-40.6538	-41.9931
BLOCK17/SES175/SA175S25	SES175	0.745735	-42.0615	-42.8073
BLOCK17/SES175/SA175S28	SES175	1.28644	-40.0238	-41.3102
BLOCK17/SES177/SA177S15	SES177	-0.266685	-41.4333	-41.1666
BLOCK17/SES177/SA177S17	SES177	0.10754	-41.0475	-41.155
BLOCK17/SES177/SA177S23	SES177	0.245571	-41.2474	-41.493
BLOCK17/SES177/SA177S26	SES177	0.374966	-39.4727	-39.8476
BLOCK17/SES177/SA177S28	SES177	0.823914	-39.7652	-40.5891
BLOCK18/SES180/SA180S13	SES180	0.683838	-40.8026	-41.4865
BLOCK18/SES180/SA180S15	SES180	0.742432	-41.009	-41.7514
BLOCK18/SES180/SA180S24	SES180	0.768639	-39.5994	-40.3681
BLOCK18/SES180/SA180S26	SES180	0.954624	-40.3157	-41.2703
BLOCK18/SES180/SA180S29	SES180	0.679432	-41.0067	-41.6861
BLOCK18/SES183/SA183S13	SES183	0.879353	-41.2616	-42.1409
BLOCK18/SES183/SA183S14	SES183	0.540848	-41.3625	-41.9034
BLOCK18/SES183/SA183S24	SES183	1.24063	-41.1681	-42.4087
BLOCK18/SES183/SA183S27	SES183	1.18397	-40.8903	-42.0743
BLOCK18/SES183/SA183S29	SES183	1.26296	-40.3663	-41.6293
BLOCK18/SES187/SA187S13	SES187	0.861546	-41.3977	-42.2592
BLOCK18/SES187/SA187S14	SES187	0.553532	-41.6038	-42.1573
BLOCK18/SES187/SA187S24	SES187	1.05539	-40.9562	-42.0115
BLOCK18/SES187/SA187S27	SES187	1.10252	-40.5852	-41.6877
BLOCK18/SES187/SA187S29	SES187	1.5081	-40.9377	-42.4458
BLOCK18/SES189/SA189S10	SES189	1.42668	-42.4324	-43.8591
BLOCK18/SES189/SA189S13	SES189	1.58179	-42.8825	-44.4643
BLOCK18/SES189/SA189S24	SES189	1.69162	-41.7219	-43.4135
BLOCK18/SES189/SA189S26	SES189	1.28279	-41.4684	-42.7512
BLOCK18/SES189/SA189S29	SES189	1.79464	-41.5173	-43.312
BLOCK20/SES202/SA202S12	SES202	1.10656	-41.7275	-42.8341
BLOCK20/SES202/SA202S14	SES202	2.22858	-39.8887	-42.1173
BLOCK20/SES202/SA202S24	SES202	1.23896	-41.159	-42.398
BLOCK20/SES202/SA202S27	SES202	1.55694	-39.6244	-41.1813
BLOCK20/SES202/SA202S29	SES202	1.78606	-39.7786	-41.5646
BLOCK20/SES206/SA206S15	SES206	0.216541	-40.4231	-40.6397
BLOCK20/SES206/SA206S17	SES206	2.11137	-39.0902	-41.2016
BLOCK20/SES206/SA206S24	SES206	1.7342	-39.1423	-40.8765
BLOCK20/SES206/SA206S27	SES206	2.10118	-39.8765	-41.9777
BLOCK20/SES206/SA206S29	SES206	1.62073	-38.9634	-40.5841
BLOCK22/SES226/SA226S12	SES226	1.38299	-40.8099	-42.1929
BLOCK22/SES226/SA226S13	SES226	-0.192123	-42.0928	-41.9006
BLOCK22/SES226/SA226S20	SES226	1.29711	-40.9961	-42.2932
BLOCK22/SES226/SA226S23	SES226	1.51842	-40.2789	-41.7973
BLOCK22/SES226/SA226S28	SES226	2.21186	-39.6044	-41.8162
BLOCK25/SES259/SA259S13	SES259	3.06188	-38.7767	-41.8386
BLOCK25/SES259/SA259S14	SES259	2.00806	-39.5134	-41.5214
BLOCK25/SES259/SA259S22	SES259	1.65403	-39.6333	-41.2873
BLOCK25/SES259/SA259S24	SES259	1.95612	-39.2213	-41.1774
BLOCK25/SES259/SA259S28	SES259	1.87471	-39.1227	-40.9975
BLOCK27/SES270/SA270S14	SES270	2.06507	-40.9142	-42.9793
BLOCK27/SES270/SA270S16	SES270	1.10652	-40.75	-41.8565
BLOCK27/SES270/SA270S22	SES270	2.72057	-39.8412	-42.5618
BLOCK27/SES270/SA270S26	SES270	1.50094	-41.4243	-42.9252
BLOCK27/SES270/SA270S28	SES270	1.34103	-40.2926	-41.6336
BLOCK27/SES275/SA275S17	SES275	1.30022	-41.2522	-42.5524
BLOCK27/SES275/SA275S18	SES275	0.347404	-41.2102	-41.5576
BLOCK27/SES275/SA275S24	SES275	0.502068	-42.4573	-42.9594
BLOCK27/SES275/SA275S26	SES275	1.06013	-40.6151	-41.6752
BLOCK27/SES275/SA275S28	SES275	0.304424	-40.9417	-41.2462
BLOCK29/SES292/SA292S10	SES292	0.524998	-41.1947	-41.7197
BLOCK29/SES292/SA292S12	SES292	0.206146	-41.96	-42.1661
BLOCK29/SES292/SA292S22	SES292	0.726311	-40.4401	-41.1664
BLOCK29/SES292/SA292S24	SES292	0.537411	-40.5876	-41.125
BLOCK29/SES292/SA292S27	SES292	0.209564	-40.5345	-40.7441
BLOCK00/SES001/SA001S14	SES062	-2.04658	-43.9143	-41.8678
BLOCK00/SES001/SA001S14	SES082	-2.03558	-43.9033	-41.8678
BLOCK00/SES001/SA001S14	SES106	-2.67403	-44.5418	-41.8678
BLOCK00/SES001/SA001S14	SES206	-2.83157	-44.6993	-41.8678
BLOCK00/SES001/SA001S15	SES062	-2.41285	-43.5285	-41.1157
BLOCK00/SES001/SA001S15	SES104	-3.4656	-44.5813	-41.1157
BLOCK00/SES001/SA001S15	SES106	-2.50862	-43.6243	-41.1157
BLOCK00/SES001/SA001S15	SES206	-3.43645	-44.5521	-41.1157
BLOCK00/SES001/SA001S24	SES062	-2.71967	-44.9491	-42.2294
BLOCK00/SES001/SA001S24	SES082	-1.85203	-44.0814	-42.2294
BLOCK00/SES001/SA001S24	SES087	-2.95414	-45.1835	-42.2294
BLOCK00/SES001/SA001S24	SES206	-1.43555	-43.665	-42.2294
BLOCK00/SES001/SA001S27	SES062	-1.61894	-42.4558	-40.8369
BLOCK00/SES001/SA001S27	SES082	-2.24503	-43.0819	-40.8369
BLOCK00/SES001/SA001S27	SES087	-3.03292	-43.8698	-40.8369
BLOCK00/SES001/SA001S27	SES206	-3.22434	-44.0612	-40.8369
BLOCK00/SES001/SA001S29	SES062	-2.76278	-44.7167	-41.954
BLOCK00/SES001/SA001S29	SES082	-1.87648	-43.8304	-41.954
BLOCK00/SES001/SA001S29	SES158	-1.51576	-43.4697	-41.954
BLOCK00/SES001/SA001S29	SES206	-4.22169	-46.1757	-41.954
BLOCK00/SES003/SA003S11	SES002	-0.93161	-43.0066	-42.075
BLOCK00/SES003/SA003S11	SES019	-1.00137	-43.0764	-42.075
BLOCK00/SES003/SA003S11	SES082	-0.0121727	-42.0872	-42.075
BLOCK00/SES003/SA003S11	SES125	-0.96014	-43.0351	-42.075
BLOCK00/SES003/SA003S15	SES016	-2.18623	-43.8854	-41.6991
BLOCK00/SES003/SA003S15	SES019	-1.21338	-42.9125	-41.6991
BLOCK00/SES003/SA003S15	SES062	-2.42524	-44.1244	-41.6991
BLOCK00/SES003/SA003S15	SES206	-1.37626	-43.0754	-41.6991
BLOCK00/SES003/SA003S22	SES002	-1.77632	-43.2204	-41.444
BLOCK00/SES003/SA003S22	SES062	-1.44939	-42.8934	-41.444
BLOCK00/SES003/SA003S22	SES082	-0.669594	-42.1136	-41.444
BLOCK00/SES003/SA003S22	SES087	-1.91611	-43.3601	-41.444
BLOCK00/SES003/SA003S25	SES062	-2.68927	-45.0144	-42.3251
BLOCK00/SES003/SA003S25	SES082	-0.678207	-43.0033	-42.3251
BLOCK00/SES003/SA003S25	SES087	-1.58075	-43.9059	-42.3251
BLOCK00/SES003/SA003S25	SES206	-1.61294	-43.938	-42.3251
BLOCK00/SES003/SA003S29	SES002	-1.91277	-44.0503	-42.1376
BLOCK00/SES003/SA003S29	SES062	-2.10168	-44.2393	-42.1376
BLOCK00/SES003/SA003S29	SES082	-0.531681	-42.6693	-42.1376
BLOCK00/SES003/SA003S29	SES087	-2.14713	-44.2847	-42.1376
BLOCK00/SES004/SA004S12	SES083	-2.16225	-43.717	-41.5548
BLOCK00/SES004/SA004S12	SES148	-1.95095	-43.5057	-41.5548
BLOCK00/SES004/SA004S12	SES172	-1.32098	-42.8758	-41.5548
BLOCK00/SES004/SA004S12	SES292	-1.93965	-43.4944	-41.5548
BLOCK00/SES004/SA004S17	SES083	-1.91209	-44.0426	-42.1305
BLOCK00/SES004/SA004S17	SES162	-0.975147	-43.1057	-42.1305
BLOCK00/SES004/SA004S17	SES172	-1.85355	-43.9841	-42.1305
BLOCK00/SES004/SA004S17	SES292	-1.48661	-43.6171	-42.1305
BLOCK00/SES004/SA004S24	SES083	-1.82353	-42.9278	-41.1042
BLOCK00/SES004/SA004S24	SES148	-1.70175	-42.806	-41.1042
BLOCK00/SES004/SA004S24	SES172	-1.03815	-42.1424	-41.1042
BLOCK00/SES004/SA004S24	SES292	-1.28418	-42.3884	-41.1042
BLOCK00/SES004/SA004S26	SES083	-1.62179	-42.7778	-41.156
BLOCK00/SES004/SA004S26	SES127	-0.989433	-42.1455	-41.156
BLOCK00/SES004/SA004S26	SES148	-2.42576	-43.5818	-41.156
BLOCK00/SES004/SA004S26	SES292	-1.94823	-43.1043	-41.156
BLOCK00/SES004/SA004S28	SES083	-1.96483	-42.7626	-40.7978
BLOCK00/SES004/SA004S28	SES127	-1.09407	-41.8918	-40.7978
BLOCK00/SES004/SA004S28	SES187	-0.788956	-41.5867	-40.7978
BLOCK00/SES004/SA004S28	SES292	-2.05863	-42.8564	-40.7978
BLOCK00/SES006/SA006S10	SES014	-2.30422	-46.3775	-44.0733
BLOCK00/SES006/SA006S10	SES158	-0.478798	-44.5521	-44.0733
BLOCK00/SES006/SA006S10	SES226	-2.74149	-46.8148	-44.0733
BLOCK00/SES006/SA006S10	SES270	-0.286823	-44.3601	-44.0733
BLOCK00/SES006/SA006S11	SES158	-0.889088	-44.6481	-43.759
BLOCK00/SES006/SA006S11	SES226	-2.05711	-45.8161	-43.759
BLOCK00/SES006/SA006S11	SES270	-0.422863	-44.1819	-43.759
BLOCK00/SES006/SA006S11	SES275	-3.35786	-47.1169	-43.759
BLOCK00/SES006/SA006S23	SES062	-1.92173	-44.6798	-42.7581
BLOCK00/SES006/SA006S23	SES105	-1.96038	-44.7185	-42.7581
BLOCK00/SES006/SA006S23	SES158	-0.75898	-43.5171	-42.7581
BLOCK00/SES006/SA006S23	SES275	-2.52894	-45.287	-42.7581
BLOCK00/SES006/SA006S26	SES104	-2.00271	-44.5197	-42.517
BLOCK00/SES006/SA006S26	SES158	-0.248493	-42.7655	-42.517
BLOCK00/SES006/SA006S26	SES270	0.575317	-41.9417	-42.517
BLOCK00/SES006/SA006S26	SES275	-3.31063	-45.8277	-42.517
BLOCK00/SES006/SA006S28	SES007	-2.19285	-45.5086	-43.3157
BLOCK00/SES006/SA006S28	SES105	-2.42765	-45.7434	-43.3157
BLOCK00/SES006/SA006S28	SES158	-1.29142	-44.6072	-43.3157
BLOCK00/SES006/SA006S28	SES275	-3.75927	-47.075	-43.3157
BLOCK00/SES009/SA009S12	SES083	-2.04043	-43.5912	-41.5508
BLOCK00/SES009/SA009S12	SES148	-1.26963	-42.8204	-41.5508
BLOCK00/SES009/SA009S12	SES177	-0.842564	-42.3934	-41.5508
BLOCK00/SES009/SA009S12	SES292	-1.43861	-42.9894	-41.5508
BLOCK00/SES009/SA009S15	SES007	0.0819931	-40.7884	-40.8704
BLOCK00/SES009/SA009S15	SES099	-10.084	-50.9544	-40.8704
BLOCK00/SES009/SA009S15	SES148	-1.54701	-42.4174	-40.8704
BLOCK00/SES009/SA009S15	SES172	-1.07131	-41.9417	-40.8704
BLOCK00/SES009/SA009S24	SES146	-1.05525	-42.123	-41.0677
BLOCK00/SES009/SA009S24	SES148	-1.21196	-42.2797	-41.0677
BLOCK00/SES009/SA009S24	SES177	-0.358288	-41.426	-41.0677
BLOCK00/SES009/SA009S24	SES292	-1.20538	-42.2731	-41.0677
BLOCK00/SES009/SA009S26	SES083	-2.04359	-43.4919	-41.4484
BLOCK00/SES009/SA009S26	SES101	-1.85135	-43.2997	-41.4484
BLOCK00/SES009/SA009S26	SES120	-0.96077	-42.4091	-41.4484
BLOCK00/SES009/SA009S26	SES177	-0.890743	-42.3391	-41.4484
BLOCK00/SES009/SA009S29	SES083	-1.75184	-42.6824	-40.9305
BLOCK00/SES009/SA009S29	SES101	-1.66534	-42.5958	-40.9305
BLOCK00/SES009/SA009S29	SES177	-0.746464	-41.677	-40.9305
BLOCK00/SES009/SA009S29	SES292	-1.6713	-42.6018	-40.9305
BLOCK01/SES011/SA011S10	SES019	-0.93766	-43.1463	-42.2086
BLOCK01/SES011/SA011S10	SES042	-0.460491	-42.6691	-42.2086
BLOCK01/SES011/SA011S10	SES082	-2.29515	-44.5037	-42.2086
BLOCK01/SES011/SA011S10	SES206	-1.25693	-43.4655	-42.2086
BLOCK01/SES011/SA011S11	SES019	-0.664379	-43.3663	-42.702
BLOCK01/SES011/SA011S11	SES042	-0.879436	-43.5814	-42.702
BLOCK01/SES011/SA011S11	SES082	-2.28598	-44.9879	-42.702
BLOCK01/SES011/SA011S11	SES206	-0.394226	-43.0962	-42.702
BLOCK01/SES011/SA011S22	SES019	-0.519939	-42.7123	-42.1924
BLOCK01/SES011/SA011S22	SES042	-0.373108	-42.5655	-42.1924
BLOCK01/SES011/SA011S22	SES082	-1.54963	-43.742	-42.1924
BLOCK01/SES011/SA011S22	SES206	-0.577343	-42.7697	-42.1924
BLOCK01/SES011/SA011S24	SES019	-0.785484	-42.5501	-41.7646
BLOCK01/SES011/SA011S24	SES042	-0.349171	-42.1138	-41.7646
BLOCK01/SES011/SA011S24	SES104	-1.29653	-43.0611	-41.7646
BLOCK01/SES011/SA011S24	SES206	0.0783691	-41.6862	-41.7646
BLOCK01/SES011/SA011S27	SES082	0.312756	-41.3063	-41.6191
BLOCK01/SES011/SA011S27	SES087	-1.09334	-42.7124	-41.6191
BLOCK01/SES011/SA011S27	SES125	-0.579762	-42.1988	-41.6191
BLOCK01/SES011/SA011S27	SES206	0.0201416	-41.5989	-41.6191
BLOCK01/SES012/SA012S11	SES007	-1.87156	-42.6112	-40.7397
BLOCK01/SES012/SA012S11	SES082	-1.23875	-41.9784	-40.7397
BLOCK01/SES012/SA012S11	SES083	-2.59509	-43.3348	-40.7397
BLOCK01/SES012/SA012S11	SES206	-0.789719	-41.5294	-40.7397
BLOCK01/SES012/SA012S14	SES082	-0.713436	-42.241	-41.5275
BLOCK01/SES012/SA012S14	SES087	-1.64682	-43.1743	-41.5275
BLOCK01/SES012/SA012S14	SES206	-0.875183	-42.4027	-41.5275
BLOCK01/SES012/SA012S14	SES292	-3.7234	-45.2509	-41.5275
BLOCK01/SES012/SA012S24	SES082	0.044529	-42.4923	-42.5368
BLOCK01/SES012/SA012S24	SES087	-1.17334	-43.7102	-42.5368
BLOCK01/SES012/SA012S24	SES120	-4.11337	-46.6502	-42.5368
BLOCK01/SES012/SA012S24	SES206	-0.494995	-43.0318	-42.5368
BLOCK01/SES012/SA012S26	SES019	-2.6556	-44.2273	-41.5717
BLOCK01/SES012/SA012S26	SES082	-1.8224	-43.3941	-41.5717
BLOCK01/SES012/SA012S26	SES206	-0.152267	-41.724	-41.5717
BLOCK01/SES012/SA012S26	SES292	-3.46515	-45.0369	-41.5717
BLOCK01/SES012/SA012S29	SES062	-2.02134	-43.112	-41.0907
BLOCK01/SES012/SA012S29	SES082	-1.03648	-42.1272	-41.0907
BLOCK01/SES012/SA012S29	SES083	-2.50928	-43.6	-41.0907
BLOCK01/SES012/SA012S29	SES206	-0.794529	-41.8852	-41.0907
BLOCK01/SES013/SA013S16	SES062	-3.46886	-45.1707	-41.7019
BLOCK01/SES013/SA013S16	SES106	-0.637974	-42.3398	-41.7019
BLOCK01/SES013/SA013S16	SES206	-0.824928	-42.5268	-41.7019
BLOCK01/SES013/SA013S16	SES226	-0.12606	-41.8279	-41.7019
BLOCK01/SES013/SA013S17	SES062	-3.19171	-44.3357	-41.144
BLOCK01/SES013/SA013S17	SES106	-0.798496	-41.9425	-41.144
BLOCK01/SES013/SA013S17	SES206	-0.120914	-41.2649	-41.144
BLOCK01/SES013/SA013S17	SES226	0.425724	-40.7183	-41.144
BLOCK01/SES013/SA013S23	SES104	-1.07156	-43.0053	-41.9337
BLOCK01/SES013/SA013S23	SES106	-0.324627	-42.2583	-41.9337
BLOCK01/SES013/SA013S23	SES206	-0.662716	-42.5964	-41.9337
BLOCK01/SES013/SA013S23	SES270	-0.315216	-42.2489	-41.9337
BLOCK01/SES013/SA013S25	SES042	-1.13057	-42.6194	-41.4888
BLOCK01/SES013/SA013S25	SES104	-0.763905	-42.2527	-41.4888
BLOCK01/SES013/SA013S25	SES106	-0.194489	-41.6833	-41.4888
BLOCK01/SES013/SA013S25	SES206	-1.05714	-42.546	-41.4888
BLOCK01/SES013/SA013S29	SES062	-3.6148	-45.4057	-41.7909
BLOCK01/SES013/SA013S29	SES104	-1.28074	-43.0717	-41.7909
BLOCK01/SES013/SA013S29	SES106	-0.136669	-41.9276	-41.7909
BLOCK01/SES013/SA013S29	SES206	-1.24428	-43.0352	-41.7909
BLOCK02/SES021/SA021S13	SES016	-3.28029	-44.3831	-41.1028
BLOCK02/SES021/SA021S13	SES029	-2.47468	-43.5775	-41.1028
BLOCK02/SES021/SA021S13	SES087	-1.78416	-42.887	-41.1028
BLOCK02/SES021/SA021S13	SES206	-0.721931	-41.8248	-41.1028
BLOCK02/SES021/SA021S15	SES087	-1.07144	-41.0829	-40.0114
BLOCK02/SES021/SA021S15	SES125	-0.499783	-40.5112	-40.0114
BLOCK02/SES021/SA021S15	SES206	-0.237999	-40.2494	-40.0114
BLOCK02/SES021/SA021S15	SES226	-1.14659	-41.158	-40.0114
BLOCK02/SES021/SA021S23	SES062	-3.05359	-45.1654	-42.1118
BLOCK02/SES021/SA021S23	SES087	-2.06541	-44.1772	-42.1118
BLOCK02/SES021/SA021S23	SES206	-1.44407	-43.5559	-42.1118
BLOCK02/SES021/SA021S23	SES226	-0.888363	-43.0002	-42.1118
BLOCK02/SES021/SA021S27	SES002	-1.60899	-42.1764	-40.5674
BLOCK02/SES021/SA021S27	SES016	-3.72313	-44.2905	-40.5674
BLOCK02/SES021/SA021S27	SES019	-2.28167	-42.8491	-40.5674
BLOCK02/SES021/SA021S27	SES062	-1.23415	-41.8016	-40.5674
BLOCK02/SES021/SA021S29	SES087	-1.99163	-42.6839	-40.6923
BLOCK02/SES021/SA021S29	SES125	-1.03379	-41.7261	-40.6923
BLOCK02/SES021/SA021S29	SES206	-1.06517	-41.7574	-40.6923
BLOCK02/SES021/SA021S29	SES226	-0.970081	-41.6624	-40.6923
BLOCK04/SES043/SA043S09	SES083	-1.79893	-44.291	-42.4921
BLOCK04/SES043/SA043S09	SES101	-2.73546	-45.2276	-42.4921
BLOCK04/SES043/SA043S09	SES144	-0.901398	-43.3935	-42.4921
BLOCK04/SES043/SA043S09	SES172	-3.61772	-46.1098	-42.4921
BLOCK04/SES043/SA043S11	SES083	-0.809868	-42.153	-41.3431
BLOCK04/SES043/SA043S11	SES101	-1.4173	-42.7604	-41.3431
BLOCK04/SES043/SA043S11	SES144	-0.836391	-42.1795	-41.3431
BLOCK04/SES043/SA043S11	SES172	-1.61758	-42.9607	-41.3431
BLOCK04/SES043/SA043S23	SES083	-0.423233	-42.0269	-41.6036
BLOCK04/SES043/SA043S23	SES144	-0.116737	-41.7204	-41.6036
BLOCK04/SES043/SA043S23	SES177	-1.90283	-43.5065	-41.6036
BLOCK04/SES043/SA043S23	SES275	-0.607956	-42.2116	-41.6036
BLOCK04/SES043/SA043S26	SES083	-0.972546	-42.7938	-41.8213
BLOCK04/SES043/SA043S26	SES101	-1.38242	-43.2037	-41.8213
BLOCK04/SES043/SA043S26	SES144	-0.287434	-42.1087	-41.8213
BLOCK04/SES043/SA043S26	SES177	-1.05899	-42.8803	-41.8213
BLOCK04/SES043/SA043S28	SES016	-1.3448	-42.4691	-41.1243
BLOCK04/SES043/SA043S28	SES083	-0.855751	-41.98	-41.1243
BLOCK04/SES043/SA043S28	SES101	-0.848202	-41.9725	-41.1243
BLOCK04/SES043/SA043S28	SES144	-0.755787	-41.8801	-41.1243
BLOCK04/SES044/SA044S10	SES127	-2.92438	-46.7365	-43.8121
BLOCK04/SES044/SA044S10	SES144	-0.464272	-44.2764	-43.8121
BLOCK04/SES044/SA044S10	SES147	-3.4326	-47.2447	-43.8121
BLOCK04/SES044/SA044S10	SES148	-2.55444	-46.3666	-43.8121
BLOCK04/SES044/SA044S11	SES101	-2.46165	-45.4324	-42.9708
BLOCK04/SES044/SA044S11	SES144	-0.185623	-43.1564	-42.9708
BLOCK04/SES044/SA044S11	SES147	-3.21364	-46.1844	-42.9708
BLOCK04/SES044/SA044S11	SES177	-2.26237	-45.2332	-42.9708
BLOCK04/SES044/SA044S24	SES007	-2.27738	-44.7582	-42.4808
BLOCK04/SES044/SA044S24	SES101	-1.68204	-44.1628	-42.4808
BLOCK04/SES044/SA044S24	SES147	-2.28666	-44.7674	-42.4808
BLOCK04/SES044/SA044S24	SES177	-1.79836	-44.2791	-42.4808
BLOCK04/SES044/SA044S26	SES007	-1.58394	-43.9573	-42.3733
BLOCK04/SES044/SA044S26	SES016	-0.841335	-43.2147	-42.3733
BLOCK04/SES044/SA044S26	SES101	-1.00286	-43.3762	-42.3733
BLOCK04/SES044/SA044S26	SES147	-1.248	-43.6213	-42.3733
BLOCK04/SES044/SA044S29	SES007	-2.23435	-43.7409	-41.5065
BLOCK04/SES044/SA044S29	SES101	-0.801739	-42.3083	-41.5065
BLOCK04/SES044/SA044S29	SES147	-2.17306	-43.6796	-41.5065
BLOCK04/SES044/SA044S29	SES177	-1.95034	-43.4569	-41.5065
BLOCK04/SES046/SA046S13	SES101	-3.27851	-45.6389	-42.3604
BLOCK04/SES046/SA046S13	SES144	-0.716652	-43.077	-42.3604
BLOCK04/SES046/SA046S13	SES147	-3.71287	-46.0733	-42.3604
BLOCK04/SES046/SA046S13	SES177	-1.56851	-43.9289	-42.3604
BLOCK04/SES046/SA046S15	SES048	-2.35255	-43.1234	-40.7709
BLOCK04/SES046/SA046S15	SES083	-1.21568	-41.9866	-40.7709
BLOCK04/SES046/SA046S15	SES120	-2.98856	-43.7594	-40.7709
BLOCK04/SES046/SA046S15	SES148	-1.53593	-42.3068	-40.7709
BLOCK04/SES046/SA046S22	SES101	-1.04953	-43.2535	-42.204
BLOCK04/SES046/SA046S22	SES144	-1.23704	-43.441	-42.204
BLOCK04/SES046/SA046S22	SES147	-3.09075	-45.2947	-42.204
BLOCK04/SES046/SA046S22	SES172	-1.20638	-43.4103	-42.204
BLOCK04/SES046/SA046S25	SES083	-1.47422	-43.0641	-41.5898
BLOCK04/SES046/SA046S25	SES127	-1.41918	-43.009	-41.5898
BLOCK04/SES046/SA046S25	SES144	-1.57974	-43.1696	-41.5898
BLOCK04/SES046/SA046S25	SES148	-0.854549	-42.4444	-41.5898
BLOCK04/SES046/SA046S28	SES007	-2.98933	-45.6278	-42.6384
BLOCK04/SES046/SA046S28	SES105	-2.07052	-44.709	-42.6384
BLOCK04/SES046/SA046S28	SES147	-3.04256	-45.681	-42.6384
BLOCK04/SES046/SA046S28	SES148	-1.24456	-43.883	-42.6384
BLOCK04/SES049/SA049S16	SES104	-1.53702	-44.3309	-42.7939
BLOCK04/SES049/SA049S16	SES106	-1.37523	-44.1691	-42.7939
BLOCK04/SES049/SA049S16	SES120	-3.30579	-46.0997	-42.7939
BLOCK04/SES049/SA049S16	SES206	-1.24581	-44.0397	-42.7939
BLOCK04/SES049/SA049S18	SES099	-0.0576401	-43.9402	-43.8825
BLOCK04/SES049/SA049S18	SES104	-2.09954	-45.9821	-43.8825
BLOCK04/SES049/SA049S18	SES125	-2.52251	-46.405	-43.8825
BLOCK04/SES049/SA049S18	SES206	-1.77815	-45.6607	-43.8825
BLOCK04/SES049/SA049S25	SES087	-0.734638	-43.4306	-42.6959
BLOCK04/SES049/SA049S25	SES104	-0.929459	-43.6254	-42.6959
BLOCK04/SES049/SA049S25	SES125	-1.23912	-43.9351	-42.6959
BLOCK04/SES049/SA049S25	SES206	-0.390366	-43.0863	-42.6959
BLOCK04/SES049/SA049S27	SES099	-0.58083	-42.6383	-42.0575
BLOCK04/SES049/SA049S27	SES104	-0.247639	-42.3051	-42.0575
BLOCK04/SES049/SA049S27	SES125	-1.12819	-43.1856	-42.0575
BLOCK04/SES049/SA049S27	SES206	-0.914749	-42.9722	-42.0575
BLOCK04/SES049/SA049S29	SES099	0.388645	-40.7835	-41.1721
BLOCK04/SES049/SA049S29	SES104	0.0273476	-41.1448	-41.1721
BLOCK04/SES049/SA049S29	SES125	-0.635952	-41.8081	-41.1721
BLOCK04/SES049/SA049S29	SES206	-0.115372	-41.2875	-41.1721
BLOCK06/SES063/SA063S09	SES068	-1.65075	-43.3921	-41.7413
BLOCK06/SES063/SA063S09	SES083	-0.485657	-42.227	-41.7413
BLOCK06/SES063/SA063S09	SES177	-1.15121	-42.8925	-41.7413
BLOCK06/SES063/SA063S09	SES187	-1.40806	-43.1494	-41.7413
BLOCK06/SES063/SA063S10	SES068	-1.74452	-43.9216	-42.1771
BLOCK06/SES063/SA063S10	SES083	-0.621975	-42.7991	-42.1771
BLOCK06/SES063/SA063S10	SES172	-0.759319	-42.9364	-42.1771
BLOCK06/SES063/SA063S10	SES187	-1.07595	-43.253	-42.1771
BLOCK06/SES063/SA063S20	SES068	-1.94925	-43.8445	-41.8953
BLOCK06/SES063/SA063S20	SES083	-1.1237	-43.019	-41.8953
BLOCK06/SES063/SA063S20	SES172	-1.23476	-43.1301	-41.8953
BLOCK06/SES063/SA063S20	SES187	-0.599388	-42.4947	-41.8953
BLOCK06/SES063/SA063S24	SES029	-3.12339	-44.4708	-41.3474
BLOCK06/SES063/SA063S24	SES083	-0.479126	-41.8265	-41.3474
BLOCK06/SES063/SA063S24	SES177	-1.11145	-42.4588	-41.3474
BLOCK06/SES063/SA063S24	SES189	-1.07612	-42.4235	-41.3474
BLOCK06/SES063/SA063S27	SES083	-0.117146	-42.5463	-42.4292
BLOCK06/SES063/SA063S27	SES172	-0.320557	-42.7497	-42.4292
BLOCK06/SES063/SA063S27	SES187	-1.64386	-44.0731	-42.4292
BLOCK06/SES063/SA063S27	SES292	-1.74948	-44.1787	-42.4292
BLOCK06/SES067/SA067S12	SES083	-1.87855	-43.5275	-41.6489
BLOCK06/SES067/SA067S12	SES172	-2.41307	-44.062	-41.6489
BLOCK06/SES067/SA067S12	SES202	-0.364986	-42.0139	-41.6489
BLOCK06/SES067/SA067S12	SES292	-1.04189	-42.6908	-41.6489
BLOCK06/SES067/SA067S14	SES085	-1.37193	-42.4433	-41.0714
BLOCK06/SES067/SA067S14	SES177	-1.68841	-42.7598	-41.0714
BLOCK06/SES067/SA067S14	SES183	-1.2699	-42.3413	-41.0714
BLOCK06/SES067/SA067S14	SES202	-0.573093	-41.6445	-41.0714
BLOCK06/SES067/SA067S21	SES144	-1.46131	-43.705	-42.2437
BLOCK06/SES067/SA067S21	SES177	-0.728092	-42.9718	-42.2437
BLOCK06/SES067/SA067S21	SES183	-3.09986	-45.3435	-42.2437
BLOCK06/SES067/SA067S21	SES189	-0.680733	-42.9244	-42.2437
BLOCK06/SES067/SA067S25	SES085	-1.43518	-43.115	-41.6798
BLOCK06/SES067/SA067S25	SES177	-1.41189	-43.0917	-41.6798
BLOCK06/SES067/SA067S25	SES183	-1.25318	-42.933	-41.6798
BLOCK06/SES067/SA067S25	SES202	-0.569801	-42.2496	-41.6798
BLOCK06/SES067/SA067S29	SES085	-1.01398	-42.6768	-41.6628
BLOCK06/SES067/SA067S29	SES177	-1.87977	-43.5425	-41.6628
BLOCK06/SES067/SA067S29	SES183	-1.13086	-42.7936	-41.6628
BLOCK06/SES067/SA067S29	SES202	-0.0595016	-41.7223	-41.6628
BLOCK06/SES069/SA069S12	SES029	-2.01206	-43.5527	-41.5406
BLOCK06/SES069/SA069S12	SES082	-0.848923	-42.3895	-41.5406
BLOCK06/SES069/SA069S12	SES087	-1.82582	-43.3665	-41.5406
BLOCK06/SES069/SA069S12	SES206	-1.2049	-42.7455	-41.5406
BLOCK06/SES069/SA069S13	SES029	-2.7483	-44.1356	-41.3873
BLOCK06/SES069/SA069S13	SES087	-2.67244	-44.0597	-41.3873
BLOCK06/SES069/SA069S13	SES206	-2.61184	-43.9991	-41.3873
BLOCK06/SES069/SA069S13	SES226	-1.49013	-42.8774	-41.3873
BLOCK06/SES069/SA069S23	SES029	-1.58328	-41.7131	-40.1298
BLOCK06/SES069/SA069S23	SES087	-2.84319	-42.973	-40.1298
BLOCK06/SES069/SA069S23	SES206	-2.36538	-42.4952	-40.1298
BLOCK06/SES069/SA069S23	SES226	-1.01181	-41.1416	-40.1298
BLOCK06/SES069/SA069S25	SES087	-1.83284	-42.4926	-40.6598
BLOCK06/SES069/SA069S25	SES206	-2.36558	-43.0253	-40.6598
BLOCK06/SES069/SA069S25	SES226	-0.771812	-41.4316	-40.6598
BLOCK06/SES069/SA069S25	SES270	-0.950161	-41.6099	-40.6598
BLOCK06/SES069/SA069S27	SES087	-2.24142	-43.1095	-40.8681
BLOCK06/SES069/SA069S27	SES206	-0.73473	-41.6028	-40.8681
BLOCK06/SES069/SA069S27	SES226	-0.214664	-41.0827	-40.8681
BLOCK06/SES069/SA069S27	SES270	-0.742302	-41.6104	-40.8681
BLOCK08/SES081/SA081S11	SES060	-1.27345	-42.6616	-41.3882
BLOCK08/SES081/SA081S11	SES062	-3.07427	-44.4624	-41.3882
BLOCK08/SES081/SA081S11	SES117	-2.99337	-44.3815	-41.3882
BLOCK08/SES081/SA081S11	SES162	-2.0274	-43.4156	-41.3882
BLOCK08/SES081/SA081S13	SES016	-1.4673	-42.1361	-40.6688
BLOCK08/SES081/SA081S13	SES060	-0.427391	-41.0962	-40.6688
BLOCK08/SES081/SA081S13	SES068	-0.538319	-41.2071	-40.6688
BLOCK08/SES081/SA081S13	SES129	-1.56119	-42.23	-40.6688
BLOCK08/SES081/SA081S24	SES060	-0.957546	-41.8029	-40.8454
BLOCK08/SES081/SA081S24	SES068	-0.284527	-41.1299	-40.8454
BLOCK08/SES081/SA081S24	SES117	-2.30213	-43.1475	-40.8454
BLOCK08/SES081/SA081S24	SES275	-1.57718	-42.4225	-40.8454
BLOCK08/SES081/SA081S27	SES007	-1.18926	-42.5367	-41.3474
BLOCK08/SES081/SA081S27	SES060	-1.57556	-42.923	-41.3474
BLOCK08/SES081/SA081S27	SES117	-1.1155	-42.4629	-41.3474
BLOCK08/SES081/SA081S27	SES275	-1.22153	-42.569	-41.3474
BLOCK08/SES081/SA081S29	SES007	-0.994072	-41.7968	-40.8027
BLOCK08/SES081/SA081S29	SES060	-1.21832	-42.0211	-40.8027
BLOCK08/SES081/SA081S29	SES117	-1.7089	-42.5116	-40.8027
BLOCK08/SES081/SA081S29	SES275	-1.54031	-42.343	-40.8027
BLOCK08/SES086/SA086S11	SES029	-4.48703	-47.935	-43.4479
BLOCK08/SES086/SA086S11	SES082	-1.42026	-44.8682	-43.4479
BLOCK08/SES086/SA086S11	SES087	-0.720299	-44.1682	-43.4479
BLOCK08/SES086/SA086S11	SES206	-1.60507	-45.053	-43.4479
BLOCK08/SES086/SA086S12	SES029	-4.58312	-47.5235	-42.9404
BLOCK08/SES086/SA086S12	SES082	-1.48182	-44.4222	-42.9404
BLOCK08/SES086/SA086S12	SES087	0.726803	-42.2136	-42.9404
BLOCK08/SES086/SA086S12	SES206	-0.672131	-43.6125	-42.9404
BLOCK08/SES086/SA086S20	SES029	-3.98549	-45.4441	-41.4586
BLOCK08/SES086/SA086S20	SES082	-1.54037	-42.999	-41.4586
BLOCK08/SES086/SA086S20	SES087	0.506138	-40.9525	-41.4586
BLOCK08/SES086/SA086S20	SES206	-0.277081	-41.7357	-41.4586
BLOCK08/SES086/SA086S24	SES087	0.155209	-42.4848	-42.64
BLOCK08/SES086/SA086S24	SES104	-1.52749	-44.1675	-42.64
BLOCK08/SES086/SA086S24	SES120	-4.19925	-46.8393	-42.64
BLOCK08/SES086/SA086S24	SES206	0.0802345	-42.5598	-42.64
BLOCK08/SES086/SA086S28	SES029	-3.31866	-44.7422	-41.4236
BLOCK08/SES086/SA086S28	SES082	-1.45539	-42.879	-41.4236
BLOCK08/SES086/SA086S28	SES087	0.0938377	-41.3297	-41.4236
BLOCK08/SES086/SA086S28	SES206	-0.459267	-41.8828	-41.4236
BLOCK08/SES089/SA089S13	SES087	-2.55902	-44.7167	-42.1577
BLOCK08/SES089/SA089S13	SES206	-2.21264	-44.3703	-42.1577
BLOCK08/SES089/SA089S13	SES226	-1.53926	-43.6969	-42.1577
BLOCK08/SES089/SA089S13	SES270	-2.31989	-44.4776	-42.1577
BLOCK08/SES089/SA089S14	SES062	-2.01111	-44.0206	-42.0095
BLOCK08/SES089/SA089S14	SES087	-0.187946	-42.1975	-42.0095
BLOCK08/SES089/SA089S14	SES206	-0.377865	-42.3874	-42.0095
BLOCK08/SES089/SA089S14	SES226	-0.480217	-42.4897	-42.0095
BLOCK08/SES089/SA089S23	SES087	-1.44098	-44.2454	-42.8045
BLOCK08/SES089/SA089S23	SES206	-1.38603	-44.1905	-42.8045
BLOCK08/SES089/SA089S23	SES226	-1.33388	-44.1383	-42.8045
BLOCK08/SES089/SA089S23	SES270	-1.64787	-44.4523	-42.8045
BLOCK08/SES089/SA089S25	SES062	-3.02262	-45.0328	-42.0102
BLOCK08/SES089/SA089S25	SES087	-0.557766	-42.5679	-42.0102
BLOCK08/SES089/SA089S25	SES206	-1.03454	-43.0447	-42.0102
BLOCK08/SES089/SA089S25	SES226	-0.690495	-42.7007	-42.0102
BLOCK08/SES089/SA089S28	SES062	-2.18781	-44.0286	-41.8408
BLOCK08/SES089/SA089S28	SES087	-0.944096	-42.7849	-41.8408
BLOCK08/SES089/SA089S28	SES206	-0.870102	-42.7109	-41.8408
BLOCK08/SES089/SA089S28	SES226	-0.710457	-42.5512	-41.8408
BLOCK09/SES097/SA097S11	SES099	-0.0193291	-42.4179	-42.3986
BLOCK09/SES097/SA097S11	SES125	-1.70517	-44.1037	-42.3986
BLOCK09/SES097/SA097S11	SES206	-1.18636	-43.5849	-42.3986
BLOCK09/SES097/SA097S11	SES226	-0.370865	-42.7694	-42.3986
BLOCK09/SES097/SA097S14	SES062	-2.29916	-44.4731	-42.174
BLOCK09/SES097/SA097S14	SES099	-0.741089	-42.9151	-42.174
BLOCK09/SES097/SA097S14	SES104	-1.50674	-43.6807	-42.174
BLOCK09/SES097/SA097S14	SES206	-1.05554	-43.2295	-42.174
BLOCK09/SES097/SA097S22	SES099	0.45771	-41.9051	-42.3628
BLOCK09/SES097/SA097S22	SES206	-0.937397	-43.3002	-42.3628
BLOCK09/SES097/SA097S22	SES226	-0.896095	-43.2589	-42.3628
BLOCK09/SES097/SA097S22	SES270	0.562763	-41.8	-42.3628
BLOCK09/SES097/SA097S26	SES099	0.196022	-41.7617	-41.9577
BLOCK09/SES097/SA097S26	SES120	-2.96858	-44.9263	-41.9577
BLOCK09/SES097/SA097S26	SES206	-0.773422	-42.7311	-41.9577
BLOCK09/SES097/SA097S26	SES226	-1.40468	-43.3624	-41.9577
BLOCK09/SES097/SA097S28	SES099	-0.712509	-42.7688	-42.0563
BLOCK09/SES097/SA097S28	SES120	-2.85543	-44.9117	-42.0563
BLOCK09/SES097/SA097S28	SES206	-2.13305	-44.1894	-42.0563
BLOCK09/SES097/SA097S28	SES226	-1.68945	-43.7458	-42.0563
BLOCK09/SES098/SA098S11	SES127	-1.85612	-44.6761	-42.82
BLOCK09/SES098/SA098S11	SES144	-1.06195	-43.882	-42.82
BLOCK09/SES098/SA098S11	SES147	-1.25381	-44.0738	-42.82
BLOCK09/SES098/SA098S11	SES148	-2.70389	-45.5239	-42.82
BLOCK09/SES098/SA098S12	SES127	-3.1883	-47.2538	-44.0655
BLOCK09/SES098/SA098S12	SES144	-1.21456	-45.2801	-44.0655
BLOCK09/SES098/SA098S12	SES147	-2.51576	-46.5813	-44.0655
BLOCK09/SES098/SA098S12	SES189	-0.993362	-45.0589	-44.0655
BLOCK09/SES098/SA098S20	SES127	-2.94816	-45.864	-42.9158
BLOCK09/SES098/SA098S20	SES147	-2.64441	-45.5603	-42.9158
BLOCK09/SES098/SA098S20	SES148	-3.05606	-45.9719	-42.9158
BLOCK09/SES098/SA098S20	SES292	-2.63456	-45.5504	-42.9158
BLOCK09/SES098/SA098S23	SES127	-1.59181	-44.1471	-42.5553
BLOCK09/SES098/SA098S23	SES147	-1.41894	-43.9743	-42.5553
BLOCK09/SES098/SA098S23	SES187	-1.29515	-43.8505	-42.5553
BLOCK09/SES098/SA098S23	SES292	-1.47884	-44.0342	-42.5553
BLOCK09/SES098/SA098S27	SES127	-2.21059	-45.3071	-43.0965
BLOCK09/SES098/SA098S27	SES147	-2.32377	-45.4203	-43.0965
BLOCK09/SES098/SA098S27	SES148	-3.17817	-46.2747	-43.0965
BLOCK09/SES098/SA098S27	SES292	-1.79242	-44.8889	-43.0965
BLOCK10/SES102/SA102S13	SES101	-0.88332	-43.737	-42.8537
BLOCK10/SES102/SA102S13	SES105	-1.38056	-44.2343	-42.8537
BLOCK10/SES102/SA102S13	SES120	-1.56791	-44.4216	-42.8537
BLOCK10/SES102/SA102S13	SES158	-5.76425	-48.618	-42.8537
BLOCK10/SES102/SA102S14	SES007	-0.498398	-41.6503	-41.1519
BLOCK10/SES102/SA102S14	SES101	-0.274643	-41.4265	-41.1519
BLOCK10/SES102/SA102S14	SES105	-0.666615	-41.8185	-41.1519
BLOCK10/SES102/SA102S14	SES147	-2.42104	-43.5729	-41.1519
BLOCK10/SES102/SA102S22	SES007	-1.62045	-43.1398	-41.5194
BLOCK10/SES102/SA102S22	SES101	-0.368813	-41.8882	-41.5194
BLOCK10/SES102/SA102S22	SES105	-0.674763	-42.1942	-41.5194
BLOCK10/SES102/SA102S22	SES158	-3.6908	-45.2102	-41.5194
BLOCK10/SES102/SA102S25	SES007	-1.02663	-42.6233	-41.5967
BLOCK10/SES102/SA102S25	SES101	-0.180229	-41.7769	-41.5967
BLOCK10/SES102/SA102S25	SES105	-1.10657	-42.7032	-41.5967
BLOCK10/SES102/SA102S25	SES147	-2.59635	-44.193	-41.5967
BLOCK10/SES102/SA102S27	SES007	-1.04773	-43.0082	-41.9605
BLOCK10/SES102/SA102S27	SES101	-0.539192	-42.4996	-41.9605
BLOCK10/SES102/SA102S27	SES105	-0.867958	-42.8284	-41.9605
BLOCK10/SES102/SA102S27	SES147	-2.02929	-43.9897	-41.9605
BLOCK10/SES103/SA103S14	SES105	-2.22485	-45.4832	-43.2584
BLOCK10/SES103/SA103S14	SES106	-0.682114	-43.9405	-43.2584
BLOCK10/SES103/SA103S14	SES120	-3.35685	-46.6152	-43.2584
BLOCK10/SES103/SA103S14	SES206	-1.34003	-44.5984	-43.2584
BLOCK10/SES103/SA103S15	SES099	-1.02765	-44.8087	-43.781
BLOCK10/SES103/SA103S15	SES101	-4.217	-47.998	-43.781
BLOCK10/SES103/SA103S15	SES104	-1.06972	-44.8507	-43.781
BLOCK10/SES103/SA103S15	SES125	-1.19205	-44.9731	-43.781
BLOCK10/SES103/SA103S24	SES104	-1.50103	-44.1147	-42.6136
BLOCK10/SES103/SA103S24	SES125	-1.13539	-43.749	-42.6136
BLOCK10/SES103/SA103S24	SES148	-2.86591	-45.4795	-42.6136
BLOCK10/SES103/SA103S24	SES158	-0.361156	-42.9748	-42.6136
BLOCK10/SES103/SA103S26	SES104	-1.67314	-44.74	-43.0669
BLOCK10/SES103/SA103S26	SES106	-0.895916	-43.9628	-43.0669
BLOCK10/SES103/SA103S26	SES125	-1.09159	-44.1585	-43.0669
BLOCK10/SES103/SA103S26	SES148	-3.70225	-46.7691	-43.0669
BLOCK10/SES103/SA103S28	SES104	-2.31635	-45.4966	-43.1802
BLOCK10/SES103/SA103S28	SES106	-1.36755	-44.5478	-43.1802
BLOCK10/SES103/SA103S28	SES125	-2.15371	-45.3339	-43.1802
BLOCK10/SES103/SA103S28	SES206	-2.414	-45.5942	-43.1802
BLOCK12/SES121/SA121S12	SES042	-1.85377	-45.7133	-43.8595
BLOCK12/SES121/SA121S12	SES087	-1.49583	-45.3553	-43.8595
BLOCK12/SES121/SA121S12	SES105	-1.72605	-45.5855	-43.8595
BLOCK12/SES121/SA121S12	SES206	-1.26614	-45.1256	-43.8595
BLOCK12/SES121/SA121S14	SES007	-3.09193	-47.5258	-44.4339
BLOCK12/SES121/SA121S14	SES105	-2.37673	-46.8106	-44.4339
BLOCK12/SES121/SA121S14	SES106	-1.58422	-46.0181	-44.4339
BLOCK12/SES121/SA121S14	SES206	-1.45285	-45.8867	-44.4339
BLOCK12/SES121/SA121S23	SES105	-2.67587	-47.1512	-44.4753
BLOCK12/SES121/SA121S23	SES106	-1.28606	-45.7613	-44.4753
BLOCK12/SES121/SA121S23	SES120	-3.47175	-47.947	-44.4753
BLOCK12/SES121/SA121S23	SES206	-1.11648	-45.5918	-44.4753
BLOCK12/SES121/SA121S25	SES007	-2.61503	-47.8409	-45.2259
BLOCK12/SES121/SA121S25	SES105	-2.51312	-47.739	-45.2259
BLOCK12/SES121/SA121S25	SES106	-1.70514	-46.931	-45.2259
BLOCK12/SES121/SA121S25	SES206	-1.46763	-46.6935	-45.2259
BLOCK12/SES121/SA121S27	SES087	-0.331287	-44.1205	-43.7892
BLOCK12/SES121/SA121S27	SES105	-4.11148	-47.9007	-43.7892
BLOCK12/SES121/SA121S27	SES120	-2.65208	-46.4413	-43.7892
BLOCK12/SES121/SA121S27	SES206	-0.663746	-44.4529	-43.7892
BLOCK12/SES124/SA124S16	SES042	-0.361317	-41.9655	-41.6042
BLOCK12/SES124/SA124S16	SES082	-0.444344	-42.0486	-41.6042
BLOCK12/SES124/SA124S16	SES183	-4.09155	-45.6958	-41.6042
BLOCK12/SES124/SA124S16	SES206	-0.694584	-42.2988	-41.6042
BLOCK12/SES124/SA124S17	SES105	-3.00006	-45.7288	-42.7287
BLOCK12/SES124/SA124S17	SES149	-1.8953	-44.624	-42.7287
BLOCK12/SES124/SA124S17	SES158	-2.73241	-45.4611	-42.7287
BLOCK12/SES124/SA124S17	SES275	-4.08493	-46.8137	-42.7287
BLOCK12/SES124/SA124S23	SES105	-2.6048	-42.8315	-40.2267
BLOCK12/SES124/SA124S23	SES125	0.136322	-40.0904	-40.2267
BLOCK12/SES124/SA124S23	SES129	-4.7533	-44.98	-40.2267
BLOCK12/SES124/SA124S23	SES158	-0.970264	-41.1969	-40.2267
BLOCK12/SES124/SA124S26	SES105	-3.05163	-44.3595	-41.3079
BLOCK12/SES124/SA124S26	SES125	0.00886917	-41.299	-41.3079
BLOCK12/SES124/SA124S26	SES129	-5.19162	-46.4995	-41.3079
BLOCK12/SES124/SA124S26	SES158	-1.36646	-42.6744	-41.3079
BLOCK12/SES124/SA124S28	SES104	-0.485462	-41.5983	-41.1128
BLOCK12/SES124/SA124S28	SES106	-0.447456	-41.5603	-41.1128
BLOCK12/SES124/SA124S28	SES125	-0.248035	-41.3609	-41.1128
BLOCK12/SES124/SA124S28	SES275	-3.41207	-44.5249	-41.1128
BLOCK12/SES126/SA126S13	SES007	-1.9645	-45.0581	-43.0936
BLOCK12/SES126/SA126S13	SES162	-2.25056	-45.3441	-43.0936
BLOCK12/SES126/SA126S13	SES177	-1.60143	-44.695	-43.0936
BLOCK12/SES126/SA126S13	SES180	-2.24235	-45.3359	-43.0936
BLOCK12/SES126/SA126S14	SES144	-0.75193	-42.3807	-41.6288
BLOCK12/SES126/SA126S14	SES148	-1.55802	-43.1868	-41.6288
BLOCK12/SES126/SA126S14	SES177	-0.638077	-42.2668	-41.6288
BLOCK12/SES126/SA126S14	SES180	-1.84739	-43.4762	-41.6288
BLOCK12/SES126/SA126S20	SES007	-2.08401	-44.0115	-41.9275
BLOCK12/SES126/SA126S20	SES162	-2.09565	-44.0231	-41.9275
BLOCK12/SES126/SA126S20	SES172	-3.56299	-45.4905	-41.9275
BLOCK12/SES126/SA126S20	SES180	-2.7742	-44.7017	-41.9275
BLOCK12/SES126/SA126S24	SES120	-1.6167	-43.2194	-41.6026
BLOCK12/SES126/SA126S24	SES162	-1.90795	-43.5106	-41.6026
BLOCK12/SES126/SA126S24	SES177	-0.95385	-42.5565	-41.6026
BLOCK12/SES126/SA126S24	SES180	-1.04213	-42.6448	-41.6026
BLOCK12/SES126/SA126S26	SES120	-1.13122	-43.6731	-42.5419
BLOCK12/SES126/SA126S26	SES177	-1.03847	-43.5803	-42.5419
BLOCK12/SES126/SA126S26	SES180	-1.62827	-44.1701	-42.5419
BLOCK12/SES126/SA126S26	SES202	-1.81395	-44.3558	-42.5419
BLOCK12/SES128/SA128S10	SES087	-2.49748	-44.3703	-41.8729
BLOCK12/SES128/SA128S10	SES206	-1.42738	-43.3002	-41.8729
BLOCK12/SES128/SA128S10	SES226	-0.628902	-42.5018	-41.8729
BLOCK12/SES128/SA128S10	SES270	-0.583771	-42.4566	-41.8729
BLOCK12/SES128/SA128S12	SES120	-2.76112	-44.605	-41.8439
BLOCK12/SES128/SA128S12	SES158	-1.36888	-43.2128	-41.8439
BLOCK12/SES128/SA128S12	SES206	-1.20939	-43.0533	-41.8439
BLOCK12/SES128/SA128S12	SES226	-1.05288	-42.8968	-41.8439
BLOCK12/SES128/SA128S21	SES106	-3.59946	-46.6118	-43.0123
BLOCK12/SES128/SA128S21	SES120	-2.21104	-45.2233	-43.0123
BLOCK12/SES128/SA128S21	SES206	-3.08193	-46.0942	-43.0123
BLOCK12/SES128/SA128S21	SES226	-2.57108	-45.5834	-43.0123
BLOCK12/SES128/SA128S24	SES087	-3.07271	-45.6733	-42.6006
BLOCK12/SES128/SA128S24	SES120	-1.05082	-43.6514	-42.6006
BLOCK12/SES128/SA128S24	SES206	-2.08777	-44.6883	-42.6006
BLOCK12/SES128/SA128S24	SES226	-1.8173	-44.4179	-42.6006
BLOCK12/SES128/SA128S27	SES099	-1.46897	-43.2532	-41.7842
BLOCK12/SES128/SA128S27	SES120	-1.40767	-43.1919	-41.7842
BLOCK12/SES128/SA128S27	SES206	-1.45366	-43.2379	-41.7842
BLOCK12/SES128/SA128S27	SES226	-0.890869	-42.6751	-41.7842
BLOCK13/SES130/SA130S13	SES143	-2.14733	-45.6125	-43.4652
BLOCK13/SES130/SA130S13	SES144	-0.632607	-44.0978	-43.4652
BLOCK13/SES130/SA130S13	SES146	-0.991405	-44.4566	-43.4652
BLOCK13/SES130/SA130S13	SES275	-3.00634	-46.4715	-43.4652
BLOCK13/SES130/SA130S15	SES143	-1.94254	-44.0672	-42.1246
BLOCK13/SES130/SA130S15	SES144	-0.912029	-43.0366	-42.1246
BLOCK13/SES130/SA130S15	SES146	-0.593533	-42.7181	-42.1246
BLOCK13/SES130/SA130S15	SES275	-1.29484	-43.4194	-42.1246
BLOCK13/SES130/SA130S23	SES127	-1.66967	-45.3322	-43.6625
BLOCK13/SES130/SA130S23	SES144	-1.5555	-45.218	-43.6625
BLOCK13/SES130/SA130S23	SES146	-0.672981	-44.3355	-43.6625
BLOCK13/SES130/SA130S23	SES162	-1.03684	-44.6993	-43.6625
BLOCK13/SES130/SA130S25	SES127	-1.18928	-43.0561	-41.8668
BLOCK13/SES130/SA130S25	SES144	-0.533726	-42.4005	-41.8668
BLOCK13/SES130/SA130S25	SES146	-0.862991	-42.7298	-41.8668
BLOCK13/SES130/SA130S25	SES275	-1.16745	-43.0342	-41.8668
BLOCK13/SES130/SA130S28	SES127	-1.00811	-43.0785	-42.0704
BLOCK13/SES130/SA130S28	SES144	-0.737278	-42.8076	-42.0704
BLOCK13/SES130/SA130S28	SES146	-0.744518	-42.8149	-42.0704
BLOCK13/SES130/SA130S28	SES275	-0.603905	-42.6743	-42.0704
BLOCK13/SES131/SA131S13	SES002	-2.19981	-46.3742	-44.1744
BLOCK13/SES131/SA131S13	SES007	-3.90715	-48.0815	-44.1744
BLOCK13/SES131/SA131S13	SES099	-1.70655	-45.8809	-44.1744
BLOCK13/SES131/SA131S13	SES105	-2.25777	-46.4322	-44.1744
BLOCK13/SES131/SA131S14	SES104	-0.703762	-43.0365	-42.3328
BLOCK13/SES131/SA131S14	SES106	-0.530823	-42.8636	-42.3328
BLOCK13/SES131/SA131S14	SES125	-1.60605	-43.9388	-42.3328
BLOCK13/SES131/SA131S14	SES148	-2.83644	-45.1692	-42.3328
BLOCK13/SES131/SA131S20	SES104	-1.70043	-45.1237	-43.4232
BLOCK13/SES131/SA131S20	SES106	-0.507145	-43.9304	-43.4232
BLOCK13/SES131/SA131S20	SES125	-1.42295	-44.8462	-43.4232
BLOCK13/SES131/SA131S20	SES148	-3.7953	-47.2185	-43.4232
BLOCK13/SES131/SA131S22	SES099	-0.838753	-43.4773	-42.6386
BLOCK13/SES131/SA131S22	SES104	-1.26109	-43.8997	-42.6386
BLOCK13/SES131/SA131S22	SES125	-1.06032	-43.6989	-42.6386
BLOCK13/SES131/SA131S22	SES206	-1.34699	-43.9856	-42.6386
BLOCK13/SES131/SA131S29	SES087	-1.07373	-44.45	-43.3763
BLOCK13/SES131/SA131S29	SES104	-1.95717	-45.3334	-43.3763
BLOCK13/SES131/SA131S29	SES125	-1.83892	-45.2152	-43.3763
BLOCK13/SES131/SA131S29	SES206	-1.55161	-44.9279	-43.3763
BLOCK13/SES132/SA132S11	SES083	-2.06879	-43.6343	-41.5656
BLOCK13/SES132/SA132S11	SES120	-0.0429611	-41.6085	-41.5656
BLOCK13/SES132/SA132S11	SES127	-1.0366	-42.6022	-41.5656
BLOCK13/SES132/SA132S11	SES275	-1.06355	-42.6291	-41.5656
BLOCK13/SES132/SA132S12	SES083	-1.61357	-42.8973	-41.2837
BLOCK13/SES132/SA132S12	SES143	-1.39506	-42.6788	-41.2837
BLOCK13/SES132/SA132S12	SES144	-1.37571	-42.6594	-41.2837
BLOCK13/SES132/SA132S12	SES148	-0.935551	-42.2193	-41.2837
BLOCK13/SES132/SA132S22	SES062	-0.30912	-41.7032	-41.3941
BLOCK13/SES132/SA132S22	SES083	-1.22462	-42.6187	-41.3941
BLOCK13/SES132/SA132S22	SES127	-1.01283	-42.4069	-41.3941
BLOCK13/SES132/SA132S22	SES275	-0.740795	-42.1349	-41.3941
BLOCK13/SES132/SA132S24	SES007	-0.347107	-41.5065	-41.1594
BLOCK13/SES132/SA132S24	SES083	-1.79014	-42.9496	-41.1594
BLOCK13/SES132/SA132S24	SES127	-1.613	-42.7724	-41.1594
BLOCK13/SES132/SA132S24	SES275	-0.534077	-41.6935	-41.1594
BLOCK13/SES132/SA132S27	SES083	-2.55533	-44.3423	-41.7869
BLOCK13/SES132/SA132S27	SES120	-0.286308	-42.0732	-41.7869
BLOCK13/SES132/SA132S27	SES127	-1.71106	-43.498	-41.7869
BLOCK13/SES132/SA132S27	SES275	-1.47541	-43.2623	-41.7869
BLOCK14/SES141/SA141S09	SES143	-1.10465	-42.9347	-41.83
BLOCK14/SES141/SA141S09	SES144	-0.866985	-42.697	-41.83
BLOCK14/SES141/SA141S09	SES162	-1.3754	-43.2054	-41.83
BLOCK14/SES141/SA141S09	SES180	-1.3779	-43.2079	-41.83
BLOCK14/SES141/SA141S15	SES127	-1.3294	-43.025	-41.6956
BLOCK14/SES141/SA141S15	SES144	-1.19154	-42.8872	-41.6956
BLOCK14/SES141/SA141S15	SES162	-1.25084	-42.9465	-41.6956
BLOCK14/SES141/SA141S15	SES180	-1.0211	-42.7167	-41.6956
BLOCK14/SES141/SA141S24	SES127	-0.840061	-42.062	-41.2219
BLOCK14/SES141/SA141S24	SES144	-1.01243	-42.2344	-41.2219
BLOCK14/SES141/SA141S24	SES162	-1.18704	-42.409	-41.2219
BLOCK14/SES141/SA141S24	SES183	-1.7671	-42.989	-41.2219
BLOCK14/SES141/SA141S26	SES142	-1.69913	-43.9928	-42.2937
BLOCK14/SES141/SA141S26	SES144	-1.02501	-43.3187	-42.2937
BLOCK14/SES141/SA141S26	SES172	-2.35569	-44.6494	-42.2937
BLOCK14/SES141/SA141S26	SES180	-1.54842	-43.8421	-42.2937
BLOCK14/SES141/SA141S29	SES127	-0.361145	-41.693	-41.3318
BLOCK14/SES141/SA141S29	SES142	-0.131432	-41.4633	-41.3318
BLOCK14/SES141/SA141S29	SES144	-0.822113	-42.1539	-41.3318
BLOCK14/SES141/SA141S29	SES180	-0.537834	-41.8697	-41.3318
BLOCK15/SES157/SA157S08	SES083	-2.89127	-45.1598	-42.2685
BLOCK15/SES157/SA157S08	SES127	-1.14471	-43.4132	-42.2685
BLOCK15/SES157/SA157S08	SES148	-1.2284	-43.4969	-42.2685
BLOCK15/SES157/SA157S08	SES292	-2.07734	-44.3458	-42.2685
BLOCK15/SES157/SA157S11	SES083	-2.12814	-44.2587	-42.1306
BLOCK15/SES157/SA157S11	SES127	-1.41664	-43.5472	-42.1306
BLOCK15/SES157/SA157S11	SES148	-1.27492	-43.4055	-42.1306
BLOCK15/SES157/SA157S11	SES292	-1.8917	-44.0223	-42.1306
BLOCK15/SES157/SA157S21	SES127	-1.72192	-43.2894	-41.5675
BLOCK15/SES157/SA157S21	SES148	-1.28916	-42.8566	-41.5675
BLOCK15/SES157/SA157S21	SES158	-4.98317	-46.5506	-41.5675
BLOCK15/SES157/SA157S21	SES292	-1.69422	-43.2617	-41.5675
BLOCK15/SES157/SA157S24	SES127	-0.92284	-42.9322	-42.0093
BLOCK15/SES157/SA157S24	SES148	-1.46085	-43.4702	-42.0093
BLOCK15/SES157/SA157S24	SES183	-1.71648	-43.7258	-42.0093
BLOCK15/SES157/SA157S24	SES292	-2.19751	-44.2068	-42.0093
BLOCK15/SES157/SA157S26	SES007	-0.637558	-42.0576	-41.42
BLOCK15/SES157/SA157S26	SES127	-0.740532	-42.1605	-41.42
BLOCK15/SES157/SA157S26	SES147	-3.81245	-45.2325	-41.42
BLOCK15/SES157/SA157S26	SES148	-1.41065	-42.8307	-41.42
BLOCK16/SES161/SA161S10	SES007	-2.41575	-45.6246	-43.2089
BLOCK16/SES161/SA161S10	SES105	-1.77976	-44.9886	-43.2089
BLOCK16/SES161/SA161S10	SES158	-1.94466	-45.1535	-43.2089
BLOCK16/SES161/SA161S10	SES275	-2.34951	-45.5584	-43.2089
BLOCK16/SES161/SA161S12	SES007	-1.79876	-44.6351	-42.8364
BLOCK16/SES161/SA161S12	SES105	-2.18849	-45.0249	-42.8364
BLOCK16/SES161/SA161S12	SES158	-1.2918	-44.1282	-42.8364
BLOCK16/SES161/SA161S12	SES275	-1.85686	-44.6932	-42.8364
BLOCK16/SES161/SA161S20	SES007	-2.63624	-46.4851	-43.8488
BLOCK16/SES161/SA161S20	SES105	-2.65659	-46.5054	-43.8488
BLOCK16/SES161/SA161S20	SES158	-1.58654	-45.4354	-43.8488
BLOCK16/SES161/SA161S20	SES275	-3.3476	-47.1964	-43.8488
BLOCK16/SES161/SA161S23	SES007	-2.01993	-44.5217	-42.5018
BLOCK16/SES161/SA161S23	SES105	-1.3503	-43.8521	-42.5018
BLOCK16/SES161/SA161S23	SES148	-2.04641	-44.5482	-42.5018
BLOCK16/SES161/SA161S23	SES158	-0.915707	-43.4175	-42.5018
BLOCK16/SES161/SA161S28	SES007	-2.8347	-45.6699	-42.8352
BLOCK16/SES161/SA161S28	SES105	-2.75325	-45.5884	-42.8352
BLOCK16/SES161/SA161S28	SES158	-1.19273	-44.0279	-42.8352
BLOCK16/SES161/SA161S28	SES206	-1.31048	-44.1456	-42.8352
BLOCK16/SES164/SA164S11	SES104	-1.80793	-43.4793	-41.6714
BLOCK16/SES164/SA164S11	SES125	-0.663307	-42.3347	-41.6714
BLOCK16/SES164/SA164S11	SES158	-0.453209	-42.1246	-41.6714
BLOCK16/SES164/SA164S11	SES206	-1.61423	-43.2856	-41.6714
BLOCK16/SES164/SA164S13	SES099	-1.14904	-44.0633	-42.9142
BLOCK16/SES164/SA164S13	SES104	-1.4344	-44.3486	-42.9142
BLOCK16/SES164/SA164S13	SES125	-1.6777	-44.5919	-42.9142
BLOCK16/SES164/SA164S13	SES206	-1.69491	-44.6092	-42.9142
BLOCK16/SES164/SA164S24	SES002	-0.210114	-42.6177	-42.4076
BLOCK16/SES164/SA164S24	SES099	-0.417423	-42.825	-42.4076
BLOCK16/SES164/SA164S24	SES125	-1.37614	-43.7837	-42.4076
BLOCK16/SES164/SA164S24	SES226	-0.442398	-42.85	-42.4076
BLOCK16/SES164/SA164S27	SES087	-2.11739	-44.8219	-42.7045
BLOCK16/SES164/SA164S27	SES125	-1.27808	-43.9825	-42.7045
BLOCK16/SES164/SA164S27	SES206	-1.16035	-43.8648	-42.7045
BLOCK16/SES164/SA164S27	SES226	-0.794708	-43.4992	-42.7045
BLOCK16/SES164/SA164S29	SES002	0.0962067	-42.4003	-42.4965
BLOCK16/SES164/SA164S29	SES019	-1.25224	-43.7487	-42.4965
BLOCK16/SES164/SA164S29	SES125	-0.912819	-43.4093	-42.4965
BLOCK16/SES164/SA164S29	SES226	-0.808449	-43.3049	-42.4965
BLOCK16/SES169/SA169S13	SES117	-1.2781	-43.3796	-42.1016
BLOCK16/SES169/SA169S13	SES144	-1.22849	-43.33	-42.1016
BLOCK16/SES169/SA169S13	SES146	-1.45451	-43.5561	-42.1016
BLOCK16/SES169/SA169S13	SES162	-1.23671	-43.3383	-42.1016
BLOCK16/SES169/SA169S14	SES144	-1.05112	-42.182	-41.1309
BLOCK16/SES169/SA169S14	SES148	-1.00985	-42.1407	-41.1309
BLOCK16/SES169/SA169S14	SES177	-1.13297	-42.2638	-41.1309
BLOCK16/SES169/SA169S14	SES180	-1.72226	-42.8531	-41.1309
BLOCK16/SES169/SA169S24	SES117	-1.1911	-44.105	-42.9139
BLOCK16/SES169/SA169S24	SES144	-1.0268	-43.9407	-42.9139
BLOCK16/SES169/SA169S24	SES146	-1.35751	-44.2714	-42.9139
BLOCK16/SES169/SA169S24	SES162	-1.06293	-43.9769	-42.9139
BLOCK16/SES169/SA169S27	SES127	-1.12218	-43.1748	-42.0526
BLOCK16/SES169/SA169S27	SES129	-1.50204	-43.5546	-42.0526
BLOCK16/SES169/SA169S27	SES144	-1.17201	-43.2246	-42.0526
BLOCK16/SES169/SA169S27	SES146	-0.483746	-42.5363	-42.0526
BLOCK16/SES169/SA169S29	SES144	-0.647564	-41.8635	-41.2159
BLOCK16/SES169/SA169S29	SES162	-0.591404	-41.8073	-41.2159
BLOCK16/SES169/SA169S29	SES177	-1.54677	-42.7627	-41.2159
BLOCK16/SES169/SA169S29	SES180	-0.894287	-42.1102	-41.2159
BLOCK17/SES171/SA171S12	SES083	-1.50895	-44.1742	-42.6653
BLOCK17/SES171/SA171S12	SES148	-1.57545	-44.2407	-42.6653
BLOCK17/SES171/SA171S12	SES172	-1.66863	-44.3339	-42.6653
BLOCK17/SES171/SA171S12	SES292	-2.40274	-45.068	-42.6653
BLOCK17/SES171/SA171S15	SES148	-1.7245	-44.905	-43.1805
BLOCK17/SES171/SA171S15	SES177	-2.29682	-45.4773	-43.1805
BLOCK17/SES171/SA171S15	SES180	-4.28823	-47.4687	-43.1805
BLOCK17/SES171/SA171S15	SES292	-2.67094	-45.8514	-43.1805
BLOCK17/SES171/SA171S22	SES007	-1.63443	-43.6403	-42.0058
BLOCK17/SES171/SA171S22	SES148	-1.15852	-43.1644	-42.0058
BLOCK17/SES171/SA171S22	SES177	-0.840904	-42.8468	-42.0058
BLOCK17/SES171/SA171S22	SES180	-2.3641	-44.3699	-42.0058
BLOCK17/SES171/SA171S25	SES101	-2.71263	-45.5751	-42.8624
BLOCK17/SES171/SA171S25	SES120	-3.63844	-46.5009	-42.8624
BLOCK17/SES171/SA171S25	SES177	-1.28941	-44.1518	-42.8624
BLOCK17/SES171/SA171S25	SES180	-3.11966	-45.9821	-42.8624
BLOCK17/SES171/SA171S27	SES177	-1.0283	-43.2593	-42.231
BLOCK17/SES171/SA171S27	SES180	-2.94784	-45.1788	-42.231
BLOCK17/SES171/SA171S27	SES189	-0.910515	-43.1415	-42.231
BLOCK17/SES171/SA171S27	SES292	-2.41552	-44.6465	-42.231
BLOCK17/SES173/SA173S13	SES162	-2.53412	-45.7228	-43.1886
BLOCK17/SES173/SA173S13	SES177	-2.88664	-46.0753	-43.1886
BLOCK17/SES173/SA173S13	SES180	-3.14076	-46.3294	-43.1886
BLOCK17/SES173/SA173S13	SES292	-0.778992	-43.9676	-43.1886
BLOCK17/SES173/SA173S14	SES007	-2.71378	-46.1228	-43.409
BLOCK17/SES173/SA173S14	SES162	-2.20848	-45.6175	-43.409
BLOCK17/SES173/SA173S14	SES177	-1.78037	-45.1894	-43.409
BLOCK17/SES173/SA173S14	SES180	-3.01229	-46.4213	-43.409
BLOCK17/SES173/SA173S24	SES144	-1.21232	-44.9865	-43.7742
BLOCK17/SES173/SA173S24	SES162	-2.3802	-46.1544	-43.7742
BLOCK17/SES173/SA173S24	SES177	-2.33069	-46.1049	-43.7742
BLOCK17/SES173/SA173S24	SES180	-3.46164	-47.2358	-43.7742
BLOCK17/SES173/SA173S27	SES162	-2.84808	-45.9861	-43.138
BLOCK17/SES173/SA173S27	SES177	-2.10276	-45.2408	-43.138
BLOCK17/SES173/SA173S27	SES180	-3.05577	-46.1938	-43.138
BLOCK17/SES173/SA173S27	SES292	-1.38945	-44.5275	-43.138
BLOCK17/SES173/SA173S29	SES162	-2.41581	-45.4685	-43.0527
BLOCK17/SES173/SA173S29	SES175	-1.32578	-44.3784	-43.0527
BLOCK17/SES173/SA173S29	SES177	-2.39988	-45.4525	-43.0527
BLOCK17/SES173/SA173S29	SES292	-1.73981	-44.7925	-43.0527
BLOCK18/SES182/SA182S10	SES144	-0.987583	-42.7513	-41.7637
BLOCK18/SES182/SA182S10	SES177	-1.29476	-43.0585	-41.7637
BLOCK18/SES182/SA182S10	SES180	-2.23566	-43.9994	-41.7637
BLOCK18/SES182/SA182S10	SES275	-0.557388	-42.3211	-41.7637
BLOCK18/SES182/SA182S12	SES144	-0.259243	-41.9662	-41.707
BLOCK18/SES182/SA182S12	SES177	-0.972855	-42.6798	-41.707
BLOCK18/SES182/SA182S12	SES180	-1.33427	-43.0412	-41.707
BLOCK18/SES182/SA182S12	SES275	-0.545834	-42.2528	-41.707
BLOCK18/SES182/SA182S21	SES117	-1.7797	-44.4039	-42.6242
BLOCK18/SES182/SA182S21	SES144	-0.799809	-43.424	-42.6242
BLOCK18/SES182/SA182S21	SES162	-1.06799	-43.6922	-42.6242
BLOCK18/SES182/SA182S21	SES180	-1.6765	-44.3007	-42.6242
BLOCK18/SES182/SA182S23	SES117	-1.64915	-44.1314	-42.4823
BLOCK18/SES182/SA182S23	SES144	-1.21279	-43.6951	-42.4823
BLOCK18/SES182/SA182S23	SES180	-1.70773	-44.19	-42.4823
BLOCK18/SES182/SA182S23	SES275	-0.192142	-42.6744	-42.4823
BLOCK18/SES182/SA182S25	SES007	-0.073391	-42.0883	-42.0149
BLOCK18/SES182/SA182S25	SES162	-1.0086	-43.0235	-42.0149
BLOCK18/SES182/SA182S25	SES177	-0.865967	-42.8809	-42.0149
BLOCK18/SES182/SA182S25	SES180	-1.71077	-43.7257	-42.0149
BLOCK18/SES184/SA184S12	SES177	-2.16859	-44.3522	-42.1837
BLOCK18/SES184/SA184S12	SES180	-1.67526	-43.8589	-42.1837
BLOCK18/SES184/SA184S12	SES189	-1.56768	-43.7513	-42.1837
BLOCK18/SES184/SA184S12	SES292	-1.54805	-43.7317	-42.1837
BLOCK18/SES184/SA184S13	SES101	-2.56259	-44.3318	-41.7692
BLOCK18/SES184/SA184S13	SES177	-1.4174	-43.1866	-41.7692
BLOCK18/SES184/SA184S13	SES180	-1.53886	-43.3081	-41.7692
BLOCK18/SES184/SA184S13	SES292	-1.55584	-43.325	-41.7692
BLOCK18/SES184/SA184S22	SES177	-1.98795	-42.9565	-40.9685
BLOCK18/SES184/SA184S22	SES180	-1.71051	-42.679	-40.9685
BLOCK18/SES184/SA184S22	SES189	-2.87671	-43.8452	-40.9685
BLOCK18/SES184/SA184S22	SES292	-1.73953	-42.708	-40.9685
BLOCK18/SES184/SA184S25	SES101	-1.64044	-42.2499	-40.6094
BLOCK18/SES184/SA184S25	SES177	-1.8786	-42.488	-40.6094
BLOCK18/SES184/SA184S25	SES180	-1.29494	-41.9044	-40.6094
BLOCK18/SES184/SA184S25	SES292	-0.96085	-41.5703	-40.6094
BLOCK18/SES184/SA184S27	SES083	-1.32026	-42.9075	-41.5873
BLOCK18/SES184/SA184S27	SES177	-1.25253	-42.8398	-41.5873
BLOCK18/SES184/SA184S27	SES202	-1.8176	-43.4049	-41.5873
BLOCK18/SES184/SA184S27	SES292	-1.05701	-42.6443	-41.5873
BLOCK20/SES204/SA204S12	SES062	-2.13798	-43.4922	-41.3543
BLOCK20/SES204/SA204S12	SES083	-2.57841	-43.9327	-41.3543
BLOCK20/SES204/SA204S12	SES206	-0.658978	-42.0132	-41.3543
BLOCK20/SES204/SA204S12	SES226	-1.62595	-42.9802	-41.3543
BLOCK20/SES204/SA204S14	SES068	-2.03563	-42.631	-40.5954
BLOCK20/SES204/SA204S14	SES087	-0.538746	-41.1341	-40.5954
BLOCK20/SES204/SA204S14	SES206	-1.30924	-41.9046	-40.5954
BLOCK20/SES204/SA204S14	SES226	-1.91016	-42.5055	-40.5954
BLOCK20/SES204/SA204S22	SES068	-3.32699	-44.7046	-41.3776
BLOCK20/SES204/SA204S22	SES082	-3.27195	-44.6495	-41.3776
BLOCK20/SES204/SA204S22	SES083	-3.36917	-44.7467	-41.3776
BLOCK20/SES204/SA204S22	SES206	-1.35146	-42.729	-41.3776
BLOCK20/SES204/SA204S25	SES062	-2.68058	-44.4972	-41.8166
BLOCK20/SES204/SA204S25	SES083	-2.84692	-44.6635	-41.8166
BLOCK20/SES204/SA204S25	SES206	-0.560665	-42.3772	-41.8166
BLOCK20/SES204/SA204S25	SES226	-1.5894	-43.406	-41.8166
BLOCK20/SES204/SA204S27	SES068	-3.85075	-45.7166	-41.8658
BLOCK20/SES204/SA204S27	SES082	-2.11354	-43.9794	-41.8658
BLOCK20/SES204/SA204S27	SES087	-0.901886	-42.7677	-41.8658
BLOCK20/SES204/SA204S27	SES206	-0.864895	-42.7307	-41.8658
BLOCK20/SES207/SA207S10	SES127	-0.978477	-43.2359	-42.2574
BLOCK20/SES207/SA207S10	SES183	-1.54082	-43.7982	-42.2574
BLOCK20/SES207/SA207S10	SES189	-1.41052	-43.6679	-42.2574
BLOCK20/SES207/SA207S10	SES292	-1.46397	-43.7214	-42.2574
BLOCK20/SES207/SA207S11	SES127	-2.25851	-44.3433	-42.0848
BLOCK20/SES207/SA207S11	SES183	-1.95294	-44.0377	-42.0848
BLOCK20/SES207/SA207S11	SES187	-0.834576	-42.9194	-42.0848
BLOCK20/SES207/SA207S11	SES292	-1.73603	-43.8208	-42.0848
BLOCK20/SES207/SA207S25	SES068	-1.34373	-43.5707	-42.227
BLOCK20/SES207/SA207S25	SES083	-2.86008	-45.0871	-42.227
BLOCK20/SES207/SA207S25	SES127	-1.10231	-43.3293	-42.227
BLOCK20/SES207/SA207S25	SES187	-1.07434	-43.3013	-42.227
BLOCK20/SES207/SA207S27	SES127	-1.64106	-44.4522	-42.8111
BLOCK20/SES207/SA207S27	SES183	-0.873737	-43.6849	-42.8111
BLOCK20/SES207/SA207S27	SES187	-1.14049	-43.9516	-42.8111
BLOCK20/SES207/SA207S27	SES292	-2.07101	-44.8822	-42.8111
BLOCK20/SES207/SA207S29	SES083	-1.8077	-43.9286	-42.1208
BLOCK20/SES207/SA207S29	SES085	-1.02005	-43.1409	-42.1208
BLOCK20/SES207/SA207S29	SES172	-1.82623	-43.9471	-42.1208
BLOCK20/SES207/SA207S29	SES189	-2.07278	-44.1936	-42.1208
BLOCK22/SES221/SA221S12	SES068	-1.6907	-43.6144	-41.9237
BLOCK22/SES221/SA221S12	SES143	-1.9159	-43.8396	-41.9237
BLOCK22/SES221/SA221S12	SES175	-0.818871	-42.7426	-41.9237
BLOCK22/SES221/SA221S12	SES202	-0.565685	-42.4894	-41.9237
BLOCK22/SES221/SA221S15	SES085	-2.57663	-45.6698	-43.0932
BLOCK22/SES221/SA221S15	SES143	-2.6505	-45.7437	-43.0932
BLOCK22/SES221/SA221S15	SES175	-1.49411	-44.5873	-43.0932
BLOCK22/SES221/SA221S15	SES187	-1.75772	-44.8509	-43.0932
BLOCK22/SES221/SA221S23	SES068	-1.52459	-43.4974	-41.9729
BLOCK22/SES221/SA221S23	SES143	-2.28462	-44.2575	-41.9729
BLOCK22/SES221/SA221S23	SES175	-1.02874	-43.0016	-41.9729
BLOCK22/SES221/SA221S23	SES189	-0.426853	-42.3997	-41.9729
BLOCK22/SES221/SA221S27	SES085	-2.57138	-44.6644	-42.0931
BLOCK22/SES221/SA221S27	SES143	-2.10787	-44.2009	-42.0931
BLOCK22/SES221/SA221S27	SES175	-1.12793	-43.221	-42.0931
BLOCK22/SES221/SA221S27	SES189	-0.00136185	-42.0944	-42.0931
BLOCK22/SES221/SA221S29	SES085	-3.23197	-46.4335	-43.2015
BLOCK22/SES221/SA221S29	SES143	-2.83751	-46.039	-43.2015
BLOCK22/SES221/SA221S29	SES175	-1.25194	-44.4535	-43.2015
BLOCK22/SES221/SA221S29	SES187	-1.55719	-44.7587	-43.2015
BLOCK22/SES223/SA223S11	SES143	-1.49622	-44.4122	-42.916
BLOCK22/SES223/SA223S11	SES144	-2.40648	-45.3225	-42.916
BLOCK22/SES223/SA223S11	SES175	-1.17954	-44.0955	-42.916
BLOCK22/SES223/SA223S11	SES187	-1.50539	-44.4214	-42.916
BLOCK22/SES223/SA223S13	SES068	-1.65275	-45.4125	-43.7598
BLOCK22/SES223/SA223S13	SES143	-2.35532	-46.1151	-43.7598
BLOCK22/SES223/SA223S13	SES146	-2.4704	-46.2302	-43.7598
BLOCK22/SES223/SA223S13	SES202	-1.99972	-45.7595	-43.7598
BLOCK22/SES223/SA223S22	SES143	-1.44151	-44.3546	-42.9131
BLOCK22/SES223/SA223S22	SES144	-1.64851	-44.5616	-42.9131
BLOCK22/SES223/SA223S22	SES175	-1.20859	-44.1216	-42.9131
BLOCK22/SES223/SA223S22	SES187	-1.3395	-44.2526	-42.9131
BLOCK22/SES223/SA223S25	SES068	-1.09514	-43.8569	-42.7617
BLOCK22/SES223/SA223S25	SES143	-1.65164	-44.4134	-42.7617
BLOCK22/SES223/SA223S25	SES175	-0.869053	-43.6308	-42.7617
BLOCK22/SES223/SA223S25	SES187	-1.14727	-43.909	-42.7617
BLOCK22/SES223/SA223S27	SES143	-0.969467	-43.9537	-42.9842
BLOCK22/SES223/SA223S27	SES146	-1.73457	-44.7188	-42.9842
BLOCK22/SES223/SA223S27	SES187	-0.990025	-43.9743	-42.9842
BLOCK22/SES223/SA223S27	SES292	-1.50263	-44.4869	-42.9842
BLOCK27/SES273/SA273S12	SES099	-0.138062	-40.7941	-40.656
BLOCK27/SES273/SA273S12	SES104	-0.647728	-41.3038	-40.656
BLOCK27/SES273/SA273S12	SES125	-0.870754	-41.5268	-40.656
BLOCK27/SES273/SA273S12	SES206	-0.304104	-40.9601	-40.656
BLOCK27/SES273/SA273S13	SES099	-0.973675	-41.3774	-40.4037
BLOCK27/SES273/SA273S13	SES104	-1.02033	-41.424	-40.4037
BLOCK27/SES273/SA273S13	SES206	-0.826374	-41.2301	-40.4037
BLOCK27/SES273/SA273S13	SES292	-3.81232	-44.216	-40.4037
BLOCK27/SES273/SA273S21	SES099	-0.145634	-41.0878	-40.9422
BLOCK27/SES273/SA273S21	SES148	-2.70789	-43.6501	-40.9422
BLOCK27/SES273/SA273S21	SES149	-0.803249	-41.7454	-40.9422
BLOCK27/SES273/SA273S21	SES177	-3.70473	-44.6469	-40.9422
BLOCK27/SES273/SA273S25	SES104	-1.06784	-41.8461	-40.7783
BLOCK27/SES273/SA273S25	SES125	-1.38274	-42.161	-40.7783
BLOCK27/SES273/SA273S25	SES158	-0.441463	-41.2197	-40.7783
BLOCK27/SES273/SA273S25	SES206	-0.486034	-41.2643	-40.7783
BLOCK27/SES273/SA273S27	SES099	-0.342087	-40.8885	-40.5464
BLOCK27/SES273/SA273S27	SES104	-0.855984	-41.4024	-40.5464
BLOCK27/SES273/SA273S27	SES149	-0.610279	-41.1567	-40.5464
BLOCK27/SES273/SA273S27	SES275	-2.00803	-42.5544	-40.5464
BLOCK27/SES274/SA274S10	SES105	-1.34869	-42.1709	-40.8222
BLOCK27/SES274/SA274S10	SES125	-0.883018	-41.7052	-40.8222
BLOCK27/SES274/SA274S10	SES129	-1.17076	-41.993	-40.8222
BLOCK27/SES274/SA274S10	SES158	-1.26749	-42.0897	-40.8222
BLOCK27/SES274/SA274S11	SES105	-1.72515	-42.7432	-41.018
BLOCK27/SES274/SA274S11	SES149	-0.365246	-41.3833	-41.018
BLOCK27/SES274/SA274S11	SES158	-0.930195	-41.9482	-41.018
BLOCK27/SES274/SA274S11	SES275	-1.91383	-42.9318	-41.018
BLOCK27/SES274/SA274S21	SES105	-1.16129	-42.546	-41.3847
BLOCK27/SES274/SA274S21	SES129	-1.68587	-43.0706	-41.3847
BLOCK27/SES274/SA274S21	SES149	-0.291542	-41.6763	-41.3847
BLOCK27/SES274/SA274S21	SES158	-1.62119	-43.0059	-41.3847
BLOCK27/SES274/SA274S24	SES105	-1.7072	-43.2269	-41.5197
BLOCK27/SES274/SA274S24	SES129	-2.72771	-44.2474	-41.5197
BLOCK27/SES274/SA274S24	SES149	-0.458107	-41.9778	-41.5197
BLOCK27/SES274/SA274S24	SES158	-1.91468	-43.4344	-41.5197
BLOCK27/SES274/SA274S29	SES105	-1.76442	-42.8354	-41.071
BLOCK27/SES274/SA274S29	SES106	-2.1413	-43.2123	-41.071
BLOCK27/SES274/SA274S29	SES120	-2.2993	-43.3703	-41.071
BLOCK27/SES274/SA274S29	SES275	-1.56674	-42.6377	-41.071
BLOCK27/SES276/SA276S16	SES148	-1.33802	-43.2077	-41.8696
BLOCK27/SES276/SA276S16	SES172	-1.66496	-43.5346	-41.8696
BLOCK27/SES276/SA276S16	SES180	-2.37422	-44.2439	-41.8696
BLOCK27/SES276/SA276S16	SES292	-1.47993	-43.3496	-41.8696
BLOCK27/SES276/SA276S17	SES101	-2.18644	-44.0827	-41.8963
BLOCK27/SES276/SA276S17	SES177	-1.46454	-43.3608	-41.8963
BLOCK27/SES276/SA276S17	SES180	-1.42439	-43.3207	-41.8963
BLOCK27/SES276/SA276S17	SES292	-1.34713	-43.2434	-41.8963
BLOCK27/SES276/SA276S24	SES101	-1.50291	-42.4606	-40.9577
BLOCK27/SES276/SA276S24	SES177	-1.25493	-42.2126	-40.9577
BLOCK27/SES276/SA276S24	SES180	-1.60221	-42.5599	-40.9577
BLOCK27/SES276/SA276S24	SES292	-1.77617	-42.7338	-40.9577
BLOCK27/SES276/SA276S26	SES101	-2.58507	-44.0734	-41.4883
BLOCK27/SES276/SA276S26	SES177	-1.0705	-42.5588	-41.4883
BLOCK27/SES276/SA276S26	SES180	-1.08694	-42.5752	-41.4883
BLOCK27/SES276/SA276S26	SES292	-0.455441	-41.9437	-41.4883
BLOCK27/SES276/SA276S28	SES101	-2.5551	-44.1874	-41.6323
BLOCK27/SES276/SA276S28	SES177	-2.03561	-43.6679	-41.6323
BLOCK27/SES276/SA276S28	SES180	-1.28713	-42.9194	-41.6323
BLOCK27/SES276/SA276S28	SES292	-1.94217	-43.5744	-41.6323
BLOCK27/SES277/SA277S12	SES101	-0.962101	-43.2251	-42.263
BLOCK27/SES277/SA277S12	SES177	-1.5817	-43.8447	-42.263
BLOCK27/SES277/SA277S12	SES180	-2.29875	-44.5618	-42.263
BLOCK27/SES277/SA277S12	SES292	-2.32557	-44.5886	-42.263
BLOCK27/SES277/SA277S14	SES177	-1.38461	-44.1282	-42.7436
BLOCK27/SES277/SA277S14	SES180	-2.42191	-45.1655	-42.7436
BLOCK27/SES277/SA277S14	SES189	-0.970139	-43.7137	-42.7436
BLOCK27/SES277/SA277S14	SES292	-2.7309	-45.4745	-42.7436
BLOCK27/SES277/SA277S21	SES177	-0.669807	-42.4992	-41.8294
BLOCK27/SES277/SA277S21	SES180	-2.45168	-44.281	-41.8294
BLOCK27/SES277/SA277S21	SES189	-0.893353	-42.7227	-41.8294
BLOCK27/SES277/SA277S21	SES292	-2.35532	-44.1847	-41.8294
BLOCK27/SES277/SA277S24	SES144	-1.43309	-44.3624	-42.9293
BLOCK27/SES277/SA277S24	SES177	-0.894386	-43.8237	-42.9293
BLOCK27/SES277/SA277S24	SES180	-2.55583	-45.4852	-42.9293
BLOCK27/SES277/SA277S24	SES189	-0.9673	-43.8966	-42.9293
BLOCK27/SES277/SA277S29	SES177	-0.72039	-41.4304	-40.71
BLOCK27/SES277/SA277S29	SES180	-1.20984	-41.9199	-40.71
BLOCK27/SES277/SA277S29	SES202	-1.11256	-41.8226	-40.71
BLOCK27/SES277/SA277S29	SES292	-1.76159	-42.4716	-40.71
BLOCK27/SES279/SA279S09	SES120	-1.46737	-42.7736	-41.3062
BLOCK27/SES279/SA279S09	SES146	-1.47343	-42.7797	-41.3062
BLOCK27/SES279/SA279S09	SES206	-2.49706	-43.8033	-41.3062
BLOCK27/SES279/SA279S09	SES226	-2.21736	-43.5236	-41.3062
BLOCK27/SES279/SA279S10	SES099	-1.81225	-43.2933	-41.481
BLOCK27/SES279/SA279S10	SES206	-1.7134	-43.1944	-41.481
BLOCK27/SES279/SA279S10	SES226	-2.03321	-43.5142	-41.481
BLOCK27/SES279/SA279S10	SES292	-1.57535	-43.0564	-41.481
BLOCK27/SES279/SA279S20	SES099	-2.89798	-44.9195	-42.0215
BLOCK27/SES279/SA279S20	SES206	-2.04831	-44.0698	-42.0215
BLOCK27/SES279/SA279S20	SES226	-2.64281	-44.6643	-42.0215
BLOCK27/SES279/SA279S20	SES292	-0.991444	-43.013	-42.0215
BLOCK27/SES279/SA279S26	SES099	-2.28678	-44.3089	-42.0221
BLOCK27/SES279/SA279S26	SES206	-1.03061	-43.0527	-42.0221
BLOCK27/SES279/SA279S26	SES226	-1.31569	-43.3378	-42.0221
BLOCK27/SES279/SA279S26	SES292	-1.64729	-43.6694	-42.0221
BLOCK27/SES279/SA279S28	SES099	-2.89151	-43.1622	-40.2707
BLOCK27/SES279/SA279S28	SES120	-1.43646	-41.7072	-40.2707
BLOCK27/SES279/SA279S28	SES177	-2.40628	-42.677	-40.2707
BLOCK27/SES279/SA279S28	SES206	-2.8351	-43.1058	-40.2707
BLOCK29/SES290/SA290S12	SES162	-1.80556	-42.8679	-41.0623
BLOCK29/SES290/SA290S12	SES177	-1.43638	-42.4987	-41.0623
BLOCK29/SES290/SA290S12	SES180	-2.68537	-43.7477	-41.0623
BLOCK29/SES290/SA290S12	SES292	-2.06753	-43.1299	-41.0623
BLOCK29/SES290/SA290S13	SES007	-2.30843	-44.134	-41.8256
BLOCK29/SES290/SA290S13	SES162	-2.26506	-44.0906	-41.8256
BLOCK29/SES290/SA290S13	SES177	-1.0661	-42.8917	-41.8256
BLOCK29/SES290/SA290S13	SES180	-1.88364	-43.7092	-41.8256
BLOCK29/SES290/SA290S22	SES177	-1.133	-42.3828	-41.2498
BLOCK29/SES290/SA290S22	SES180	-1.58033	-42.8302	-41.2498
BLOCK29/SES290/SA290S22	SES202	-1.42469	-42.6745	-41.2498
BLOCK29/SES290/SA290S22	SES292	-1.49689	-42.7467	-41.2498
BLOCK29/SES290/SA290S25	SES162	-1.60508	-42.7047	-41.0996
BLOCK29/SES290/SA290S25	SES177	-1.20671	-42.3063	-41.0996
BLOCK29/SES290/SA290S25	SES180	-1.49333	-42.5929	-41.0996
BLOCK29/SES290/SA290S25	SES292	-1.04812	-42.1477	-41.0996
BLOCK29/SES290/SA290S29	SES177	-0.364902	-41.5247	-41.1598
BLOCK29/SES290/SA290S29	SES180	-1.05701	-42.2168	-41.1598
BLOCK29/SES290/SA290S29	SES275	-1.36787	-42.5277	-41.1598
BLOCK29/SES290/SA290S29	SES292	-0.709324	-41.8691	-41.1598
BLOCK29/SES291/SA291S11	SES105	-3.2917	-45.3379	-42.0462
BLOCK29/SES291/SA291S11	SES125	-1.11583	-43.162	-42.0462
BLOCK29/SES291/SA291S11	SES158	-1.20539	-43.2515	-42.0462
BLOCK29/SES291/SA291S11	SES275	-4.48739	-46.5335	-42.0462
BLOCK29/SES291/SA291S12	SES158	-0.249924	-41.9971	-41.7472
BLOCK29/SES291/SA291S12	SES226	-1.14527	-42.8925	-41.7472
BLOCK29/SES291/SA291S12	SES270	0.277161	-41.47	-41.7472
BLOCK29/SES291/SA291S12	SES275	-4.85532	-46.6025	-41.7472
BLOCK29/SES291/SA291S22	SES082	-0.886261	-42.4852	-41.5989
BLOCK29/SES291/SA291S22	SES158	-0.810295	-42.4092	-41.5989
BLOCK29/SES291/SA291S22	SES259	-1.45662	-43.0555	-41.5989
BLOCK29/SES291/SA291S22	SES275	-3.57471	-45.1736	-41.5989
BLOCK29/SES291/SA291S24	SES104	-0.302467	-40.8759	-40.5734
BLOCK29/SES291/SA291S24	SES125	-0.121742	-40.6952	-40.5734
BLOCK29/SES291/SA291S24	SES158	-0.811329	-41.3847	-40.5734
BLOCK29/SES291/SA291S24	SES275	-4.02477	-44.5982	-40.5734
BLOCK29/SES291/SA291S27	SES158	0.0141907	-40.866	-40.8802
BLOCK29/SES291/SA291S27	SES172	-5.1914	-46.0716	-40.8802
BLOCK29/SES291/SA291S27	SES275	-4.4122	-45.2924	-40.8802
BLOCK29/SES291/SA291S27	SES292	-4.02053	-44.9008	-40.8802
