BLOCK00/SES002/SA002S12	SES002	0.625006	1.95055	1.32554
BLOCK00/SES002/SA002S13	SES002	1.59702	2.14223	0.545213
BLOCK00/SES002/SA002S23	SES002	1.11973	2.13457	1.01484
BLOCK00/SES002/SA002S26	SES002	1.31494	2.38483	1.06989
BLOCK00/SES002/SA002S28	SES002	0.821034	1.86067	1.03963
BLOCK00/SES007/SA007S14	SES007	0.838742	3.51461	2.67586
BLOCK00/SES007/SA007S15	SES007	0.235631	2.48657	2.25094
BLOCK00/SES007/SA007S24	SES007	0.595816	2.38214	1.78633
BLOCK00/SES007/SA007S27	SES007	0.467757	1.6358	1.16804
BLOCK00/SES007/SA007S29	SES007	-0.0743065	2.47482	2.54913
BLOCK00/SES008/SA008S11	SES008	1.44851	3.09948	1.65097
BLOCK00/SES008/SA008S12	SES008	0.867564	2.43964	1.57207
BLOCK00/SES008/SA008S19	SES008	1.5807	3.98028	2.39959
BLOCK00/SES008/SA008S22	SES008	0.246688	1.43461	1.18792
BLOCK00/SES008/SA008S29	SES008	1.64836	3.61042	1.96206
BLOCK01/SES014/SA014S10	SES014	1.5311	3.00676	1.47566
BLOCK01/SES014/SA014S12	SES014	1.74052	4.356	2.61548
BLOCK01/SES014/SA014S24	SES014	1.26702	2.39944	1.13242
BLOCK01/SES014/SA014S26	SES014	1.66784	4.34899	2.68114
BLOCK01/SES014/SA014S28	SES014	2.58744	4.91127	2.32383
BLOCK01/SES016/SA016S12	SES016	0.854104	1.29251	0.43841
BLOCK01/SES016/SA016S13	SES016	1.3107	3.36162	2.05093
BLOCK01/SES016/SA016S22	SES016	1.33911	3.49842	2.15931
BLOCK01/SES016/SA016S25	SES016	1.30629	4.57932	3.27303
BLOCK01/SES016/SA016S27	SES016	1.33254	4.18373	2.85118
BLOCK01/SES019/SA019S13	SES019	2.7235	2.39574	-0.327769
BLOCK01/SES019/SA019S14	SES019	2.25739	2.06046	-0.196924
BLOCK01/SES019/SA019S22	SES019	2.41873	2.64442	0.225686
BLOCK01/SES019/SA019S25	SES019	2.37748	2.34893	-0.028554
BLOCK01/SES019/SA019S29	SES019	3.24523	2.57671	-0.668522
BLOCK02/SES029/SA029S11	SES029	0.936039	3.96872	3.03268
BLOCK02/SES029/SA029S12	SES029	0.277902	3.25648	2.97858
BLOCK02/SES029/SA029S20	SES029	0.728459	3.65688	2.92842
BLOCK02/SES029/SA029S25	SES029	0.156139	3.20647	3.05033
BLOCK02/SES029/SA029S28	SES029	0.200966	3.06363	2.86266
BLOCK04/SES042/SA042S12	SES042	1.69666	3.42658	1.72992
BLOCK04/SES042/SA042S15	SES042	1.8175	4.12002	2.30251
BLOCK04/SES042/SA042S22	SES042	1.94796	4.30015	2.35219
BLOCK04/SES042/SA042S25	SES042	1.15889	1.93611	0.777213
BLOCK04/SES042/SA042S27	SES042	1.44356	3.35617	1.91261
BLOCK04/SES048/SA048S11	SES048	0.737659	2.98746	2.2498
BLOCK04/SES048/SA048S12	SES048	0.198279	2.20963	2.01135
BLOCK04/SES048/SA048S20	SES048	-0.0368073	2.89765	2.93446
BLOCK04/SES048/SA048S23	SES048	0.861792	2.56402	1.70223
BLOCK04/SES048/SA048S27	SES048	0.181578	2.93381	2.75223
BLOCK06/SES060/SA060S11	SES060	1.18294	3.95228	2.76934
BLOCK06/SES060/SA060S12	SES060	0.141925	2.99951	2.85758
BLOCK06/SES060/SA060S22	SES060	-0.638273	1.14226	1.78054
BLOCK06/SES060/SA060S24	SES060	1.09767	3.76372	2.66605
BLOCK06/SES060/SA060S28	SES060	0.849324	4.76887	3.91954
BLOCK06/SES062/SA062S10	SES062	0.266878	2.85468	2.5878
BLOCK06/SES062/SA062S11	SES062	0.0952384	2.2501	2.15486
BLOCK06/SES062/SA062S21	SES062	1.1201	4.64421	3.52412
BLOCK06/SES062/SA062S26	SES062	0.491496	3.77507	3.28358
BLOCK06/SES062/SA062S29	SES062	1.23524	4.53917	3.30393
BLOCK06/SES068/SA068S14	SES068	-0.00610065	2.53745	2.54356
BLOCK06/SES068/SA068S15	SES068	0.350845	3.1068	2.75595
BLOCK06/SES068/SA068S23	SES068	0.49181	2.53682	2.04501
BLOCK06/SES068/SA068S27	SES068	1.34832	4.04108	2.69276
BLOCK06/SES068/SA068S29	SES068	0.283801	2.95192	2.66812
BLOCK08/SES082/SA082S12	SES082	-0.131072	0.888492	1.01956
BLOCK08/SES082/SA082S14	SES082	0.00314677	1.17747	1.17433
BLOCK08/SES082/SA082S21	SES082	0.423168	1.42219	0.999025
BLOCK08/SES082/SA082S24	SES082	0.686615	2.27472	1.5881
BLOCK08/SES082/SA082S28	SES082	0.820912	1.79736	0.976443
BLOCK08/SES083/SA083S14	SES083	-0.160046	2.50817	2.66822
BLOCK08/SES083/SA083S15	SES083	0.40056	2.9838	2.58324
BLOCK08/SES083/SA083S24	SES083	0.446931	2.67157	2.22464
BLOCK08/SES083/SA083S26	SES083	0.448071	1.95567	1.5076
BLOCK08/SES083/SA083S29	SES083	-0.226426	2.53239	2.75882
BLOCK08/SES085/SA085S10	SES085	0.267052	3.23375	2.9667
BLOCK08/SES085/SA085S13	SES085	-0.151571	2.38806	2.53963
BLOCK08/SES085/SA085S22	SES085	0.289798	3.28345	2.99365
BLOCK08/SES085/SA085S26	SES085	0.0636899	3.02071	2.95702
BLOCK08/SES085/SA085S28	SES085	1.28306	3.89517	2.61211
BLOCK08/SES087/SA087S15	SES087	1.43852	2.26891	0.830384
BLOCK08/SES087/SA087S16	SES087	1.53912	2.36279	0.823673
BLOCK08/SES087/SA087S24	SES087	1.24703	2.47078	1.22376
BLOCK08/SES087/SA087S26	SES087	1.22807	3.31987	2.0918
BLOCK08/SES087/SA087S29	SES087	1.63345	2.82702	1.19357
BLOCK09/SES099/SA099S15	SES099	0.811958	1.74345	0.931496
BLOCK09/SES099/SA099S16	SES099	0.987647	1.92379	0.936148
BLOCK09/SES099/SA099S24	SES099	1.10597	2.26093	1.15496
BLOCK09/SES099/SA099S26	SES099	1.30997	2.38923	1.07926
BLOCK09/SES099/SA099S29	SES099	0.875573	2.44655	1.57097
BLOCK10/SES101/SA101S11	SES101	0.291874	2.65006	2.35819
BLOCK10/SES101/SA101S13	SES101	0.975628	3.68148	2.70586
BLOCK10/SES101/SA101S22	SES101	0.911502	2.45574	1.54424
BLOCK10/SES101/SA101S24	SES101	1.05657	2.5847	1.52813
BLOCK10/SES101/SA101S28	SES101	0.510044	2.88231	2.37226
BLOCK10/SES104/SA104S11	SES104	1.43211	3.07901	1.64691
BLOCK10/SES104/SA104S12	SES104	1.47033	3.12986	1.65953
BLOCK10/SES104/SA104S21	SES104	0.876815	1.99447	1.11765
BLOCK10/SES104/SA104S24	SES104	0.823399	1.74868	0.925283
BLOCK10/SES104/SA104S28	SES104	1.25133	2.4723	1.22096
BLOCK10/SES105/SA105S12	SES105	0.260658	1.11656	0.855898
BLOCK10/SES105/SA105S13	SES105	0.849266	1.84147	0.992209
BLOCK10/SES105/SA105S22	SES105	-0.165696	0.839407	1.0051
BLOCK10/SES105/SA105S26	SES105	0.852573	1.98041	1.12783
BLOCK10/SES105/SA105S29	SES105	0.938269	2.93327	1.99501
BLOCK10/SES106/SA106S09	SES106	1.48657	1.17316	-0.313408
BLOCK10/SES106/SA106S11	SES106	1.18128	2.21578	1.0345
BLOCK10/SES106/SA106S22	SES106	2.22989	2.06037	-0.169526
BLOCK10/SES106/SA106S27	SES106	1.41421	2.3462	0.931988
BLOCK10/SES106/SA106S29	SES106	1.23199	1.89159	0.659597
BLOCK11/SES117/SA117S12	SES117	1.10316	2.69329	1.59013
BLOCK11/SES117/SA117S13	SES117	0.122412	2.1627	2.04029
BLOCK11/SES117/SA117S23	SES117	1.2146	2.19443	0.979826
BLOCK11/SES117/SA117S25	SES117	0.751457	1.38277	0.631314
BLOCK11/SES117/SA117S28	SES117	0.952664	2.17217	1.21951
BLOCK12/SES120/SA120S08	SES120	0.771644	1.51906	0.747419
BLOCK12/SES120/SA120S11	SES120	0.0880199	-0.265885	-0.353904
BLOCK12/SES120/SA120S22	SES120	0.14493	2.20805	2.06312
BLOCK12/SES120/SA120S24	SES120	0.213245	1.51609	1.30285
BLOCK12/SES120/SA120S28	SES120	-0.377821	-0.0313196	0.346501
BLOCK12/SES125/SA125S13	SES125	1.47788	2.73303	1.25515
BLOCK12/SES125/SA125S14	SES125	0.618832	1.51524	0.896407
BLOCK12/SES125/SA125S25	SES125	1.34395	2.30203	0.958074
BLOCK12/SES125/SA125S27	SES125	1.40882	3.52662	2.11781
BLOCK12/SES125/SA125S29	SES125	1.46681	2.82652	1.35971
BLOCK12/SES127/SA127S11	SES127	0.389349	2.13907	1.74972
BLOCK12/SES127/SA127S12	SES127	-0.0653281	3.12153	3.18686
BLOCK12/SES127/SA127S23	SES127	0.309445	2.75842	2.44898
BLOCK12/SES127/SA127S25	SES127	-0.0625551	2.47937	2.54193
BLOCK12/SES127/SA127S27	SES127	0.204272	2.6055	2.40123
BLOCK12/SES129/SA129S11	SES129	1.60902	3.7333	2.12428
BLOCK12/SES129/SA129S12	SES129	0.988992	3.62013	2.63114
BLOCK12/SES129/SA129S22	SES129	0.73353	2.53162	1.79809
BLOCK12/SES129/SA129S27	SES129	1.20366	3.26826	2.06461
BLOCK12/SES129/SA129S29	SES129	0.964521	3.27898	2.31446
BLOCK14/SES142/SA142S11	SES142	1.19709	3.25549	2.05841
BLOCK14/SES142/SA142S12	SES142	0.548416	2.35346	1.80504
BLOCK14/SES142/SA142S24	SES142	0.746568	3.39188	2.64531
BLOCK14/SES142/SA142S27	SES142	1.10361	3.2926	2.189
BLOCK14/SES142/SA142S29	SES142	1.21677	3.50521	2.28844
BLOCK14/SES143/SA143S12	SES143	0.824123	2.69638	1.87225
BLOCK14/SES143/SA143S13	SES143	0.549762	2.02881	1.47904
BLOCK14/SES143/SA143S23	SES143	0.589008	2.49757	1.90857
BLOCK14/SES143/SA143S25	SES143	1.22597	3.32454	2.09856
BLOCK14/SES143/SA143S28	SES143	0.905984	2.67576	1.76978
BLOCK14/SES144/SA144S09	SES144	1.01336	2.76732	1.75396
BLOCK14/SES144/SA144S11	SES144	0.622369	2.39789	1.77552
BLOCK14/SES144/SA144S21	SES144	-0.359827	1.03054	1.39037
BLOCK14/SES144/SA144S25	SES144	0.39294	2.03763	1.64469
BLOCK14/SES144/SA144S29	SES144	-0.191582	1.83197	2.02356
BLOCK14/SES146/SA146S14	SES146	0.587563	1.79392	1.20636
BLOCK14/SES146/SA146S15	SES146	0.0557599	1.83056	1.7748
BLOCK14/SES146/SA146S24	SES146	0.704404	2.471	1.7666
BLOCK14/SES146/SA146S26	SES146	0.967123	2.86952	1.9024
BLOCK14/SES146/SA146S29	SES146	0.200748	1.36192	1.16118
BLOCK14/SES147/SA147S11	SES147	1.26479	2.89034	1.62556
BLOCK14/SES147/SA147S13	SES147	1.54187	3.77367	2.2318
BLOCK14/SES147/SA147S23	SES147	-0.120995	2.04257	2.16357
BLOCK14/SES147/SA147S26	SES147	0.77573	2.61215	1.83642
BLOCK14/SES147/SA147S28	SES147	0.996725	2.70145	1.70472
BLOCK14/SES148/SA148S10	SES148	0.715038	2.87325	2.15822
BLOCK14/SES148/SA148S12	SES148	0.424892	1.77294	1.34805
BLOCK14/SES148/SA148S22	SES148	1.20333	3.45355	2.25021
BLOCK14/SES148/SA148S26	SES148	-0.111819	2.75991	2.87173
BLOCK14/SES148/SA148S29	SES148	0.145356	2.00599	1.86063
BLOCK14/SES149/SA149S13	SES149	-0.488781	1.03908	1.52786
BLOCK14/SES149/SA149S14	SES149	0.274769	2.86702	2.59225
BLOCK14/SES149/SA149S24	SES149	0.675332	2.87059	2.19526
BLOCK14/SES149/SA149S26	SES149	0.900376	3.87488	2.97451
BLOCK14/SES149/SA149S28	SES149	1.26683	4.17096	2.90413
BLOCK15/SES158/SA158S13	SES158	1.15821	1.60928	0.451061
BLOCK15/SES158/SA158S14	SES158	1.45645	1.36833	-0.0881222
BLOCK15/SES158/SA158S23	SES158	1.15076	2.20059	1.04983
BLOCK15/SES158/SA158S26	SES158	1.34649	1.23603	-0.110465
BLOCK15/SES158/SA158S28	SES158	0.781455	1.51844	0.73699
BLOCK16/SES162/SA162S10	SES162	0.639695	1.55529	0.915599
BLOCK16/SES162/SA162S11	SES162	0.892262	3.15826	2.266
BLOCK16/SES162/SA162S21	SES162	1.32192	3.07189	1.74997
BLOCK16/SES162/SA162S24	SES162	0.444922	2.1577	1.71278
BLOCK16/SES162/SA162S27	SES162	0.917471	2.48296	1.56549
BLOCK16/SES167/SA167S14	SES167	0.92743	4.05104	3.12361
BLOCK16/SES167/SA167S15	SES167	0.889166	3.75145	2.86229
BLOCK16/SES167/SA167S21	SES167	1.4115	4.02948	2.61798
BLOCK16/SES167/SA167S25	SES167	1.65336	3.77084	2.11748
BLOCK16/SES167/SA167S29	SES167	1.79222	4.77944	2.98722
BLOCK17/SES172/SA172S12	SES172	1.27605	2.82384	1.54779
BLOCK17/SES172/SA172S13	SES172	1.15297	2.95774	1.80476
BLOCK17/SES172/SA172S23	SES172	0.528401	3.20724	2.67884
BLOCK17/SES172/SA172S27	SES172	0.935436	2.62203	1.6866
BLOCK17/SES172/SA172S29	SES172	1.32354	3.33374	2.0102
BLOCK17/SES175/SA175S11	SES175	0.434317	2.99667	2.56236
BLOCK17/SES175/SA175S13	SES175	0.489353	3.05463	2.56528
BLOCK17/SES175/SA175S23	SES175	0.676511	3.24489	2.56838
BLOCK17/SES175/SA175S25	SES175	0.353429	1.68574	1.33231
BLOCK17/SES175/SA175S28	SES175	0.0723193	3.0741	3.00178
BLOCK17/SES177/SA177S15	SES177	0.228352	2.13839	1.91004
BLOCK17/SES177/SA177S17	SES177	0.170482	2.23606	2.06558
BLOCK17/SES177/SA177S23	SES177	-0.268696	1.39107	1.65977
BLOCK17/SES177/SA177S26	SES177	0.713855	3.77168	3.05783
BLOCK17/SES177/SA177S28	SES177	0.493182	2.76869	2.27551
BLOCK18/SES180/SA180S13	SES180	-0.0137621	1.62502	1.63878
BLOCK18/SES180/SA180S15	SES180	0.342966	1.86517	1.52221
BLOCK18/SES180/SA180S24	SES180	0.767304	3.62628	2.85898
BLOCK18/SES180/SA180S26	SES180	0.680994	2.95879	2.27779
BLOCK18/SES180/SA180S29	SES180	0.699594	2.72168	2.02208
BLOCK18/SES183/SA183S13	SES183	1.17928	2.69856	1.51928
BLOCK18/SES183/SA183S14	SES183	-0.0229608	1.448	1.47096
BLOCK18/SES183/SA183S24	SES183	1.35042	2.4645	1.11408
BLOCK18/SES183/SA183S27	SES183	0.867305	2.1531	1.28579
BLOCK18/SES183/SA183S29	SES183	0.83905	2.34199	1.50294
BLOCK18/SES187/SA187S13	SES187	0.571125	2.26052	1.68939
BLOCK18/SES187/SA187S14	SES187	0.576166	1.70916	1.13299
BLOCK18/SES187/SA187S24	SES187	1.49167	2.71381	1.22214
BLOCK18/SES187/SA187S27	SES187	1.27687	2.46728	1.19041
BLOCK18/SES187/SA187S29	SES187	1.00055	2.16131	1.16076
BLOCK18/SES189/SA189S10	SES189	1.02647	2.32101	1.29454
BLOCK18/SES189/SA189S13	SES189	0.226718	1.78141	1.55469
BLOCK18/SES189/SA189S24	SES189	1.04427	2.87735	1.83308
BLOCK18/SES189/SA189S26	SES189	0.831425	3.03135	2.19992
BLOCK18/SES189/SA189S29	SES189	1.13148	2.95207	1.82059
BLOCK20/SES202/SA202S12	SES202	0.498172	2.21103	1.71286
BLOCK20/SES202/SA202S14	SES202	1.6389	3.27991	1.64101
BLOCK20/SES202/SA202S24	SES202	0.490583	2.12207	1.63148
BLOCK20/SES202/SA202S27	SES202	1.10283	4.06319	2.96036
BLOCK20/SES202/SA202S29	SES202	0.842763	3.97706	3.1343
BLOCK20/SES206/SA206S15	SES206	-0.341026	1.60362	1.94464
BLOCK20/SES206/SA206S17	SES206	1.03437	2.71442	1.68005
BLOCK20/SES206/SA206S24	SES206	1.41028	3.82155	2.41127
BLOCK20/SES206/SA206S27	SES206	1.18168	2.29671	1.11503
BLOCK20/SES206/SA206S29	SES206	1.04528	3.25483	2.20954
BLOCK22/SES226/SA226S12	SES226	1.06652	1.81988	0.753367
BLOCK22/SES226/SA226S13	SES226	-0.326377	0.745365	1.07174
BLOCK22/SES226/SA226S20	SES226	1.43834	1.66591	0.227576
BLOCK22/SES226/SA226S23	SES226	1.20016	2.47376	1.2736
BLOCK22/SES226/SA226S28	SES226	1.50238	2.78471	1.28233
BLOCK25/SES259/SA259S13	SES259	2.77685	3.34368	0.56683
BLOCK25/SES259/SA259S14	SES259	1.8223	2.72767	0.905369
BLOCK25/SES259/SA259S22	SES259	1.56313	2.60448	1.04134
BLOCK25/SES259/SA259S24	SES259	1.78485	3.13446	1.34961
BLOCK25/SES259/SA259S28	SES259	1.83228	3.04721	1.21493
BLOCK27/SES270/SA270S14	SES270	2.14882	1.33804	-0.810779
BLOCK27/SES270/SA270S16	SES270	0.337868	1.18223	0.844364
BLOCK27/SES270/SA270S22	SES270	1.94691	2.22566	0.278746
BLOCK27/SES270/SA270S26	SES270	0.997838	0.57224	-0.425598
BLOCK27/SES270/SA270S28	SES270	1.03667	1.24767	0.211007
BLOCK27/SES275/SA275S17	SES275	0.985278	3.0047	2.01943
BLOCK27/SES275/SA275S18	SES275	0.396324	2.64679	2.25046
BLOCK27/SES275/SA275S24	SES275	0.320255	1.53053	1.21028
BLOCK27/SES275/SA275S26	SES275	0.674008	2.74114	2.06713
BLOCK27/SES275/SA275S28	SES275	0.287669	2.22031	1.93264
BLOCK29/SES292/SA292S10	SES292	0.557102	2.58821	2.03111
BLOCK29/SES292/SA292S12	SES292	0.0647918	1.84588	1.78109
BLOCK29/SES292/SA292S22	SES292	0.0395148	2.20926	2.16975
BLOCK29/SES292/SA292S24	SES292	0.215276	2.45692	2.24165
BLOCK29/SES292/SA292S27	SES292	-0.190038	2.04417	2.23421
BLOCK00/SES001/SA001S14	SES062	-2.08247	-0.856958	1.22551
BLOCK00/SES001/SA001S14	SES082	-1.39161	-0.166099	1.22551
BLOCK00/SES001/SA001S14	SES106	-1.604	-0.378484	1.22551
BLOCK00/SES001/SA001S14	SES206	-1.56901	-0.343491	1.22551
BLOCK00/SES001/SA001S15	SES062	-1.61902	-0.0479105	1.57111
BLOCK00/SES001/SA001S15	SES104	-1.74752	-0.176412	1.57111
BLOCK00/SES001/SA001S15	SES106	-1.2419	0.329204	1.57111
BLOCK00/SES001/SA001S15	SES206	-1.54434	0.0267677	1.57111
BLOCK00/SES001/SA001S24	SES062	-2.58479	-1.64561	0.939178
BLOCK00/SES001/SA001S24	SES082	-1.14571	-0.206535	0.939178
BLOCK00/SES001/SA001S24	SES087	-1.82038	-0.881202	0.939178
BLOCK00/SES001/SA001S24	SES206	-1.79771	-0.858536	0.939178
BLOCK00/SES001/SA001S27	SES062	-1.29486	0.915832	2.21069
BLOCK00/SES001/SA001S27	SES082	-1.236	0.97469	2.21069
BLOCK00/SES001/SA001S27	SES087	-0.909351	1.30134	2.21069
BLOCK00/SES001/SA001S27	SES206	-0.999669	1.21102	2.21069
BLOCK00/SES001/SA001S29	SES062	-2.96584	-1.79707	1.16877
BLOCK00/SES001/SA001S29	SES082	-1.57362	-0.404846	1.16877
BLOCK00/SES001/SA001S29	SES158	-1.01523	0.153544	1.16877
BLOCK00/SES001/SA001S29	SES206	-1.95037	-0.781597	1.16877
BLOCK00/SES003/SA003S11	SES002	-1.00213	-0.164195	0.837931
BLOCK00/SES003/SA003S11	SES019	-1.71453	-0.876603	0.837931
BLOCK00/SES003/SA003S11	SES082	-0.73355	0.104381	0.837931
BLOCK00/SES003/SA003S11	SES125	-2.05558	-1.21765	0.837931
BLOCK00/SES003/SA003S15	SES016	-1.90172	0.140844	2.04256
BLOCK00/SES003/SA003S15	SES019	-2.63714	-0.594578	2.04256
BLOCK00/SES003/SA003S15	SES062	-0.619959	1.4226	2.04256
BLOCK00/SES003/SA003S15	SES206	-1.54204	0.500517	2.04256
BLOCK00/SES003/SA003S22	SES002	-2.01407	-0.466411	1.54766
BLOCK00/SES003/SA003S22	SES062	-1.13833	0.409331	1.54766
BLOCK00/SES003/SA003S22	SES082	-1.51659	0.0310662	1.54766
BLOCK00/SES003/SA003S22	SES087	-1.52575	0.0219138	1.54766
BLOCK00/SES003/SA003S25	SES062	-2.50453	-1.97434	0.530192
BLOCK00/SES003/SA003S25	SES082	-1.50808	-0.977885	0.530192
BLOCK00/SES003/SA003S25	SES087	-1.08631	-0.556115	0.530192
BLOCK00/SES003/SA003S25	SES206	-1.47973	-0.949542	0.530192
BLOCK00/SES003/SA003S29	SES002	-1.85932	-0.925077	0.934247
BLOCK00/SES003/SA003S29	SES062	-2.71741	-1.78316	0.934247
BLOCK00/SES003/SA003S29	SES082	-1.38844	-0.454189	0.934247
BLOCK00/SES003/SA003S29	SES087	-2.51143	-1.57718	0.934247
BLOCK00/SES004/SA004S12	SES083	-1.49049	0.589939	2.08043
BLOCK00/SES004/SA004S12	SES148	-1.93714	0.143291	2.08043
BLOCK00/SES004/SA004S12	SES172	-0.246663	1.83377	2.08043
BLOCK00/SES004/SA004S12	SES292	-1.48662	0.593804	2.08043
BLOCK00/SES004/SA004S17	SES083	-1.83476	0.113254	1.94801
BLOCK00/SES004/SA004S17	SES162	-1.49539	0.452621	1.94801
BLOCK00/SES004/SA004S17	SES172	-0.690288	1.25772	1.94801
BLOCK00/SES004/SA004S17	SES292	-1.81038	0.137635	1.94801
BLOCK00/SES004/SA004S24	SES083	-1.8948	0.806602	2.70141
BLOCK00/SES004/SA004S24	SES148	-2.16619	0.535215	2.70141
BLOCK00/SES004/SA004S24	SES172	-0.638562	2.06284	2.70141
BLOCK00/SES004/SA004S24	SES292	-1.30995	1.39146	2.70141
BLOCK00/SES004/SA004S26	SES083	-1.90571	0.127357	2.03307
BLOCK00/SES004/SA004S26	SES127	-2.00057	0.0325023	2.03307
BLOCK00/SES004/SA004S26	SES148	-3.24793	-1.21486	2.03307
BLOCK00/SES004/SA004S26	SES292	-2.82923	-0.796164	2.03307
BLOCK00/SES004/SA004S28	SES083	-1.71493	1.15459	2.86952
BLOCK00/SES004/SA004S28	SES127	-1.02212	1.8474	2.86952
BLOCK00/SES004/SA004S28	SES187	-0.559383	2.31014	2.86952
BLOCK00/SES004/SA004S28	SES292	-2.29034	0.579187	2.86952
BLOCK00/SES006/SA006S10	SES014	-3.09977	-3.79685	-0.697079
BLOCK00/SES006/SA006S10	SES158	-2.14183	-2.8389	-0.697079
BLOCK00/SES006/SA006S10	SES226	-4.02637	-4.72345	-0.697079
BLOCK00/SES006/SA006S10	SES270	-0.813907	-1.51099	-0.697079
BLOCK00/SES006/SA006S11	SES158	-1.51764	-2.5004	-0.982761
BLOCK00/SES006/SA006S11	SES226	-2.38957	-3.37233	-0.982761
BLOCK00/SES006/SA006S11	SES270	-0.39969	-1.38245	-0.982761
BLOCK00/SES006/SA006S11	SES275	-1.85608	-2.83884	-0.982761
BLOCK00/SES006/SA006S23	SES062	-2.25232	-2.15442	0.0978943
BLOCK00/SES006/SA006S23	SES105	-3.29802	-3.20012	0.0978943
BLOCK00/SES006/SA006S23	SES158	-1.41085	-1.31296	0.0978943
BLOCK00/SES006/SA006S23	SES275	-1.66477	-1.56687	0.0978943
BLOCK00/SES006/SA006S26	SES104	-2.66692	-2.31257	0.354348
BLOCK00/SES006/SA006S26	SES158	-1.48831	-1.13396	0.354348
BLOCK00/SES006/SA006S26	SES270	-0.137887	0.216461	0.354348
BLOCK00/SES006/SA006S26	SES275	-1.91385	-1.55951	0.354348
BLOCK00/SES006/SA006S28	SES007	-2.40255	-3.02817	-0.625623
BLOCK00/SES006/SA006S28	SES105	-2.93377	-3.55939	-0.625623
BLOCK00/SES006/SA006S28	SES158	-2.02078	-2.6464	-0.625623
BLOCK00/SES006/SA006S28	SES275	-2.18704	-2.81267	-0.625623
BLOCK00/SES009/SA009S12	SES083	-3.18557	-1.29777	1.88779
BLOCK00/SES009/SA009S12	SES148	-2.20473	-0.316938	1.88779
BLOCK00/SES009/SA009S12	SES177	-1.12844	0.75935	1.88779
BLOCK00/SES009/SA009S12	SES292	-1.68514	0.202651	1.88779
BLOCK00/SES009/SA009S15	SES007	0.050379	2.69333	2.64296
BLOCK00/SES009/SA009S15	SES099	-3.88392	-1.24097	2.64296
BLOCK00/SES009/SA009S15	SES148	-1.76511	0.877844	2.64296
BLOCK00/SES009/SA009S15	SES172	-1.73605	0.906902	2.64296
BLOCK00/SES009/SA009S24	SES146	-1.01175	1.14836	2.16011
BLOCK00/SES009/SA009S24	SES148	-2.38591	-0.2258	2.16011
BLOCK00/SES009/SA009S24	SES177	-0.632059	1.52805	2.16011
BLOCK00/SES009/SA009S24	SES292	-1.45253	0.707582	2.16011
BLOCK00/SES009/SA009S26	SES083	-2.99987	-1.5399	1.45997
BLOCK00/SES009/SA009S26	SES101	-2.53123	-1.07126	1.45997
BLOCK00/SES009/SA009S26	SES120	-1.25195	0.208013	1.45997
BLOCK00/SES009/SA009S26	SES177	-0.874827	0.585141	1.45997
BLOCK00/SES009/SA009S29	SES083	-2.57349	-0.191083	2.38241
BLOCK00/SES009/SA009S29	SES101	-2.23617	0.146234	2.38241
BLOCK00/SES009/SA009S29	SES177	-0.568178	1.81423	2.38241
BLOCK00/SES009/SA009S29	SES292	-1.6426	0.739807	2.38241
BLOCK01/SES011/SA011S10	SES019	-1.65121	-0.798754	0.852452
BLOCK01/SES011/SA011S10	SES042	0.315837	1.16829	0.852452
BLOCK01/SES011/SA011S10	SES082	-2.16801	-1.31556	0.852452
BLOCK01/SES011/SA011S10	SES206	-1.30938	-0.456932	0.852452
BLOCK01/SES011/SA011S11	SES019	-1.76006	-1.13522	0.624842
BLOCK01/SES011/SA011S11	SES042	-0.365499	0.259343	0.624842
BLOCK01/SES011/SA011S11	SES082	-1.78927	-1.16443	0.624842
BLOCK01/SES011/SA011S11	SES206	-1.36126	-0.736418	0.624842
BLOCK01/SES011/SA011S22	SES019	-1.12654	-0.475383	0.651155
BLOCK01/SES011/SA011S22	SES042	0.494931	1.14609	0.651155
BLOCK01/SES011/SA011S22	SES082	-1.43246	-0.781307	0.651155
BLOCK01/SES011/SA011S22	SES206	-1.54773	-0.896577	0.651155
BLOCK01/SES011/SA011S24	SES019	-1.90895	-0.530302	1.37864
BLOCK01/SES011/SA011S24	SES042	0.529173	1.90782	1.37864
BLOCK01/SES011/SA011S24	SES104	-1.3945	-0.0158559	1.37864
BLOCK01/SES011/SA011S24	SES206	-1.1487	0.229942	1.37864
BLOCK01/SES011/SA011S27	SES082	-0.202612	0.501479	0.704091
BLOCK01/SES011/SA011S27	SES087	-1.8701	-1.16601	0.704091
BLOCK01/SES011/SA011S27	SES125	-1.18253	-0.478439	0.704091
BLOCK01/SES011/SA011S27	SES206	-0.877336	-0.173245	0.704091
BLOCK01/SES012/SA012S11	SES007	-0.74338	1.83944	2.58282
BLOCK01/SES012/SA012S11	SES082	-1.98026	0.602554	2.58282
BLOCK01/SES012/SA012S11	SES083	-2.10549	0.477326	2.58282
BLOCK01/SES012/SA012S11	SES206	-2.12153	0.461285	2.58282
BLOCK01/SES012/SA012S14	SES082	-0.733102	0.869942	1.60304
BLOCK01/SES012/SA012S14	SES087	-2.62619	-1.02314	1.60304
BLOCK01/SES012/SA012S14	SES206	-1.16097	0.442073	1.60304
BLOCK01/SES012/SA012S14	SES292	-1.69471	-0.0916672	1.60304
BLOCK01/SES012/SA012S24	SES082	-1.47758	-0.396809	1.08077
BLOCK01/SES012/SA012S24	SES087	-2.41621	-1.33544	1.08077
BLOCK01/SES012/SA012S24	SES120	-1.78028	-0.699511	1.08077
BLOCK01/SES012/SA012S24	SES206	-1.28565	-0.204874	1.08077
BLOCK01/SES012/SA012S26	SES019	-4.28992	-2.78596	1.50395
BLOCK01/SES012/SA012S26	SES082	-2.21846	-0.714503	1.50395
BLOCK01/SES012/SA012S26	SES206	-0.946827	0.557128	1.50395
BLOCK01/SES012/SA012S26	SES292	-0.890242	0.613712	1.50395
BLOCK01/SES012/SA012S29	SES062	-1.52751	0.691853	2.21936
BLOCK01/SES012/SA012S29	SES082	-1.22541	0.993947	2.21936
BLOCK01/SES012/SA012S29	SES083	-2.61647	-0.397106	2.21936
BLOCK01/SES012/SA012S29	SES206	-1.73217	0.487192	2.21936
BLOCK01/SES013/SA013S16	SES062	-2.79092	-2.54245	0.248476
BLOCK01/SES013/SA013S16	SES106	-1.29021	-1.04173	0.248476
BLOCK01/SES013/SA013S16	SES206	-1.32084	-1.07237	0.248476
BLOCK01/SES013/SA013S16	SES226	-1.00904	-0.76056	0.248476
BLOCK01/SES013/SA013S17	SES062	-2.17641	-0.522568	1.65384
BLOCK01/SES013/SA013S17	SES106	-2.43198	-0.778141	1.65384
BLOCK01/SES013/SA013S17	SES206	-0.673917	0.979926	1.65384
BLOCK01/SES013/SA013S17	SES226	-0.442246	1.2116	1.65384
BLOCK01/SES013/SA013S23	SES104	-1.88599	-1.45446	0.431529
BLOCK01/SES013/SA013S23	SES106	-1.66522	-1.2337	0.431529
BLOCK01/SES013/SA013S23	SES206	-1.82612	-1.39459	0.431529
BLOCK01/SES013/SA013S23	SES270	-0.341081	0.090448	0.431529
BLOCK01/SES013/SA013S25	SES042	-2.7376	-1.83124	0.906363
BLOCK01/SES013/SA013S25	SES104	-1.55418	-0.647821	0.906363
BLOCK01/SES013/SA013S25	SES106	-1.0893	-0.182933	0.906363
BLOCK01/SES013/SA013S25	SES206	-1.71996	-0.813599	0.906363
BLOCK01/SES013/SA013S29	SES062	-2.95475	-2.47811	0.47664
BLOCK01/SES013/SA013S29	SES104	-2.09511	-1.61847	0.47664
BLOCK01/SES013/SA013S29	SES106	-0.991373	-0.514733	0.47664
BLOCK01/SES013/SA013S29	SES206	-1.73287	-1.25623	0.47664
BLOCK02/SES021/SA021S13	SES016	-2.47356	-0.727543	1.74602
BLOCK02/SES021/SA021S13	SES029	-1.33203	0.413993	1.74602
BLOCK02/SES021/SA021S13	SES087	-2.11622	-0.370195	1.74602
BLOCK02/SES021/SA021S13	SES206	-2.21348	-0.467459	1.74602
BLOCK02/SES021/SA021S15	SES087	-1.0915	1.50369	2.59519
BLOCK02/SES021/SA021S15	SES125	-1.44813	1.14706	2.59519
BLOCK02/SES021/SA021S15	SES206	-1.14892	1.44627	2.59519
BLOCK02/SES021/SA021S15	SES226	-2.18265	0.412545	2.59519
BLOCK02/SES021/SA021S23	SES062	-2.9435	-2.37708	0.566416
BLOCK02/SES021/SA021S23	SES087	-1.21469	-0.64827	0.566416
BLOCK02/SES021/SA021S23	SES206	-1.62126	-1.05484	0.566416
BLOCK02/SES021/SA021S23	SES226	-1.60207	-1.03565	0.566416
BLOCK02/SES021/SA021S27	SES002	-0.916632	1.33359	2.25022
BLOCK02/SES021/SA021S27	SES016	-3.90168	-1.65146	2.25022
BLOCK02/SES021/SA021S27	SES019	-2.04325	0.206966	2.25022
BLOCK02/SES021/SA021S27	SES062	-1.23386	1.01636	2.25022
BLOCK02/SES021/SA021S29	SES087	-1.04381	0.737777	1.78159
BLOCK02/SES021/SA021S29	SES125	-0.786724	0.994864	1.78159
BLOCK02/SES021/SA021S29	SES206	-0.814694	0.966893	1.78159
BLOCK02/SES021/SA021S29	SES226	-1.96113	-0.179539	1.78159
BLOCK04/SES043/SA043S09	SES083	-1.11654	-0.0247547	1.09179
BLOCK04/SES043/SA043S09	SES101	-1.07184	0.0199491	1.09179
BLOCK04/SES043/SA043S09	SES144	-0.47805	0.613736	1.09179
BLOCK04/SES043/SA043S09	SES172	-1.52517	-0.433379	1.09179
BLOCK04/SES043/SA043S11	SES083	-0.835875	1.25064	2.08651
BLOCK04/SES043/SA043S11	SES101	-0.975791	1.11072	2.08651
BLOCK04/SES043/SA043S11	SES144	-0.0294979	2.05701	2.08651
BLOCK04/SES043/SA043S11	SES172	-1.14907	0.937437	2.08651
BLOCK04/SES043/SA043S23	SES083	-0.865483	1.08953	1.95501
BLOCK04/SES043/SA043S23	SES144	-0.13494	1.82007	1.95501
BLOCK04/SES043/SA043S23	SES177	-1.40122	0.553793	1.95501
BLOCK04/SES043/SA043S23	SES275	-1.14852	0.806491	1.95501
BLOCK04/SES043/SA043S26	SES083	-1.21652	0.0295464	1.24607
BLOCK04/SES043/SA043S26	SES101	-1.05443	0.191642	1.24607
BLOCK04/SES043/SA043S26	SES144	-0.0910602	1.15501	1.24607
BLOCK04/SES043/SA043S26	SES177	-1.23518	0.0108867	1.24607
BLOCK04/SES043/SA043S28	SES016	-2.02389	-0.173339	1.85055
BLOCK04/SES043/SA043S28	SES083	-0.747264	1.10329	1.85055
BLOCK04/SES043/SA043S28	SES101	-0.891507	0.959046	1.85055
BLOCK04/SES043/SA043S28	SES144	-0.681266	1.16929	1.85055
BLOCK04/SES044/SA044S10	SES127	-2.04133	-2.23694	-0.195611
BLOCK04/SES044/SA044S10	SES144	-0.258177	-0.453788	-0.195611
BLOCK04/SES044/SA044S10	SES147	-3.10423	-3.29984	-0.195611
BLOCK04/SES044/SA044S10	SES148	-2.60975	-2.80536	-0.195611
BLOCK04/SES044/SA044S11	SES101	-0.92027	-0.152487	0.767783
BLOCK04/SES044/SA044S11	SES144	-0.119718	0.648065	0.767783
BLOCK04/SES044/SA044S11	SES147	-2.22163	-1.45385	0.767783
BLOCK04/SES044/SA044S11	SES177	-1.86688	-1.0991	0.767783
BLOCK04/SES044/SA044S24	SES007	-2.08822	-0.817541	1.27068
BLOCK04/SES044/SA044S24	SES101	-0.786765	0.48391	1.27068
BLOCK04/SES044/SA044S24	SES147	-1.83913	-0.568456	1.27068
BLOCK04/SES044/SA044S24	SES177	-1.28938	-0.0186996	1.27068
BLOCK04/SES044/SA044S26	SES007	-1.95324	-0.734636	1.21861
BLOCK04/SES044/SA044S26	SES016	-1.13249	0.0861159	1.21861
BLOCK04/SES044/SA044S26	SES101	-0.660712	0.557896	1.21861
BLOCK04/SES044/SA044S26	SES147	-1.29119	-0.0725803	1.21861
BLOCK04/SES044/SA044S29	SES007	-2.14285	0.233522	2.37637
BLOCK04/SES044/SA044S29	SES101	-0.429691	1.94668	2.37637
BLOCK04/SES044/SA044S29	SES147	-2.47298	-0.0966055	2.37637
BLOCK04/SES044/SA044S29	SES177	-2.36271	0.0136605	2.37637
BLOCK04/SES046/SA046S13	SES101	-0.960543	0.437767	1.39831
BLOCK04/SES046/SA046S13	SES144	-0.183546	1.21476	1.39831
BLOCK04/SES046/SA046S13	SES147	-1.92478	-0.526469	1.39831
BLOCK04/SES046/SA046S13	SES177	-1.77173	-0.37342	1.39831
BLOCK04/SES046/SA046S15	SES048	-0.489364	2.38545	2.87482
BLOCK04/SES046/SA046S15	SES083	-1.13448	1.74034	2.87482
BLOCK04/SES046/SA046S15	SES120	-3.14393	-0.269118	2.87482
BLOCK04/SES046/SA046S15	SES148	-1.87795	0.996864	2.87482
BLOCK04/SES046/SA046S22	SES101	-0.604628	1.32592	1.93055
BLOCK04/SES046/SA046S22	SES144	-0.613505	1.31704	1.93055
BLOCK04/SES046/SA046S22	SES147	-2.11039	-0.179844	1.93055
BLOCK04/SES046/SA046S22	SES172	-1.26876	0.661784	1.93055
BLOCK04/SES046/SA046S25	SES083	-1.04219	0.486208	1.52839
BLOCK04/SES046/SA046S25	SES127	-1.60433	-0.0759384	1.52839
BLOCK04/SES046/SA046S25	SES144	-1.23724	0.291155	1.52839
BLOCK04/SES046/SA046S25	SES148	-1.78368	-0.255288	1.52839
BLOCK04/SES046/SA046S28	SES007	-1.81059	-0.0571188	1.75347
BLOCK04/SES046/SA046S28	SES105	-1.74615	0.00731995	1.75347
BLOCK04/SES046/SA046S28	SES147	-1.74143	0.0120461	1.75347
BLOCK04/SES046/SA046S28	SES148	-1.29902	0.454457	1.75347
BLOCK04/SES049/SA049S16	SES104	-0.699265	-0.80668	-0.107415
BLOCK04/SES049/SA049S16	SES106	-1.56657	-1.67399	-0.107415
BLOCK04/SES049/SA049S16	SES120	-2.01094	-2.11836	-0.107415
BLOCK04/SES049/SA049S16	SES206	-1.49148	-1.5989	-0.107415
BLOCK04/SES049/SA049S18	SES099	-0.871594	-1.39403	-0.522439
BLOCK04/SES049/SA049S18	SES104	-2.29136	-2.81379	-0.522439
BLOCK04/SES049/SA049S18	SES125	-2.55027	-3.0727	-0.522439
BLOCK04/SES049/SA049S18	SES206	-1.812	-2.33444	-0.522439
BLOCK04/SES049/SA049S25	SES087	-1.30395	-1.66283	-0.358879
BLOCK04/SES049/SA049S25	SES104	-0.642915	-1.00179	-0.358879
BLOCK04/SES049/SA049S25	SES125	-1.2517	-1.61058	-0.358879
BLOCK04/SES049/SA049S25	SES206	-0.422569	-0.781448	-0.358879
BLOCK04/SES049/SA049S27	SES099	-0.59076	-0.0909683	0.499792
BLOCK04/SES049/SA049S27	SES104	-0.694853	-0.195061	0.499792
BLOCK04/SES049/SA049S27	SES125	-2.22821	-1.72842	0.499792
BLOCK04/SES049/SA049S27	SES206	-1.29085	-0.791062	0.499792
BLOCK04/SES049/SA049S29	SES099	-0.170111	0.705458	0.875569
BLOCK04/SES049/SA049S29	SES104	-0.088399	0.78717	0.875569
BLOCK04/SES049/SA049S29	SES125	-1.01655	-0.140984	0.875569
BLOCK04/SES049/SA049S29	SES206	-0.660972	0.214597	0.875569
BLOCK06/SES063/SA063S09	SES068	-1.3454	0.313185	1.65858
BLOCK06/SES063/SA063S09	SES083	-0.777594	0.880991	1.65858
BLOCK06/SES063/SA063S09	SES177	-0.867495	0.79109	1.65858
BLOCK06/SES063/SA063S09	SES187	-1.58236	0.0762282	1.65858
BLOCK06/SES063/SA063S10	SES068	-1.90615	-0.658256	1.24789
BLOCK06/SES063/SA063S10	SES083	-1.10457	0.143324	1.24789
BLOCK06/SES063/SA063S10	SES172	-1.08102	0.166867	1.24789
BLOCK06/SES063/SA063S10	SES187	-0.847556	0.400333	1.24789
BLOCK06/SES063/SA063S20	SES068	-2.44778	-0.80187	1.64591
BLOCK06/SES063/SA063S20	SES083	-0.355565	1.29034	1.64591
BLOCK06/SES063/SA063S20	SES172	-0.593105	1.0528	1.64591
BLOCK06/SES063/SA063S20	SES187	-1.24742	0.398489	1.64591
BLOCK06/SES063/SA063S24	SES029	-2.61951	-0.220983	2.39853
BLOCK06/SES063/SA063S24	SES083	-0.694019	1.70451	2.39853
BLOCK06/SES063/SA063S24	SES177	-1.18008	1.21845	2.39853
BLOCK06/SES063/SA063S24	SES189	-0.477772	1.92076	2.39853
BLOCK06/SES063/SA063S27	SES083	-0.484625	1.03051	1.51513
BLOCK06/SES063/SA063S27	SES172	-1.42929	0.0858443	1.51513
BLOCK06/SES063/SA063S27	SES187	-1.07518	0.439947	1.51513
BLOCK06/SES063/SA063S27	SES292	-2.25513	-0.739995	1.51513
BLOCK06/SES067/SA067S12	SES083	-1.62977	0.670473	2.30024
BLOCK06/SES067/SA067S12	SES172	-1.28831	1.01194	2.30024
BLOCK06/SES067/SA067S12	SES202	-1.39395	0.906291	2.30024
BLOCK06/SES067/SA067S12	SES292	-2.01625	0.283994	2.30024
BLOCK06/SES067/SA067S14	SES085	-1.59121	1.5437	3.1349
BLOCK06/SES067/SA067S14	SES177	-1.72559	1.40932	3.1349
BLOCK06/SES067/SA067S14	SES183	-0.385173	2.74973	3.1349
BLOCK06/SES067/SA067S14	SES202	-1.2815	1.85341	3.1349
BLOCK06/SES067/SA067S21	SES144	-1.03879	1.04839	2.08718
BLOCK06/SES067/SA067S21	SES177	-1.00517	1.08201	2.08718
BLOCK06/SES067/SA067S21	SES183	-0.747241	1.33994	2.08718
BLOCK06/SES067/SA067S21	SES189	-1.13285	0.954331	2.08718
BLOCK06/SES067/SA067S25	SES085	-1.15091	1.5079	2.65881
BLOCK06/SES067/SA067S25	SES177	-1.62308	1.03573	2.65881
BLOCK06/SES067/SA067S25	SES183	-1.27893	1.37988	2.65881
BLOCK06/SES067/SA067S25	SES202	-1.69873	0.960072	2.65881
BLOCK06/SES067/SA067S29	SES085	-2.07889	0.0683664	2.14725
BLOCK06/SES067/SA067S29	SES177	-1.65093	0.49632	2.14725
BLOCK06/SES067/SA067S29	SES183	-0.527686	1.61957	2.14725
BLOCK06/SES067/SA067S29	SES202	-0.892411	1.25484	2.14725
BLOCK06/SES069/SA069S12	SES029	-2.1407	-0.637874	1.50283
BLOCK06/SES069/SA069S12	SES082	-0.726958	0.775873	1.50283
BLOCK06/SES069/SA069S12	SES087	-1.81854	-0.315704	1.50283
BLOCK06/SES069/SA069S12	SES206	-1.23374	0.269091	1.50283
BLOCK06/SES069/SA069S13	SES029	-2.46734	-0.726738	1.7406
BLOCK06/SES069/SA069S13	SES087	-1.23454	0.506068	1.7406
BLOCK06/SES069/SA069S13	SES206	-0.988738	0.751866	1.7406
BLOCK06/SES069/SA069S13	SES226	0.0917771	1.83238	1.7406
BLOCK06/SES069/SA069S23	SES029	-0.55985	2.27093	2.83078
BLOCK06/SES069/SA069S23	SES087	-0.594194	2.23659	2.83078
BLOCK06/SES069/SA069S23	SES206	-1.23746	1.59332	2.83078
BLOCK06/SES069/SA069S23	SES226	-0.697906	2.13287	2.83078
BLOCK06/SES069/SA069S25	SES087	-1.84851	0.723092	2.5716
BLOCK06/SES069/SA069S25	SES206	-2.92655	-0.35495	2.5716
BLOCK06/SES069/SA069S25	SES226	-0.329159	2.24244	2.5716
BLOCK06/SES069/SA069S25	SES270	-1.77726	0.79434	2.5716
BLOCK06/SES069/SA069S27	SES087	-2.34898	-0.513613	1.83537
BLOCK06/SES069/SA069S27	SES206	-1.48814	0.34723	1.83537
BLOCK06/SES069/SA069S27	SES226	-0.0324241	1.80295	1.83537
BLOCK06/SES069/SA069S27	SES270	-1.33086	0.504507	1.83537
BLOCK08/SES081/SA081S11	SES060	-2.30998	0.113713	2.4237
BLOCK08/SES081/SA081S11	SES062	-1.64573	0.777961	2.4237
BLOCK08/SES081/SA081S11	SES117	-3.46845	-1.04475	2.4237
BLOCK08/SES081/SA081S11	SES162	-2.65341	-0.229714	2.4237
BLOCK08/SES081/SA081S13	SES016	-1.13396	1.86233	2.99628
BLOCK08/SES081/SA081S13	SES060	-0.741823	2.25446	2.99628
BLOCK08/SES081/SA081S13	SES068	-1.17223	1.82405	2.99628
BLOCK08/SES081/SA081S13	SES129	-2.1489	0.847381	2.99628
BLOCK08/SES081/SA081S24	SES060	-0.912432	1.46245	2.37488
BLOCK08/SES081/SA081S24	SES068	-1.11281	1.26207	2.37488
BLOCK08/SES081/SA081S24	SES117	-2.43231	-0.057424	2.37488
BLOCK08/SES081/SA081S24	SES275	-1.83825	0.536627	2.37488
BLOCK08/SES081/SA081S27	SES007	-1.25442	0.879965	2.13439
BLOCK08/SES081/SA081S27	SES060	-1.90621	0.228175	2.13439
BLOCK08/SES081/SA081S27	SES117	-1.24968	0.884702	2.13439
BLOCK08/SES081/SA081S27	SES275	-1.65826	0.476123	2.13439
BLOCK08/SES081/SA081S29	SES007	-1.00555	1.25212	2.25767
BLOCK08/SES081/SA081S29	SES060	-1.15374	1.10393	2.25767
BLOCK08/SES081/SA081S29	SES117	-1.83593	0.421743	2.25767
BLOCK08/SES081/SA081S29	SES275	-1.90428	0.353392	2.25767
BLOCK08/SES086/SA086S11	SES029	-3.43237	-3.22327	0.209103
BLOCK08/SES086/SA086S11	SES082	-1.98101	-1.77191	0.209103
BLOCK08/SES086/SA086S11	SES087	-0.380747	-0.171644	0.209103
BLOCK08/SES086/SA086S11	SES206	-1.69051	-1.48141	0.209103
BLOCK08/SES086/SA086S12	SES029	-2.38052	-1.10626	1.27425
BLOCK08/SES086/SA086S12	SES082	-2.30709	-1.03284	1.27425
BLOCK08/SES086/SA086S12	SES087	-0.331821	0.942433	1.27425
BLOCK08/SES086/SA086S12	SES206	-1.13885	0.135404	1.27425
BLOCK08/SES086/SA086S20	SES029	-3.61249	-1.78031	1.83218
BLOCK08/SES086/SA086S20	SES082	-2.34432	-0.512138	1.83218
BLOCK08/SES086/SA086S20	SES087	-0.066414	1.76576	1.83218
BLOCK08/SES086/SA086S20	SES206	-1.17108	0.661099	1.83218
BLOCK08/SES086/SA086S24	SES087	-0.407976	0.167019	0.574995
BLOCK08/SES086/SA086S24	SES104	-1.8647	-1.2897	0.574995
BLOCK08/SES086/SA086S24	SES120	-1.57811	-1.00312	0.574995
BLOCK08/SES086/SA086S24	SES206	-0.712743	-0.137748	0.574995
BLOCK08/SES086/SA086S28	SES029	-2.3594	-0.91463	1.44477
BLOCK08/SES086/SA086S28	SES082	-1.77086	-0.326094	1.44477
BLOCK08/SES086/SA086S28	SES087	-0.333145	1.11162	1.44477
BLOCK08/SES086/SA086S28	SES206	-1.02717	0.417597	1.44477
BLOCK08/SES089/SA089S13	SES087	-1.32004	-0.37281	0.947234
BLOCK08/SES089/SA089S13	SES206	-1.42041	-0.473172	0.947234
BLOCK08/SES089/SA089S13	SES226	-1.47194	-0.524709	0.947234
BLOCK08/SES089/SA089S13	SES270	-2.54703	-1.59979	0.947234
BLOCK08/SES089/SA089S14	SES062	-1.68585	-0.498339	1.18751
BLOCK08/SES089/SA089S14	SES087	-0.785366	0.402148	1.18751
BLOCK08/SES089/SA089S14	SES206	-1.55765	-0.370138	1.18751
BLOCK08/SES089/SA089S14	SES226	-1.88832	-0.700809	1.18751
BLOCK08/SES089/SA089S23	SES087	-0.925587	-0.805236	0.120352
BLOCK08/SES089/SA089S23	SES206	-0.718726	-0.598374	0.120352
BLOCK08/SES089/SA089S23	SES226	-1.10845	-0.988101	0.120352
BLOCK08/SES089/SA089S23	SES270	-2.54489	-2.42454	0.120352
BLOCK08/SES089/SA089S25	SES062	-1.71762	-0.283737	1.43388
BLOCK08/SES089/SA089S25	SES087	-0.674215	0.759663	1.43388
BLOCK08/SES089/SA089S25	SES206	-2.14655	-0.712668	1.43388
BLOCK08/SES089/SA089S25	SES226	-1.35779	0.076093	1.43388
BLOCK08/SES089/SA089S28	SES062	-1.19956	0.287513	1.48707
BLOCK08/SES089/SA089S28	SES087	-0.438587	1.04849	1.48707
BLOCK08/SES089/SA089S28	SES206	-1.01775	0.469325	1.48707
BLOCK08/SES089/SA089S28	SES226	-1.01831	0.468762	1.48707
BLOCK09/SES097/SA097S11	SES099	0.155372	0.94034	0.784968
BLOCK09/SES097/SA097S11	SES125	-1.7765	-0.99153	0.784968
BLOCK09/SES097/SA097S11	SES206	-1.27625	-0.491278	0.784968
BLOCK09/SES097/SA097S11	SES226	-0.261761	0.523207	0.784968
BLOCK09/SES097/SA097S14	SES062	-1.23876	-0.585614	0.653148
BLOCK09/SES097/SA097S14	SES099	-0.897016	-0.243867	0.653148
BLOCK09/SES097/SA097S14	SES104	-1.02741	-0.37426	0.653148
BLOCK09/SES097/SA097S14	SES206	-1.77543	-1.12228	0.653148
BLOCK09/SES097/SA097S22	SES099	-0.39382	-0.0231395	0.37068
BLOCK09/SES097/SA097S22	SES206	-1.33358	-0.962896	0.37068
BLOCK09/SES097/SA097S22	SES226	-1.57602	-1.20534	0.37068
BLOCK09/SES097/SA097S22	SES270	-0.303335	0.0673451	0.37068
BLOCK09/SES097/SA097S26	SES099	-0.109518	0.197738	0.307256
BLOCK09/SES097/SA097S26	SES120	-0.766965	-0.459708	0.307256
BLOCK09/SES097/SA097S26	SES206	-1.10673	-0.799478	0.307256
BLOCK09/SES097/SA097S26	SES226	-1.37588	-1.06863	0.307256
BLOCK09/SES097/SA097S28	SES099	-0.592483	0.393875	0.986358
BLOCK09/SES097/SA097S28	SES120	-1.24101	-0.254653	0.986358
BLOCK09/SES097/SA097S28	SES206	-1.81731	-0.830952	0.986358
BLOCK09/SES097/SA097S28	SES226	-1.93407	-0.947712	0.986358
BLOCK09/SES098/SA098S11	SES127	-1.85464	0.233808	2.08844
BLOCK09/SES098/SA098S11	SES144	-1.77427	0.314173	2.08844
BLOCK09/SES098/SA098S11	SES147	-1.24942	0.839029	2.08844
BLOCK09/SES098/SA098S11	SES148	-3.6903	-1.60186	2.08844
BLOCK09/SES098/SA098S12	SES127	-2.86098	-1.65233	1.20865
BLOCK09/SES098/SA098S12	SES144	-2.51213	-1.30348	1.20865
BLOCK09/SES098/SA098S12	SES147	-1.70646	-0.497814	1.20865
BLOCK09/SES098/SA098S12	SES189	-2.61151	-1.40286	1.20865
BLOCK09/SES098/SA098S20	SES127	-3.04156	-1.65105	1.39051
BLOCK09/SES098/SA098S20	SES147	-1.59332	-0.202805	1.39051
BLOCK09/SES098/SA098S20	SES148	-3.19	-1.79949	1.39051
BLOCK09/SES098/SA098S20	SES292	-1.79645	-0.405938	1.39051
BLOCK09/SES098/SA098S23	SES127	-2.16938	-0.289308	1.88007
BLOCK09/SES098/SA098S23	SES147	-1.69344	0.186626	1.88007
BLOCK09/SES098/SA098S23	SES187	-1.8521	0.0279729	1.88007
BLOCK09/SES098/SA098S23	SES292	-1.23489	0.645183	1.88007
BLOCK09/SES098/SA098S27	SES127	-3.77939	-2.32925	1.45014
BLOCK09/SES098/SA098S27	SES147	-2.90485	-1.4547	1.45014
BLOCK09/SES098/SA098S27	SES148	-4.07683	-2.62669	1.45014
BLOCK09/SES098/SA098S27	SES292	-0.797087	0.653057	1.45014
BLOCK10/SES102/SA102S13	SES101	-0.951332	0.182997	1.13433
BLOCK10/SES102/SA102S13	SES105	-1.22987	-0.0955424	1.13433
BLOCK10/SES102/SA102S13	SES120	-2.54383	-1.4095	1.13433
BLOCK10/SES102/SA102S13	SES158	-2.18104	-1.04671	1.13433
BLOCK10/SES102/SA102S14	SES007	-0.525114	2.34302	2.86814
BLOCK10/SES102/SA102S14	SES101	-0.498452	2.36969	2.86814
BLOCK10/SES102/SA102S14	SES105	-0.687814	2.18032	2.86814
BLOCK10/SES102/SA102S14	SES147	-2.80807	0.0600686	2.86814
BLOCK10/SES102/SA102S22	SES007	-1.45059	0.762654	2.21324
BLOCK10/SES102/SA102S22	SES101	-0.851969	1.36127	2.21324
BLOCK10/SES102/SA102S22	SES105	-0.652312	1.56093	2.21324
BLOCK10/SES102/SA102S22	SES158	-2.10028	0.112967	2.21324
BLOCK10/SES102/SA102S25	SES007	-0.833854	1.29775	2.13161
BLOCK10/SES102/SA102S25	SES101	-0.198584	1.93302	2.13161
BLOCK10/SES102/SA102S25	SES105	-1.17983	0.951774	2.13161
BLOCK10/SES102/SA102S25	SES147	-2.83817	-0.706568	2.13161
BLOCK10/SES102/SA102S27	SES007	-1.21274	0.523015	1.73575
BLOCK10/SES102/SA102S27	SES101	-0.406047	1.3297	1.73575
BLOCK10/SES102/SA102S27	SES105	-1.35599	0.379759	1.73575
BLOCK10/SES102/SA102S27	SES147	-2.47784	-0.742087	1.73575
BLOCK10/SES103/SA103S14	SES105	-2.29222	-2.69735	-0.405124
BLOCK10/SES103/SA103S14	SES106	-1.28076	-1.68588	-0.405124
BLOCK10/SES103/SA103S14	SES120	-1.84026	-2.24539	-0.405124
BLOCK10/SES103/SA103S14	SES206	-2.3603	-2.76543	-0.405124
BLOCK10/SES103/SA103S15	SES099	-1.36206	-2.0013	-0.639237
BLOCK10/SES103/SA103S15	SES101	-3.92195	-4.56119	-0.639237
BLOCK10/SES103/SA103S15	SES104	-1.77009	-2.40933	-0.639237
BLOCK10/SES103/SA103S15	SES125	-2.07312	-2.71236	-0.639237
BLOCK10/SES103/SA103S24	SES104	-1.76397	-1.44762	0.316356
BLOCK10/SES103/SA103S24	SES125	-2.33192	-2.01557	0.316356
BLOCK10/SES103/SA103S24	SES148	-2.64335	-2.327	0.316356
BLOCK10/SES103/SA103S24	SES158	-1.44198	-1.12562	0.316356
BLOCK10/SES103/SA103S26	SES104	-1.6069	-1.86292	-0.256019
BLOCK10/SES103/SA103S26	SES106	-0.88029	-1.13631	-0.256019
BLOCK10/SES103/SA103S26	SES125	-1.56368	-1.8197	-0.256019
BLOCK10/SES103/SA103S26	SES148	-3.71855	-3.97457	-0.256019
BLOCK10/SES103/SA103S28	SES104	-1.69348	-2.19464	-0.501162
BLOCK10/SES103/SA103S28	SES106	-1.05209	-1.55325	-0.501162
BLOCK10/SES103/SA103S28	SES125	-2.05727	-2.55843	-0.501162
BLOCK10/SES103/SA103S28	SES206	-2.97878	-3.47995	-0.501162
BLOCK12/SES121/SA121S12	SES042	-2.45307	-2.79156	-0.338488
BLOCK12/SES121/SA121S12	SES087	-1.80886	-2.14735	-0.338488
BLOCK12/SES121/SA121S12	SES105	-1.03946	-1.37795	-0.338488
BLOCK12/SES121/SA121S12	SES206	-1.50876	-1.84724	-0.338488
BLOCK12/SES121/SA121S14	SES007	-2.59042	-3.36072	-0.770299
BLOCK12/SES121/SA121S14	SES105	-2.77067	-3.54097	-0.770299
BLOCK12/SES121/SA121S14	SES106	-2.38842	-3.15872	-0.770299
BLOCK12/SES121/SA121S14	SES206	-2.13507	-2.90537	-0.770299
BLOCK12/SES121/SA121S23	SES105	-2.453	-2.99928	-0.546279
BLOCK12/SES121/SA121S23	SES106	-0.738316	-1.28459	-0.546279
BLOCK12/SES121/SA121S23	SES120	-1.57097	-2.11725	-0.546279
BLOCK12/SES121/SA121S23	SES206	-1.04307	-1.58934	-0.546279
BLOCK12/SES121/SA121S25	SES007	-2.23207	-3.16975	-0.937676
BLOCK12/SES121/SA121S25	SES105	-2.9515	-3.88918	-0.937676
BLOCK12/SES121/SA121S25	SES106	-1.96171	-2.89939	-0.937676
BLOCK12/SES121/SA121S25	SES206	-2.08871	-3.02639	-0.937676
BLOCK12/SES121/SA121S27	SES087	-0.332958	-0.480965	-0.148007
BLOCK12/SES121/SA121S27	SES105	-4.00284	-4.15085	-0.148007
BLOCK12/SES121/SA121S27	SES120	-0.81474	-0.962747	-0.148007
BLOCK12/SES121/SA121S27	SES206	-1.03575	-1.18376	-0.148007
BLOCK12/SES124/SA124S16	SES042	-0.452586	0.425273	0.877859
BLOCK12/SES124/SA124S16	SES082	-1.68534	-0.807482	0.877859
BLOCK12/SES124/SA124S16	SES183	-2.21784	-1.33999	0.877859
BLOCK12/SES124/SA124S16	SES206	-2.19714	-1.31928	0.877859
BLOCK12/SES124/SA124S17	SES105	-2.3316	-2.36628	-0.0346757
BLOCK12/SES124/SA124S17	SES149	-2.87824	-2.91291	-0.0346757
BLOCK12/SES124/SA124S17	SES158	-2.39983	-2.4345	-0.0346757
BLOCK12/SES124/SA124S17	SES275	-1.30607	-1.34074	-0.0346757
BLOCK12/SES124/SA124S23	SES105	-2.87933	-1.12068	1.75866
BLOCK12/SES124/SA124S23	SES125	-0.707823	1.05084	1.75866
BLOCK12/SES124/SA124S23	SES129	-3.43431	-1.67565	1.75866
BLOCK12/SES124/SA124S23	SES158	-0.915083	0.843576	1.75866
BLOCK12/SES124/SA124S26	SES105	-3.23447	-2.34209	0.892371
BLOCK12/SES124/SA124S26	SES125	-2.03613	-1.14376	0.892371
BLOCK12/SES124/SA124S26	SES129	-3.63692	-2.74455	0.892371
BLOCK12/SES124/SA124S26	SES158	-1.46638	-0.57401	0.892371
BLOCK12/SES124/SA124S28	SES104	-0.688348	0.725832	1.41418
BLOCK12/SES124/SA124S28	SES106	-1.10362	0.310557	1.41418
BLOCK12/SES124/SA124S28	SES125	-0.516803	0.897377	1.41418
BLOCK12/SES124/SA124S28	SES275	-2.22415	-0.809967	1.41418
BLOCK12/SES126/SA126S13	SES007	-1.00057	0.613035	1.61361
BLOCK12/SES126/SA126S13	SES162	-2.04522	-0.431608	1.61361
BLOCK12/SES126/SA126S13	SES177	-1.19178	0.421824	1.61361
BLOCK12/SES126/SA126S13	SES180	-1.6335	-0.0198879	1.61361
BLOCK12/SES126/SA126S14	SES144	-1.24027	0.719018	1.95928
BLOCK12/SES126/SA126S14	SES148	-2.16739	-0.208102	1.95928
BLOCK12/SES126/SA126S14	SES177	-0.649569	1.30972	1.95928
BLOCK12/SES126/SA126S14	SES180	-2.39468	-0.435396	1.95928
BLOCK12/SES126/SA126S20	SES007	-0.941603	1.18585	2.12745
BLOCK12/SES126/SA126S20	SES162	-1.89715	0.2303	2.12745
BLOCK12/SES126/SA126S20	SES172	-2.48442	-0.356973	2.12745
BLOCK12/SES126/SA126S20	SES180	-2.2724	-0.144947	2.12745
BLOCK12/SES126/SA126S24	SES120	-0.746607	1.79967	2.54628
BLOCK12/SES126/SA126S24	SES162	-1.99518	0.551097	2.54628
BLOCK12/SES126/SA126S24	SES177	-0.805151	1.74113	2.54628
BLOCK12/SES126/SA126S24	SES180	-1.44907	1.09721	2.54628
BLOCK12/SES126/SA126S26	SES120	-0.702184	1.17443	1.87661
BLOCK12/SES126/SA126S26	SES177	-1.31879	0.557829	1.87661
BLOCK12/SES126/SA126S26	SES180	-1.61637	0.260242	1.87661
BLOCK12/SES126/SA126S26	SES202	-2.6709	-0.794286	1.87661
BLOCK12/SES128/SA128S10	SES087	-2.68796	-1.6164	1.07156
BLOCK12/SES128/SA128S10	SES206	-1.57103	-0.499472	1.07156
BLOCK12/SES128/SA128S10	SES226	-1.20724	-0.135688	1.07156
BLOCK12/SES128/SA128S10	SES270	-0.925272	0.146284	1.07156
BLOCK12/SES128/SA128S12	SES120	-1.38687	-0.5608	0.826073
BLOCK12/SES128/SA128S12	SES158	-1.79524	-0.969166	0.826073
BLOCK12/SES128/SA128S12	SES206	-0.953287	-0.127214	0.826073
BLOCK12/SES128/SA128S12	SES226	-1.79929	-0.973217	0.826073
BLOCK12/SES128/SA128S21	SES106	-1.41613	-0.861051	0.555076
BLOCK12/SES128/SA128S21	SES120	-2.52336	-1.96829	0.555076
BLOCK12/SES128/SA128S21	SES206	-1.98481	-1.42973	0.555076
BLOCK12/SES128/SA128S21	SES226	-0.872707	-0.317631	0.555076
BLOCK12/SES128/SA128S24	SES087	-1.59588	-0.655771	0.940108
BLOCK12/SES128/SA128S24	SES120	-1.1353	-0.195191	0.940108
BLOCK12/SES128/SA128S24	SES206	-0.63081	0.309298	0.940108
BLOCK12/SES128/SA128S24	SES226	-1.6644	-0.72429	0.940108
BLOCK12/SES128/SA128S27	SES099	-0.192827	1.62894	1.82177
BLOCK12/SES128/SA128S27	SES120	-0.607465	1.21431	1.82177
BLOCK12/SES128/SA128S27	SES206	-0.948401	0.87337	1.82177
BLOCK12/SES128/SA128S27	SES226	-1.16016	0.661611	1.82177
BLOCK13/SES130/SA130S13	SES143	-0.776181	0.452993	1.22917
BLOCK13/SES130/SA130S13	SES144	-0.357864	0.87131	1.22917
BLOCK13/SES130/SA130S13	SES146	-1.74469	-0.515515	1.22917
BLOCK13/SES130/SA130S13	SES275	-2.22383	-0.994659	1.22917
BLOCK13/SES130/SA130S15	SES143	-1.532	0.948278	2.48028
BLOCK13/SES130/SA130S15	SES144	-0.40447	2.07581	2.48028
BLOCK13/SES130/SA130S15	SES146	-1.49995	0.980325	2.48028
BLOCK13/SES130/SA130S15	SES275	-1.66807	0.812209	2.48028
BLOCK13/SES130/SA130S23	SES127	-1.94111	-0.397421	1.54369
BLOCK13/SES130/SA130S23	SES144	-1.78649	-0.242799	1.54369
BLOCK13/SES130/SA130S23	SES146	-1.64675	-0.103064	1.54369
BLOCK13/SES130/SA130S23	SES162	-1.38754	0.156145	1.54369
BLOCK13/SES130/SA130S25	SES127	-0.76298	1.24331	2.00629
BLOCK13/SES130/SA130S25	SES144	-1.16111	0.845179	2.00629
BLOCK13/SES130/SA130S25	SES146	-1.3122	0.694089	2.00629
BLOCK13/SES130/SA130S25	SES275	-0.905136	1.10115	2.00629
BLOCK13/SES130/SA130S28	SES127	-1.05254	0.652546	1.70508
BLOCK13/SES130/SA130S28	SES144	-1.2438	0.461284	1.70508
BLOCK13/SES130/SA130S28	SES146	-1.00149	0.703594	1.70508
BLOCK13/SES130/SA130S28	SES275	-0.917585	0.787498	1.70508
BLOCK13/SES131/SA131S13	SES002	-2.48727	-3.58801	-1.10075
BLOCK13/SES131/SA131S13	SES007	-2.10459	-3.20533	-1.10075
BLOCK13/SES131/SA131S13	SES099	-1.18357	-2.28432	-1.10075
BLOCK13/SES131/SA131S13	SES105	-1.79838	-2.89912	-1.10075
BLOCK13/SES131/SA131S14	SES104	-0.597374	0.358584	0.955957
BLOCK13/SES131/SA131S14	SES106	-1.33604	-0.380079	0.955957
BLOCK13/SES131/SA131S14	SES125	-1.07942	-0.123466	0.955957
BLOCK13/SES131/SA131S14	SES148	-0.749208	0.206749	0.955957
BLOCK13/SES131/SA131S20	SES104	-2.09472	-2.8243	-0.729582
BLOCK13/SES131/SA131S20	SES106	-1.68844	-2.41802	-0.729582
BLOCK13/SES131/SA131S20	SES125	-2.68766	-3.41724	-0.729582
BLOCK13/SES131/SA131S20	SES148	-1.69485	-2.42444	-0.729582
BLOCK13/SES131/SA131S22	SES099	-1.33905	-0.520112	0.818936
BLOCK13/SES131/SA131S22	SES104	-1.57249	-0.753553	0.818936
BLOCK13/SES131/SA131S22	SES125	-2.24181	-1.42288	0.818936
BLOCK13/SES131/SA131S22	SES206	-2.20766	-1.38873	0.818936
BLOCK13/SES131/SA131S29	SES087	-2.01386	-2.08461	-0.0707456
BLOCK13/SES131/SA131S29	SES104	-2.47873	-2.54948	-0.0707456
BLOCK13/SES131/SA131S29	SES125	-3.30421	-3.37496	-0.0707456
BLOCK13/SES131/SA131S29	SES206	-2.27737	-2.34811	-0.0707456
BLOCK13/SES132/SA132S11	SES083	-2.36657	-0.563778	1.8028
BLOCK13/SES132/SA132S11	SES120	0.0462354	1.84903	1.8028
BLOCK13/SES132/SA132S11	SES127	-1.74528	0.057517	1.8028
BLOCK13/SES132/SA132S11	SES275	-1.26511	0.537682	1.8028
BLOCK13/SES132/SA132S12	SES083	-2.18751	0.111016	2.29853
BLOCK13/SES132/SA132S12	SES143	-1.60744	0.69109	2.29853
BLOCK13/SES132/SA132S12	SES144	-1.1314	1.16712	2.29853
BLOCK13/SES132/SA132S12	SES148	-0.993024	1.3055	2.29853
BLOCK13/SES132/SA132S22	SES062	-1.39219	0.734243	2.12644
BLOCK13/SES132/SA132S22	SES083	-2.75392	-0.627485	2.12644
BLOCK13/SES132/SA132S22	SES127	-1.76615	0.360286	2.12644
BLOCK13/SES132/SA132S22	SES275	-0.943308	1.18313	2.12644
BLOCK13/SES132/SA132S24	SES007	-1.28996	1.53935	2.82931
BLOCK13/SES132/SA132S24	SES083	-2.35741	0.471892	2.82931
BLOCK13/SES132/SA132S24	SES127	-2.18729	0.642012	2.82931
BLOCK13/SES132/SA132S24	SES275	-1.14084	1.68847	2.82931
BLOCK13/SES132/SA132S27	SES083	-3.00282	-1.64124	1.36158
BLOCK13/SES132/SA132S27	SES120	-0.344624	1.01696	1.36158
BLOCK13/SES132/SA132S27	SES127	-2.45741	-1.09583	1.36158
BLOCK13/SES132/SA132S27	SES275	-2.01918	-0.657596	1.36158
BLOCK14/SES141/SA141S09	SES143	-1.64696	0.705982	2.35294
BLOCK14/SES141/SA141S09	SES144	-1.17372	1.17922	2.35294
BLOCK14/SES141/SA141S09	SES162	-1.63407	0.718869	2.35294
BLOCK14/SES141/SA141S09	SES180	-1.44278	0.910156	2.35294
BLOCK14/SES141/SA141S15	SES127	-1.94688	0.305734	2.25261
BLOCK14/SES141/SA141S15	SES144	-2.07672	0.175889	2.25261
BLOCK14/SES141/SA141S15	SES162	-2.26704	-0.0144268	2.25261
BLOCK14/SES141/SA141S15	SES180	-1.90635	0.346266	2.25261
BLOCK14/SES141/SA141S24	SES127	-1.33339	1.1536	2.487
BLOCK14/SES141/SA141S24	SES144	-1.92418	0.562819	2.487
BLOCK14/SES141/SA141S24	SES162	-1.86884	0.618154	2.487
BLOCK14/SES141/SA141S24	SES183	-1.8949	0.5921	2.487
BLOCK14/SES141/SA141S26	SES142	-0.949871	1.21405	2.16392
BLOCK14/SES141/SA141S26	SES144	-2.14686	0.0170632	2.16392
BLOCK14/SES141/SA141S26	SES172	-1.1143	1.04962	2.16392
BLOCK14/SES141/SA141S26	SES180	-1.99251	0.171411	2.16392
BLOCK14/SES141/SA141S29	SES127	-0.802214	1.35154	2.15375
BLOCK14/SES141/SA141S29	SES142	-0.389576	1.76418	2.15375
BLOCK14/SES141/SA141S29	SES144	-1.34869	0.805065	2.15375
BLOCK14/SES141/SA141S29	SES180	-1.27716	0.876593	2.15375
BLOCK15/SES157/SA157S08	SES083	-2.04802	-0.413892	1.63413
BLOCK15/SES157/SA157S08	SES127	-1.17642	0.457713	1.63413
BLOCK15/SES157/SA157S08	SES148	-1.74223	-0.108094	1.63413
BLOCK15/SES157/SA157S08	SES292	-2.48381	-0.849672	1.63413
BLOCK15/SES157/SA157S11	SES083	-2.02504	-0.375277	1.64976
BLOCK15/SES157/SA157S11	SES127	-1.36601	0.283758	1.64976
BLOCK15/SES157/SA157S11	SES148	-2.16093	-0.511167	1.64976
BLOCK15/SES157/SA157S11	SES292	-2.62899	-0.979223	1.64976
BLOCK15/SES157/SA157S21	SES127	-0.889193	0.660819	1.55001
BLOCK15/SES157/SA157S21	SES148	-0.176632	1.37338	1.55001
BLOCK15/SES157/SA157S21	SES158	-5.09055	-3.54054	1.55001
BLOCK15/SES157/SA157S21	SES292	-1.71373	-0.163718	1.55001
BLOCK15/SES157/SA157S24	SES127	-1.05325	0.735805	1.78906
BLOCK15/SES157/SA157S24	SES148	-1.5763	0.212763	1.78906
BLOCK15/SES157/SA157S24	SES183	-2.02091	-0.231851	1.78906
BLOCK15/SES157/SA157S24	SES292	-2.75954	-0.97048	1.78906
BLOCK15/SES157/SA157S26	SES007	-0.865839	1.13015	1.99599
BLOCK15/SES157/SA157S26	SES127	-0.871425	1.12456	1.99599
BLOCK15/SES157/SA157S26	SES147	-1.73364	0.262347	1.99599
BLOCK15/SES157/SA157S26	SES148	-0.946589	1.0494	1.99599
BLOCK16/SES161/SA161S10	SES007	-1.38358	-1.09946	0.284128
BLOCK16/SES161/SA161S10	SES105	-1.5015	-1.21737	0.284128
BLOCK16/SES161/SA161S10	SES158	-1.79791	-1.51379	0.284128
BLOCK16/SES161/SA161S10	SES275	-1.12903	-0.844898	0.284128
BLOCK16/SES161/SA161S12	SES007	-2.54063	-1.77007	0.770563
BLOCK16/SES161/SA161S12	SES105	-2.99708	-2.22652	0.770563
BLOCK16/SES161/SA161S12	SES158	-1.32468	-0.554118	0.770563
BLOCK16/SES161/SA161S12	SES275	-1.71315	-0.942591	0.770563
BLOCK16/SES161/SA161S20	SES007	-2.2439	-1.96545	0.278451
BLOCK16/SES161/SA161S20	SES105	-2.99664	-2.71819	0.278451
BLOCK16/SES161/SA161S20	SES158	-1.24401	-0.965559	0.278451
BLOCK16/SES161/SA161S20	SES275	-1.90363	-1.62518	0.278451
BLOCK16/SES161/SA161S23	SES007	-2.24608	-1.41967	0.826407
BLOCK16/SES161/SA161S23	SES105	-1.94156	-1.11515	0.826407
BLOCK16/SES161/SA161S23	SES148	-1.98735	-1.16094	0.826407
BLOCK16/SES161/SA161S23	SES158	-2.01809	-1.19169	0.826407
BLOCK16/SES161/SA161S28	SES007	-2.77455	-1.45055	1.324
BLOCK16/SES161/SA161S28	SES105	-2.82925	-1.50525	1.324
BLOCK16/SES161/SA161S28	SES158	-1.1203	0.203698	1.324
BLOCK16/SES161/SA161S28	SES206	-1.20479	0.119203	1.324
BLOCK16/SES164/SA164S11	SES104	-1.37049	-0.978667	0.39182
BLOCK16/SES164/SA164S11	SES125	-1.26204	-0.870218	0.39182
BLOCK16/SES164/SA164S11	SES158	-0.294269	0.0975506	0.39182
BLOCK16/SES164/SA164S11	SES206	-2.01977	-1.62795	0.39182
BLOCK16/SES164/SA164S13	SES099	-1.48816	-1.52941	-0.0412513
BLOCK16/SES164/SA164S13	SES104	-1.48456	-1.52581	-0.0412513
BLOCK16/SES164/SA164S13	SES125	-2.70684	-2.74809	-0.0412513
BLOCK16/SES164/SA164S13	SES206	-2.2566	-2.29785	-0.0412513
BLOCK16/SES164/SA164S24	SES002	-0.506578	-0.493137	0.0134406
BLOCK16/SES164/SA164S24	SES099	-1.10532	-1.09188	0.0134406
BLOCK16/SES164/SA164S24	SES125	-1.87879	-1.86535	0.0134406
BLOCK16/SES164/SA164S24	SES226	-0.505542	-0.492101	0.0134406
BLOCK16/SES164/SA164S27	SES087	-2.19259	-2.38078	-0.188194
BLOCK16/SES164/SA164S27	SES125	-1.71148	-1.89968	-0.188194
BLOCK16/SES164/SA164S27	SES206	-1.99873	-2.18693	-0.188194
BLOCK16/SES164/SA164S27	SES226	-1.53912	-1.72732	-0.188194
BLOCK16/SES164/SA164S29	SES002	-0.579709	-0.568146	0.0115625
BLOCK16/SES164/SA164S29	SES019	-1.23887	-1.22731	0.0115625
BLOCK16/SES164/SA164S29	SES125	-1.95023	-1.93867	0.0115625
BLOCK16/SES164/SA164S29	SES226	-1.97796	-1.96639	0.0115625
BLOCK16/SES169/SA169S13	SES117	-1.70012	-0.204001	1.49612
BLOCK16/SES169/SA169S13	SES144	-1.34227	0.153849	1.49612
BLOCK16/SES169/SA169S13	SES146	-1.78396	-0.28784	1.49612
BLOCK16/SES169/SA169S13	SES162	-1.21219	0.283931	1.49612
BLOCK16/SES169/SA169S14	SES144	-1.79731	0.774469	2.57178
BLOCK16/SES169/SA169S14	SES148	-1.69452	0.877258	2.57178
BLOCK16/SES169/SA169S14	SES177	-1.11252	1.45926	2.57178
BLOCK16/SES169/SA169S14	SES180	-1.63741	0.93437	2.57178
BLOCK16/SES169/SA169S24	SES117	-1.45784	-0.806963	0.650874
BLOCK16/SES169/SA169S24	SES144	-1.14109	-0.490213	0.650874
BLOCK16/SES169/SA169S24	SES146	-0.941092	-0.290218	0.650874
BLOCK16/SES169/SA169S24	SES162	-1.22948	-0.578611	0.650874
BLOCK16/SES169/SA169S27	SES127	-1.03272	0.354823	1.38755
BLOCK16/SES169/SA169S27	SES129	-1.26504	0.122503	1.38755
BLOCK16/SES169/SA169S27	SES144	-1.50217	-0.11462	1.38755
BLOCK16/SES169/SA169S27	SES146	-0.287039	1.10051	1.38755
BLOCK16/SES169/SA169S29	SES144	-0.742609	1.71619	2.4588
BLOCK16/SES169/SA169S29	SES162	-0.763811	1.69499	2.4588
BLOCK16/SES169/SA169S29	SES177	-1.6567	0.802096	2.4588
BLOCK16/SES169/SA169S29	SES180	-1.15324	1.30555	2.4588
BLOCK17/SES171/SA171S12	SES083	-1.41028	-1.11533	0.29495
BLOCK17/SES171/SA171S12	SES148	-2.10471	-1.80976	0.29495
BLOCK17/SES171/SA171S12	SES172	-1.44984	-1.15489	0.29495
BLOCK17/SES171/SA171S12	SES292	-2.7746	-2.47965	0.29495
BLOCK17/SES171/SA171S15	SES148	-1.70221	-0.95865	0.743564
BLOCK17/SES171/SA171S15	SES177	-1.09218	-0.348617	0.743564
BLOCK17/SES171/SA171S15	SES180	-3.15471	-2.41114	0.743564
BLOCK17/SES171/SA171S15	SES292	-1.89044	-1.14688	0.743564
BLOCK17/SES171/SA171S22	SES007	-1.67986	0.230047	1.90991
BLOCK17/SES171/SA171S22	SES148	-1.49851	0.411401	1.90991
BLOCK17/SES171/SA171S22	SES177	-1.22616	0.683756	1.90991
BLOCK17/SES171/SA171S22	SES180	-2.74254	-0.832624	1.90991
BLOCK17/SES171/SA171S25	SES101	-1.571	-0.628138	0.942862
BLOCK17/SES171/SA171S25	SES120	-3.24926	-2.3064	0.942862
BLOCK17/SES171/SA171S25	SES177	-1.5863	-0.643442	0.942862
BLOCK17/SES171/SA171S25	SES180	-2.49755	-1.55469	0.942862
BLOCK17/SES171/SA171S27	SES177	-0.899387	-0.00228615	0.897101
BLOCK17/SES171/SA171S27	SES180	-2.52371	-1.62661	0.897101
BLOCK17/SES171/SA171S27	SES189	-0.559556	0.337545	0.897101
BLOCK17/SES171/SA171S27	SES292	-1.78647	-0.889365	0.897101
BLOCK17/SES173/SA173S13	SES162	-3.99127	-2.23751	1.75376
BLOCK17/SES173/SA173S13	SES177	-1.84079	-0.0870296	1.75376
BLOCK17/SES173/SA173S13	SES180	-3.53416	-1.7804	1.75376
BLOCK17/SES173/SA173S13	SES292	-0.602388	1.15137	1.75376
BLOCK17/SES173/SA173S14	SES007	-1.62645	-0.0772286	1.54922
BLOCK17/SES173/SA173S14	SES162	-3.70677	-2.15755	1.54922
BLOCK17/SES173/SA173S14	SES177	-1.36758	0.181643	1.54922
BLOCK17/SES173/SA173S14	SES180	-3.70509	-2.15587	1.54922
BLOCK17/SES173/SA173S24	SES144	-2.68384	-1.41504	1.2688
BLOCK17/SES173/SA173S24	SES162	-3.03052	-1.76172	1.2688
BLOCK17/SES173/SA173S24	SES177	-1.52532	-0.256518	1.2688
BLOCK17/SES173/SA173S24	SES180	-3.33056	-2.06176	1.2688
BLOCK17/SES173/SA173S27	SES162	-4.4026	-2.77909	1.62352
BLOCK17/SES173/SA173S27	SES177	-2.55141	-0.927889	1.62352
BLOCK17/SES173/SA173S27	SES180	-2.4832	-0.859684	1.62352
BLOCK17/SES173/SA173S27	SES292	-0.591554	1.03196	1.62352
BLOCK17/SES173/SA173S29	SES162	-3.08801	-1.21859	1.86942
BLOCK17/SES173/SA173S29	SES175	-1.99504	-0.125619	1.86942
BLOCK17/SES173/SA173S29	SES177	-1.54981	0.319612	1.86942
BLOCK17/SES173/SA173S29	SES292	-1.99851	-0.129092	1.86942
BLOCK18/SES182/SA182S10	SES144	-1.84825	-0.433501	1.41475
BLOCK18/SES182/SA182S10	SES177	-1.58418	-0.169431	1.41475
BLOCK18/SES182/SA182S10	SES180	-2.8685	-1.45375	1.41475
BLOCK18/SES182/SA182S10	SES275	-0.308434	1.10632	1.41475
BLOCK18/SES182/SA182S12	SES144	-0.639161	1.65583	2.29499
BLOCK18/SES182/SA182S12	SES177	-0.82189	1.4731	2.29499
BLOCK18/SES182/SA182S12	SES180	-1.57211	0.722878	2.29499
BLOCK18/SES182/SA182S12	SES275	-0.481951	1.81304	2.29499
BLOCK18/SES182/SA182S21	SES117	-2.30021	-1.27463	1.02558
BLOCK18/SES182/SA182S21	SES144	-1.51201	-0.486438	1.02558
BLOCK18/SES182/SA182S21	SES162	-1.26306	-0.237486	1.02558
BLOCK18/SES182/SA182S21	SES180	-2.90299	-1.87741	1.02558
BLOCK18/SES182/SA182S23	SES117	-1.87528	-0.769504	1.10577
BLOCK18/SES182/SA182S23	SES144	-1.66272	-0.556946	1.10577
BLOCK18/SES182/SA182S23	SES180	-2.81008	-1.7043	1.10577
BLOCK18/SES182/SA182S23	SES275	-0.108249	0.997526	1.10577
BLOCK18/SES182/SA182S25	SES007	-0.169146	0.534719	0.703866
BLOCK18/SES182/SA182S25	SES162	-1.16813	-0.464266	0.703866
BLOCK18/SES182/SA182S25	SES177	-1.06261	-0.358748	0.703866
BLOCK18/SES182/SA182S25	SES180	-2.50606	-1.8022	0.703866
BLOCK18/SES184/SA184S12	SES177	-2.41935	-1.11581	1.30354
BLOCK18/SES184/SA184S12	SES180	-1.83818	-0.534644	1.30354
BLOCK18/SES184/SA184S12	SES189	-1.7717	-0.468165	1.30354
BLOCK18/SES184/SA184S12	SES292	-1.42841	-0.124867	1.30354
BLOCK18/SES184/SA184S13	SES101	-1.92509	-0.524516	1.40057
BLOCK18/SES184/SA184S13	SES177	-2.44169	-1.04112	1.40057
BLOCK18/SES184/SA184S13	SES180	-2.2096	-0.80903	1.40057
BLOCK18/SES184/SA184S13	SES292	-2.75451	-1.35394	1.40057
BLOCK18/SES184/SA184S22	SES177	-1.99611	-0.0948187	1.90129
BLOCK18/SES184/SA184S22	SES180	-1.89338	0.00791029	1.90129
BLOCK18/SES184/SA184S22	SES189	-1.69123	0.210067	1.90129
BLOCK18/SES184/SA184S22	SES292	-2.26412	-0.362825	1.90129
BLOCK18/SES184/SA184S25	SES101	-1.35952	0.882725	2.24224
BLOCK18/SES184/SA184S25	SES177	-2.6958	-0.453555	2.24224
BLOCK18/SES184/SA184S25	SES180	-1.6235	0.61874	2.24224
BLOCK18/SES184/SA184S25	SES292	-1.91238	0.329862	2.24224
BLOCK18/SES184/SA184S27	SES083	-1.58486	-0.498854	1.08601
BLOCK18/SES184/SA184S27	SES177	-1.49878	-0.412777	1.08601
BLOCK18/SES184/SA184S27	SES202	-1.74744	-0.661436	1.08601
BLOCK18/SES184/SA184S27	SES292	-2.00394	-0.917929	1.08601
BLOCK20/SES204/SA204S12	SES062	-0.777335	1.62155	2.39888
BLOCK20/SES204/SA204S12	SES083	-3.32056	-0.921676	2.39888
BLOCK20/SES204/SA204S12	SES206	-1.15839	1.24049	2.39888
BLOCK20/SES204/SA204S12	SES226	-2.20851	0.190376	2.39888
BLOCK20/SES204/SA204S14	SES068	-1.16795	1.91045	3.0784
BLOCK20/SES204/SA204S14	SES087	-0.161951	2.91645	3.0784
BLOCK20/SES204/SA204S14	SES206	-1.45231	1.6261	3.0784
BLOCK20/SES204/SA204S14	SES226	-2.02333	1.05507	3.0784
BLOCK20/SES204/SA204S22	SES068	-1.37662	1.05835	2.43497
BLOCK20/SES204/SA204S22	SES082	-2.22755	0.20742	2.43497
BLOCK20/SES204/SA204S22	SES083	-3.53177	-1.0968	2.43497
BLOCK20/SES204/SA204S22	SES206	-1.49859	0.936376	2.43497
BLOCK20/SES204/SA204S25	SES062	-1.30198	0.968356	2.27033
BLOCK20/SES204/SA204S25	SES083	-3.27054	-1.00021	2.27033
BLOCK20/SES204/SA204S25	SES206	-1.13277	1.13756	2.27033
BLOCK20/SES204/SA204S25	SES226	-1.84155	0.428781	2.27033
BLOCK20/SES204/SA204S27	SES068	-1.3392	0.29188	1.63108
BLOCK20/SES204/SA204S27	SES082	-2.00736	-0.376282	1.63108
BLOCK20/SES204/SA204S27	SES087	-0.702348	0.928728	1.63108
BLOCK20/SES204/SA204S27	SES206	-1.4548	0.176273	1.63108
BLOCK20/SES207/SA207S10	SES127	-1.66285	-0.318733	1.34411
BLOCK20/SES207/SA207S10	SES183	-1.54803	-0.203912	1.34411
BLOCK20/SES207/SA207S10	SES189	-1.74619	-0.402078	1.34411
BLOCK20/SES207/SA207S10	SES292	-1.55666	-0.212541	1.34411
BLOCK20/SES207/SA207S11	SES127	-2.28843	-1.15036	1.13806
BLOCK20/SES207/SA207S11	SES183	-1.83539	-0.697322	1.13806
BLOCK20/SES207/SA207S11	SES187	-1.493	-0.35494	1.13806
BLOCK20/SES207/SA207S11	SES292	-0.825682	0.312383	1.13806
BLOCK20/SES207/SA207S25	SES068	-1.82046	-0.0409751	1.77949
BLOCK20/SES207/SA207S25	SES083	-1.78108	-0.00159743	1.77949
BLOCK20/SES207/SA207S25	SES127	-1.2499	0.529587	1.77949
BLOCK20/SES207/SA207S25	SES187	-1.37181	0.407674	1.77949
BLOCK20/SES207/SA207S27	SES127	-1.96085	-0.792577	1.16828
BLOCK20/SES207/SA207S27	SES183	-1.60134	-0.433064	1.16828
BLOCK20/SES207/SA207S27	SES187	-1.40364	-0.235368	1.16828
BLOCK20/SES207/SA207S27	SES292	-1.82111	-0.652835	1.16828
BLOCK20/SES207/SA207S29	SES083	-1.80057	-0.0551859	1.74538
BLOCK20/SES207/SA207S29	SES085	-1.80826	-0.0628763	1.74538
BLOCK20/SES207/SA207S29	SES172	-0.825244	0.920138	1.74538
BLOCK20/SES207/SA207S29	SES189	-2.08014	-0.334761	1.74538
BLOCK22/SES221/SA221S12	SES068	-0.41504	2.52884	2.94388
BLOCK22/SES221/SA221S12	SES143	-2.32712	0.616756	2.94388
BLOCK22/SES221/SA221S12	SES175	-1.39802	1.54585	2.94388
BLOCK22/SES221/SA221S12	SES202	-1.68127	1.2626	2.94388
BLOCK22/SES221/SA221S15	SES085	-1.05346	1.04086	2.09432
BLOCK22/SES221/SA221S15	SES143	-2.52281	-0.42849	2.09432
BLOCK22/SES221/SA221S15	SES175	-1.63844	0.455886	2.09432
BLOCK22/SES221/SA221S15	SES187	-2.04379	0.0505329	2.09432
BLOCK22/SES221/SA221S23	SES068	-0.784775	1.6877	2.47248
BLOCK22/SES221/SA221S23	SES143	-2.23579	0.236689	2.47248
BLOCK22/SES221/SA221S23	SES175	-1.16941	1.30307	2.47248
BLOCK22/SES221/SA221S23	SES189	-1.78838	0.684099	2.47248
BLOCK22/SES221/SA221S27	SES085	0.0207264	2.36542	2.34469
BLOCK22/SES221/SA221S27	SES143	-1.83488	0.509806	2.34469
BLOCK22/SES221/SA221S27	SES175	-1.31771	1.02698	2.34469
BLOCK22/SES221/SA221S27	SES189	-0.985371	1.35932	2.34469
BLOCK22/SES221/SA221S29	SES085	-0.436881	1.99328	2.43016
BLOCK22/SES221/SA221S29	SES143	-1.83147	0.598687	2.43016
BLOCK22/SES221/SA221S29	SES175	-1.05973	1.37043	2.43016
BLOCK22/SES221/SA221S29	SES187	-1.88882	0.541336	2.43016
BLOCK22/SES223/SA223S11	SES143	-1.84753	-0.780449	1.06708
BLOCK22/SES223/SA223S11	SES144	-3.27709	-2.21001	1.06708
BLOCK22/SES223/SA223S11	SES175	-1.35036	-0.283281	1.06708
BLOCK22/SES223/SA223S11	SES187	-2.86796	-1.80088	1.06708
BLOCK22/SES223/SA223S13	SES068	-0.337675	0.778038	1.11571
BLOCK22/SES223/SA223S13	SES143	-2.80685	-1.69114	1.11571
BLOCK22/SES223/SA223S13	SES146	-2.60168	-1.48597	1.11571
BLOCK22/SES223/SA223S13	SES202	-2.95804	-1.84232	1.11571
BLOCK22/SES223/SA223S22	SES143	-2.31538	-1.23347	1.08191
BLOCK22/SES223/SA223S22	SES144	-3.18893	-2.10702	1.08191
BLOCK22/SES223/SA223S22	SES175	-1.3367	-0.254797	1.08191
BLOCK22/SES223/SA223S22	SES187	-1.62778	-0.545874	1.08191
BLOCK22/SES223/SA223S25	SES068	-0.756002	1.06515	1.82115
BLOCK22/SES223/SA223S25	SES143	-2.32363	-0.502478	1.82115
BLOCK22/SES223/SA223S25	SES175	-1.52545	0.295703	1.82115
BLOCK22/SES223/SA223S25	SES187	-2.09053	-0.269375	1.82115
BLOCK22/SES223/SA223S27	SES143	-1.40414	-0.36984	1.0343
BLOCK22/SES223/SA223S27	SES146	-1.61845	-0.584147	1.0343
BLOCK22/SES223/SA223S27	SES187	-2.35575	-1.32145	1.0343
BLOCK22/SES223/SA223S27	SES292	-0.379609	0.654693	1.0343
BLOCK27/SES273/SA273S12	SES099	-0.764303	1.12138	1.88568
BLOCK27/SES273/SA273S12	SES104	-1.17824	0.707436	1.88568
BLOCK27/SES273/SA273S12	SES125	-2.04323	-0.157545	1.88568
BLOCK27/SES273/SA273S12	SES206	-1.21366	0.672018	1.88568
BLOCK27/SES273/SA273S13	SES099	-1.4086	0.727408	2.13601
BLOCK27/SES273/SA273S13	SES104	-1.95277	0.183238	2.13601
BLOCK27/SES273/SA273S13	SES206	-1.96597	0.170044	2.13601
BLOCK27/SES273/SA273S13	SES292	-1.17866	0.957346	2.13601
BLOCK27/SES273/SA273S21	SES099	-1.08227	0.731183	1.81345
BLOCK27/SES273/SA273S21	SES148	-2.60042	-0.786974	1.81345
BLOCK27/SES273/SA273S21	SES149	-1.65445	0.159002	1.81345
BLOCK27/SES273/SA273S21	SES177	-2.22536	-0.411911	1.81345
BLOCK27/SES273/SA273S25	SES104	-1.8851	-0.580792	1.30431
BLOCK27/SES273/SA273S25	SES125	-2.90005	-1.59574	1.30431
BLOCK27/SES273/SA273S25	SES158	-0.545097	0.759211	1.30431
BLOCK27/SES273/SA273S25	SES206	-1.49723	-0.192919	1.30431
BLOCK27/SES273/SA273S27	SES099	-0.824104	1.2626	2.08671
BLOCK27/SES273/SA273S27	SES104	-1.03016	1.05655	2.08671
BLOCK27/SES273/SA273S27	SES149	-1.54129	0.545414	2.08671
BLOCK27/SES273/SA273S27	SES275	-1.60238	0.484325	2.08671
BLOCK27/SES274/SA274S10	SES105	-2.036	0.3428	2.3788
BLOCK27/SES274/SA274S10	SES125	-2.86567	-0.486875	2.3788
BLOCK27/SES274/SA274S10	SES129	-0.588326	1.79047	2.3788
BLOCK27/SES274/SA274S10	SES158	-3.25057	-0.871772	2.3788
BLOCK27/SES274/SA274S11	SES105	-1.21943	0.924541	2.14397
BLOCK27/SES274/SA274S11	SES149	-2.19154	-0.0475705	2.14397
BLOCK27/SES274/SA274S11	SES158	-1.36619	0.777772	2.14397
BLOCK27/SES274/SA274S11	SES275	-0.804105	1.33986	2.14397
BLOCK27/SES274/SA274S21	SES105	-2.14538	0.246032	2.39142
BLOCK27/SES274/SA274S21	SES129	-0.701059	1.69036	2.39142
BLOCK27/SES274/SA274S21	SES149	-1.76101	0.630403	2.39142
BLOCK27/SES274/SA274S21	SES158	-3.72634	-1.33492	2.39142
BLOCK27/SES274/SA274S24	SES105	-1.69918	0.474936	2.17412
BLOCK27/SES274/SA274S24	SES129	-0.953526	1.22059	2.17412
BLOCK27/SES274/SA274S24	SES149	-2.05843	0.115694	2.17412
BLOCK27/SES274/SA274S24	SES158	-3.97379	-1.79967	2.17412
BLOCK27/SES274/SA274S29	SES105	-1.86824	0.0568896	1.92513
BLOCK27/SES274/SA274S29	SES106	-2.15452	-0.229392	1.92513
BLOCK27/SES274/SA274S29	SES120	-1.21634	0.708796	1.92513
BLOCK27/SES274/SA274S29	SES275	-1.21136	0.713777	1.92513
BLOCK27/SES276/SA276S16	SES148	-1.3822	0.705463	2.08766
BLOCK27/SES276/SA276S16	SES172	-0.799865	1.28779	2.08766
BLOCK27/SES276/SA276S16	SES180	-2.20246	-0.114806	2.08766
BLOCK27/SES276/SA276S16	SES292	-1.66939	0.418264	2.08766
BLOCK27/SES276/SA276S17	SES101	-1.16929	0.622601	1.79189
BLOCK27/SES276/SA276S17	SES177	-1.87337	-0.0814793	1.79189
BLOCK27/SES276/SA276S17	SES180	-1.91457	-0.122681	1.79189
BLOCK27/SES276/SA276S17	SES292	-1.59791	0.193983	1.79189
BLOCK27/SES276/SA276S24	SES101	-1.02864	1.7512	2.77984
BLOCK27/SES276/SA276S24	SES177	-1.49174	1.2881	2.77984
BLOCK27/SES276/SA276S24	SES180	-2.44262	0.337225	2.77984
BLOCK27/SES276/SA276S24	SES292	-2.92464	-0.144802	2.77984
BLOCK27/SES276/SA276S26	SES101	-2.04592	0.658982	2.70491
BLOCK27/SES276/SA276S26	SES177	-1.11329	1.59162	2.70491
BLOCK27/SES276/SA276S26	SES180	-0.730407	1.9745	2.70491
BLOCK27/SES276/SA276S26	SES292	-0.630322	2.07458	2.70491
BLOCK27/SES276/SA276S28	SES101	-0.95306	1.79764	2.7507
BLOCK27/SES276/SA276S28	SES177	-1.56838	1.18232	2.7507
BLOCK27/SES276/SA276S28	SES180	-0.666198	2.0845	2.7507
BLOCK27/SES276/SA276S28	SES292	-1.25793	1.49277	2.7507
BLOCK27/SES277/SA277S12	SES101	-0.967045	-0.632518	0.334528
BLOCK27/SES277/SA277S12	SES177	-1.92888	-1.59435	0.334528
BLOCK27/SES277/SA277S12	SES180	-2.77478	-2.44025	0.334528
BLOCK27/SES277/SA277S12	SES292	-2.9474	-2.61287	0.334528
BLOCK27/SES277/SA277S14	SES177	-1.05008	-0.747305	0.30278
BLOCK27/SES277/SA277S14	SES180	-2.91913	-2.61635	0.30278
BLOCK27/SES277/SA277S14	SES189	-0.400137	-0.0973575	0.30278
BLOCK27/SES277/SA277S14	SES292	-2.73547	-2.43269	0.30278
BLOCK27/SES277/SA277S21	SES177	-0.923095	0.244243	1.16734
BLOCK27/SES277/SA277S21	SES180	-1.94669	-0.77935	1.16734
BLOCK27/SES277/SA277S21	SES189	0.225234	1.39257	1.16734
BLOCK27/SES277/SA277S21	SES292	-2.67735	-1.51002	1.16734
BLOCK27/SES277/SA277S24	SES144	-1.75532	-1.96163	-0.20631
BLOCK27/SES277/SA277S24	SES177	-1.6795	-1.88581	-0.20631
BLOCK27/SES277/SA277S24	SES180	-3.61692	-3.82323	-0.20631
BLOCK27/SES277/SA277S24	SES189	-0.517073	-0.723383	-0.20631
BLOCK27/SES277/SA277S29	SES177	-1.53873	0.532277	2.071
BLOCK27/SES277/SA277S29	SES180	-2.2472	-0.176194	2.071
BLOCK27/SES277/SA277S29	SES202	-1.72601	0.344993	2.071
BLOCK27/SES277/SA277S29	SES292	-2.85461	-0.783602	2.071
BLOCK27/SES279/SA279S09	SES120	-1.2286	0.562034	1.79064
BLOCK27/SES279/SA279S09	SES146	-2.52994	-0.739301	1.79064
BLOCK27/SES279/SA279S09	SES206	-1.64377	0.146866	1.79064
BLOCK27/SES279/SA279S09	SES226	-2.82349	-1.03286	1.79064
BLOCK27/SES279/SA279S10	SES099	-0.675136	0.907046	1.58218
BLOCK27/SES279/SA279S10	SES206	-1.09028	0.491898	1.58218
BLOCK27/SES279/SA279S10	SES226	-2.04479	-0.462608	1.58218
BLOCK27/SES279/SA279S10	SES292	-0.740226	0.841956	1.58218
BLOCK27/SES279/SA279S20	SES099	-1.21795	-0.275517	0.942428
BLOCK27/SES279/SA279S20	SES206	-0.712709	0.22972	0.942428
BLOCK27/SES279/SA279S20	SES226	-1.83343	-0.891003	0.942428
BLOCK27/SES279/SA279S20	SES292	-0.0632991	0.879129	0.942428
BLOCK27/SES279/SA279S26	SES099	-1.19557	0.0545601	1.25013
BLOCK27/SES279/SA279S26	SES206	-1.0088	0.24133	1.25013
BLOCK27/SES279/SA279S26	SES226	-2.12328	-0.873148	1.25013
BLOCK27/SES279/SA279S26	SES292	-0.924751	0.325376	1.25013
BLOCK27/SES279/SA279S28	SES099	-1.17495	1.85277	3.02773
BLOCK27/SES279/SA279S28	SES120	-0.965024	2.0627	3.02773
BLOCK27/SES279/SA279S28	SES177	-1.44266	1.58507	3.02773
BLOCK27/SES279/SA279S28	SES206	-1.01786	2.00987	3.02773
BLOCK29/SES290/SA290S12	SES162	-0.65171	2.54203	3.19374
BLOCK29/SES290/SA290S12	SES177	-1.03454	2.15921	3.19374
BLOCK29/SES290/SA290S12	SES180	-1.88957	1.30417	3.19374
BLOCK29/SES290/SA290S12	SES292	-1.7918	1.40194	3.19374
BLOCK29/SES290/SA290S13	SES007	-0.678298	1.9353	2.6136
BLOCK29/SES290/SA290S13	SES162	-2.33316	0.28044	2.6136
BLOCK29/SES290/SA290S13	SES177	-0.936499	1.6771	2.6136
BLOCK29/SES290/SA290S13	SES180	-1.19553	1.41807	2.6136
BLOCK29/SES290/SA290S22	SES177	-0.979991	1.46219	2.44218
BLOCK29/SES290/SA290S22	SES180	-1.23171	1.21048	2.44218
BLOCK29/SES290/SA290S22	SES202	-1.53655	0.905634	2.44218
BLOCK29/SES290/SA290S22	SES292	-1.37838	1.06381	2.44218
BLOCK29/SES290/SA290S25	SES162	-1.12122	1.53408	2.6553
BLOCK29/SES290/SA290S25	SES177	-0.879217	1.77608	2.6553
BLOCK29/SES290/SA290S25	SES180	-1.41543	1.23987	2.6553
BLOCK29/SES290/SA290S25	SES292	-0.95594	1.69936	2.6553
BLOCK29/SES290/SA290S29	SES177	-0.945652	1.67146	2.61711
BLOCK29/SES290/SA290S29	SES180	-1.09037	1.52674	2.61711
BLOCK29/SES290/SA290S29	SES275	-1.36433	1.25278	2.61711
BLOCK29/SES290/SA290S29	SES292	-1.04902	1.56809	2.61711
BLOCK29/SES291/SA291S11	SES105	-2.63617	-2.02018	0.615988
BLOCK29/SES291/SA291S11	SES125	-1.09945	-0.483463	0.615988
BLOCK29/SES291/SA291S11	SES158	-0.954714	-0.338725	0.615988
BLOCK29/SES291/SA291S11	SES275	-2.32774	-1.71175	0.615988
BLOCK29/SES291/SA291S12	SES158	0.605954	1.47541	0.86946
BLOCK29/SES291/SA291S12	SES226	-1.88297	-1.01351	0.86946
BLOCK29/SES291/SA291S12	SES270	0.0761787	0.945639	0.86946
BLOCK29/SES291/SA291S12	SES275	-3.99655	-3.12709	0.86946
BLOCK29/SES291/SA291S22	SES082	-1.42342	-0.0156184	1.4078
BLOCK29/SES291/SA291S22	SES158	-1.17319	0.234603	1.4078
BLOCK29/SES291/SA291S22	SES259	-1.77797	-0.37017	1.4078
BLOCK29/SES291/SA291S22	SES275	-2.82454	-1.41675	1.4078
BLOCK29/SES291/SA291S24	SES104	-0.0797596	1.78721	1.86697
BLOCK29/SES291/SA291S24	SES125	-0.8185	1.04847	1.86697
BLOCK29/SES291/SA291S24	SES158	-0.323782	1.54318	1.86697
BLOCK29/SES291/SA291S24	SES275	-2.88241	-1.01544	1.86697
BLOCK29/SES291/SA291S27	SES158	-0.359007	1.55003	1.90903
BLOCK29/SES291/SA291S27	SES172	-3.10681	-1.19778	1.90903
BLOCK29/SES291/SA291S27	SES275	-2.59881	-0.689773	1.90903
BLOCK29/SES291/SA291S27	SES292	-1.12622	0.782811	1.90903
