BLOCK00/SES002/SA002S12	SES002	-0.496312	-7.02689	-6.53058
BLOCK00/SES002/SA002S13	SES002	0.578849	-7.11249	-7.69134
BLOCK00/SES002/SA002S23	SES002	-0.0307999	-6.46916	-6.43836
BLOCK00/SES002/SA002S26	SES002	-0.480571	-8.31521	-7.83464
BLOCK00/SES002/SA002S28	SES002	-0.828257	-8.35499	-7.52674
BLOCK00/SES007/SA007S14	SES007	0.406093	-5.42547	-5.83157
BLOCK00/SES007/SA007S15	SES007	-0.0917621	-6.48325	-6.39149
BLOCK00/SES007/SA007S24	SES007	0.0939627	-5.99969	-6.09365
BLOCK00/SES007/SA007S27	SES007	-1.13476	-8.39007	-7.2553
BLOCK00/SES007/SA007S29	SES007	-0.637455	-6.13611	-5.49865
BLOCK00/SES008/SA008S11	SES008	1.38125	-4.76263	-6.14388
BLOCK00/SES008/SA008S12	SES008	0.121787	-5.48298	-5.60477
BLOCK00/SES008/SA008S19	SES008	1.07168	-4.88027	-5.95195
BLOCK00/SES008/SA008S22	SES008	0.342561	-6.48956	-6.83212
BLOCK00/SES008/SA008S29	SES008	0.840379	-4.72791	-5.56829
BLOCK01/SES014/SA014S10	SES014	0.126248	-6.43557	-6.56181
BLOCK01/SES014/SA014S12	SES014	1.0068	-5.77874	-6.78555
BLOCK01/SES014/SA014S24	SES014	0.367078	-6.1458	-6.51288
BLOCK01/SES014/SA014S26	SES014	0.371769	-6.47449	-6.84626
BLOCK01/SES014/SA014S28	SES014	1.58945	-4.25384	-5.84329
BLOCK01/SES016/SA016S12	SES016	-0.408497	-9.36546	-8.95696
BLOCK01/SES016/SA016S13	SES016	0.348141	-6.4212	-6.76934
BLOCK01/SES016/SA016S22	SES016	0.24487	-6.70417	-6.94904
BLOCK01/SES016/SA016S25	SES016	0.548611	-4.66618	-5.21479
BLOCK01/SES016/SA016S27	SES016	0.833599	-5.94797	-6.78157
BLOCK01/SES019/SA019S13	SES019	1.93824	-5.59722	-7.53546
BLOCK01/SES019/SA019S14	SES019	0.488914	-7.41621	-7.90512
BLOCK01/SES019/SA019S22	SES019	1.77216	-4.94836	-6.72051
BLOCK01/SES019/SA019S25	SES019	0.5409	-6.55191	-7.09281
BLOCK01/SES019/SA019S29	SES019	2.26285	-6.94787	-9.21071
BLOCK02/SES029/SA029S11	SES029	0.178225	-5.29645	-5.47468
BLOCK02/SES029/SA029S12	SES029	-0.799104	-6.44795	-5.64885
BLOCK02/SES029/SA029S20	SES029	-0.114117	-5.14947	-5.03535
BLOCK02/SES029/SA029S25	SES029	-0.348686	-6.64265	-6.29396
BLOCK02/SES029/SA029S28	SES029	-0.752305	-6.51504	-5.76273
BLOCK04/SES042/SA042S12	SES042	1.18321	-5.46441	-6.64762
BLOCK04/SES042/SA042S15	SES042	0.368235	-5.66063	-6.02887
BLOCK04/SES042/SA042S22	SES042	1.05882	-7.94586	-9.00469
BLOCK04/SES042/SA042S25	SES042	0.251144	-8.05121	-8.30235
BLOCK04/SES042/SA042S27	SES042	1.52158	-7.19942	-8.721
BLOCK04/SES048/SA048S11	SES048	0.280587	-4.85801	-5.1386
BLOCK04/SES048/SA048S12	SES048	-0.456549	-7.05369	-6.59714
BLOCK04/SES048/SA048S20	SES048	-0.28476	-5.6436	-5.35884
BLOCK04/SES048/SA048S23	SES048	0.319913	-5.54076	-5.86068
BLOCK04/SES048/SA048S27	SES048	-0.804932	-6.66628	-5.86135
BLOCK06/SES060/SA060S11	SES060	0.527602	-6.08891	-6.61651
BLOCK06/SES060/SA060S12	SES060	-0.397467	-8.44378	-8.04631
BLOCK06/SES060/SA060S22	SES060	-1.65633	-9.17307	-7.51674
BLOCK06/SES060/SA060S24	SES060	0.32374	-4.4714	-4.79514
BLOCK06/SES060/SA060S28	SES060	0.242083	-4.07718	-4.31926
BLOCK06/SES062/SA062S10	SES062	-0.545867	-5.93566	-5.38979
BLOCK06/SES062/SA062S11	SES062	0.103646	-7.38892	-7.49256
BLOCK06/SES062/SA062S21	SES062	-0.166315	-4.25539	-4.08908
BLOCK06/SES062/SA062S26	SES062	-0.223626	-6.22856	-6.00493
BLOCK06/SES062/SA062S29	SES062	0.281313	-4.71411	-4.99542
BLOCK06/SES068/SA068S14	SES068	-0.541152	-6.74115	-6.2
BLOCK06/SES068/SA068S15	SES068	-0.0764294	-6.29885	-6.22242
BLOCK06/SES068/SA068S23	SES068	-0.216049	-6.3686	-6.15255
BLOCK06/SES068/SA068S27	SES068	0.296124	-5.6602	-5.95633
BLOCK06/SES068/SA068S29	SES068	-0.377971	-6.48201	-6.10404
BLOCK08/SES082/SA082S12	SES082	-0.71964	-7.25389	-6.53425
BLOCK08/SES082/SA082S14	SES082	-0.344994	-6.84808	-6.50309
BLOCK08/SES082/SA082S21	SES082	-0.597535	-6.90704	-6.3095
BLOCK08/SES082/SA082S24	SES082	0.071023	-6.74419	-6.81521
BLOCK08/SES082/SA082S28	SES082	-0.100163	-6.9289	-6.82873
BLOCK08/SES083/SA083S14	SES083	-1.44795	-6.86612	-5.41818
BLOCK08/SES083/SA083S15	SES083	-0.241453	-6.75438	-6.51292
BLOCK08/SES083/SA083S24	SES083	-0.403713	-6.69271	-6.289
BLOCK08/SES083/SA083S26	SES083	-0.365086	-7.79661	-7.43153
BLOCK08/SES083/SA083S29	SES083	-1.06206	-7.44501	-6.38295
BLOCK08/SES085/SA085S10	SES085	0.0965838	-5.45719	-5.55377
BLOCK08/SES085/SA085S13	SES085	-0.447218	-7.52353	-7.07632
BLOCK08/SES085/SA085S22	SES085	0.297787	-5.28768	-5.58547
BLOCK08/SES085/SA085S26	SES085	-0.774358	-7.14134	-6.36698
BLOCK08/SES085/SA085S28	SES085	0.16245	-5.84821	-6.01066
BLOCK08/SES087/SA087S15	SES087	0.579955	-7.2182	-7.79816
BLOCK08/SES087/SA087S16	SES087	0.877861	-6.23194	-7.1098
BLOCK08/SES087/SA087S24	SES087	0.579892	-7.41192	-7.99181
BLOCK08/SES087/SA087S26	SES087	-0.075027	-6.34845	-6.27343
BLOCK08/SES087/SA087S29	SES087	0.950825	-5.23097	-6.1818
BLOCK09/SES099/SA099S15	SES099	0.341604	-6.83849	-7.1801
BLOCK09/SES099/SA099S16	SES099	0.456702	-5.52472	-5.98142
BLOCK09/SES099/SA099S24	SES099	0.244695	-6.31551	-6.56021
BLOCK09/SES099/SA099S26	SES099	0.606506	-6.29043	-6.89694
BLOCK09/SES099/SA099S29	SES099	0.49411	-6.46594	-6.96005
BLOCK10/SES101/SA101S11	SES101	-0.147753	-6.06638	-5.91863
BLOCK10/SES101/SA101S13	SES101	0.551975	-3.48294	-4.03492
BLOCK10/SES101/SA101S22	SES101	-0.037982	-7.3107	-7.27272
BLOCK10/SES101/SA101S24	SES101	0.320084	-5.83424	-6.15432
BLOCK10/SES101/SA101S28	SES101	0.408333	-5.8887	-6.29703
BLOCK10/SES104/SA104S11	SES104	0.326447	-5.37145	-5.69789
BLOCK10/SES104/SA104S12	SES104	0.428294	-6.2915	-6.71979
BLOCK10/SES104/SA104S21	SES104	0.268385	-6.44804	-6.71643
BLOCK10/SES104/SA104S24	SES104	-0.815987	-8.20517	-7.38918
BLOCK10/SES104/SA104S28	SES104	-0.0486484	-7.45223	-7.40358
BLOCK10/SES105/SA105S12	SES105	0.233378	-7.33999	-7.57337
BLOCK10/SES105/SA105S13	SES105	-0.75853	-6.91563	-6.1571
BLOCK10/SES105/SA105S22	SES105	-0.203435	-7.57019	-7.36676
BLOCK10/SES105/SA105S26	SES105	-0.424536	-7.96386	-7.53932
BLOCK10/SES105/SA105S29	SES105	0.298198	-5.30686	-5.60506
BLOCK10/SES106/SA106S09	SES106	0.244749	-7.24959	-7.49434
BLOCK10/SES106/SA106S11	SES106	0.134984	-5.70421	-5.8392
BLOCK10/SES106/SA106S22	SES106	0.614805	-7.44937	-8.06417
BLOCK10/SES106/SA106S27	SES106	0.210062	-5.56836	-5.77842
BLOCK10/SES106/SA106S29	SES106	0.540365	-5.87996	-6.42033
BLOCK11/SES117/SA117S12	SES117	-0.91572	-7.81575	-6.90003
BLOCK11/SES117/SA117S13	SES117	-1.34247	-8.02258	-6.68011
BLOCK11/SES117/SA117S23	SES117	0.428395	-8.53335	-8.96175
BLOCK11/SES117/SA117S25	SES117	0.698382	-6.87889	-7.57727
BLOCK11/SES117/SA117S28	SES117	0.225141	-7.43136	-7.6565
BLOCK12/SES120/SA120S08	SES120	-0.595079	-7.64606	-7.05098
BLOCK12/SES120/SA120S11	SES120	-0.545874	-11.3553	-10.8094
BLOCK12/SES120/SA120S22	SES120	-0.453302	-6.72781	-6.2745
BLOCK12/SES120/SA120S24	SES120	-0.72226	-8.70021	-7.97795
BLOCK12/SES120/SA120S28	SES120	-0.579196	-8.45956	-7.88036
BLOCK12/SES125/SA125S13	SES125	0.261865	-7.7057	-7.96756
BLOCK12/SES125/SA125S14	SES125	-0.0169115	-8.61262	-8.59571
BLOCK12/SES125/SA125S25	SES125	0.667493	-7.47601	-8.1435
BLOCK12/SES125/SA125S27	SES125	0.368122	-6.64435	-7.01247
BLOCK12/SES125/SA125S29	SES125	0.164147	-6.34922	-6.51337
BLOCK12/SES127/SA127S11	SES127	-0.408306	-6.44585	-6.03754
BLOCK12/SES127/SA127S12	SES127	-0.284264	-4.63746	-4.35319
BLOCK12/SES127/SA127S23	SES127	-0.0664701	-5.2111	-5.14463
BLOCK12/SES127/SA127S25	SES127	-0.053679	-5.07341	-5.01973
BLOCK12/SES127/SA127S27	SES127	0.622302	-5.18537	-5.80767
BLOCK12/SES129/SA129S11	SES129	0.451596	-4.81186	-5.26345
BLOCK12/SES129/SA129S12	SES129	0.063354	-4.83836	-4.90171
BLOCK12/SES129/SA129S22	SES129	0.451719	-5.40758	-5.8593
BLOCK12/SES129/SA129S27	SES129	0.478293	-5.61216	-6.09046
BLOCK12/SES129/SA129S29	SES129	-0.764472	-8.4844	-7.71992
BLOCK14/SES142/SA142S11	SES142	0.936264	-5.16841	-6.10467
BLOCK14/SES142/SA142S12	SES142	-0.160945	-7.69242	-7.53148
BLOCK14/SES142/SA142S24	SES142	0.436805	-6.26475	-6.70156
BLOCK14/SES142/SA142S27	SES142	0.831141	-6.02279	-6.85393
BLOCK14/SES142/SA142S29	SES142	0.658256	-5.74242	-6.40068
BLOCK14/SES143/SA143S12	SES143	0.260997	-5.76022	-6.02121
BLOCK14/SES143/SA143S13	SES143	0.235618	-5.95012	-6.18574
BLOCK14/SES143/SA143S23	SES143	-0.165128	-6.68211	-6.51698
BLOCK14/SES143/SA143S25	SES143	-0.325356	-7.59714	-7.27178
BLOCK14/SES143/SA143S28	SES143	0.0497298	-6.76291	-6.81264
BLOCK14/SES144/SA144S09	SES144	0.0477715	-6.21859	-6.26636
BLOCK14/SES144/SA144S11	SES144	-0.246124	-5.99688	-5.75076
BLOCK14/SES144/SA144S21	SES144	-1.09598	-7.35917	-6.26319
BLOCK14/SES144/SA144S25	SES144	0.281171	-6.44718	-6.72835
BLOCK14/SES144/SA144S29	SES144	-1.30479	-7.77276	-6.46797
BLOCK14/SES146/SA146S14	SES146	-0.0927086	-6.865	-6.77229
BLOCK14/SES146/SA146S15	SES146	-0.456663	-7.27265	-6.81599
BLOCK14/SES146/SA146S24	SES146	0.141876	-6.59964	-6.74151
BLOCK14/SES146/SA146S26	SES146	0.157855	-6.5714	-6.72925
BLOCK14/SES146/SA146S29	SES146	-0.326068	-8.23027	-7.9042
BLOCK14/SES147/SA147S11	SES147	0.27514	-6.44113	-6.71627
BLOCK14/SES147/SA147S13	SES147	0.636	-4.83353	-5.46953
BLOCK14/SES147/SA147S23	SES147	0.039247	-5.83154	-5.87079
BLOCK14/SES147/SA147S26	SES147	0.517886	-5.70912	-6.227
BLOCK14/SES147/SA147S28	SES147	0.747581	-4.69565	-5.44323
BLOCK14/SES148/SA148S10	SES148	-0.390663	-5.79838	-5.40772
BLOCK14/SES148/SA148S12	SES148	-0.552096	-6.72363	-6.17153
BLOCK14/SES148/SA148S22	SES148	-0.00732374	-5.55007	-5.54275
BLOCK14/SES148/SA148S26	SES148	-0.198308	-4.45784	-4.25953
BLOCK14/SES148/SA148S29	SES148	-0.215259	-7.01895	-6.80369
BLOCK14/SES149/SA149S13	SES149	-0.703446	-5.89139	-5.18795
BLOCK14/SES149/SA149S14	SES149	-0.513355	-5.36691	-4.85356
BLOCK14/SES149/SA149S24	SES149	0.0940642	-5.87258	-5.96665
BLOCK14/SES149/SA149S26	SES149	0.281034	-5.2599	-5.54093
BLOCK14/SES149/SA149S28	SES149	0.803648	-3.34383	-4.14748
BLOCK15/SES158/SA158S13	SES158	-0.200523	-7.45361	-7.25308
BLOCK15/SES158/SA158S14	SES158	0.411391	-7.91147	-8.32286
BLOCK15/SES158/SA158S23	SES158	-0.133125	-6.49431	-6.36119
BLOCK15/SES158/SA158S26	SES158	0.257463	-7.37054	-7.628
BLOCK15/SES158/SA158S28	SES158	-0.364955	-7.69941	-7.33445
BLOCK16/SES162/SA162S10	SES162	-0.458179	-7.84317	-7.38499
BLOCK16/SES162/SA162S11	SES162	0.27914	-5.12885	-5.40799
BLOCK16/SES162/SA162S21	SES162	0.584702	-6.15592	-6.74062
BLOCK16/SES162/SA162S24	SES162	0.876365	-5.78129	-6.65765
BLOCK16/SES162/SA162S27	SES162	1.00843	-7.81068	-8.81911
BLOCK16/SES167/SA167S14	SES167	0.562634	-5.07288	-5.63551
BLOCK16/SES167/SA167S15	SES167	0.920654	-4.69974	-5.6204
BLOCK16/SES167/SA167S21	SES167	0.777828	-4.30444	-5.08227
BLOCK16/SES167/SA167S25	SES167	2.04778	-4.24038	-6.28816
BLOCK16/SES167/SA167S29	SES167	1.33675	-3.79032	-5.12706
BLOCK17/SES172/SA172S12	SES172	0.55581	-6.79222	-7.34803
BLOCK17/SES172/SA172S13	SES172	0.460247	-7.16027	-7.62051
BLOCK17/SES172/SA172S23	SES172	0.454738	-5.24624	-5.70098
BLOCK17/SES172/SA172S27	SES172	0.0628238	-7.7534	-7.81623
BLOCK17/SES172/SA172S29	SES172	0.840034	-5.79338	-6.63342
BLOCK17/SES175/SA175S11	SES175	-0.247503	-6.92669	-6.67918
BLOCK17/SES175/SA175S13	SES175	-0.0284157	-4.07566	-4.04724
BLOCK17/SES175/SA175S23	SES175	-0.106105	-5.21283	-5.10672
BLOCK17/SES175/SA175S25	SES175	-0.376139	-6.83128	-6.45514
BLOCK17/SES175/SA175S28	SES175	0.0171814	-5.56546	-5.58264
BLOCK17/SES177/SA177S15	SES177	-0.444905	-7.44446	-6.99955
BLOCK17/SES177/SA177S17	SES177	-0.372443	-6.70643	-6.33398
BLOCK17/SES177/SA177S23	SES177	-0.67263	-7.39581	-6.72318
BLOCK17/SES177/SA177S26	SES177	0.0910716	-4.06998	-4.16105
BLOCK17/SES177/SA177S28	SES177	0.361034	-6.7558	-7.11683
BLOCK18/SES180/SA180S13	SES180	-0.933801	-8.06172	-7.12792
BLOCK18/SES180/SA180S15	SES180	-0.223373	-5.99735	-5.77398
BLOCK18/SES180/SA180S24	SES180	-0.375534	-5.42073	-5.04519
BLOCK18/SES180/SA180S26	SES180	-0.444091	-6.01073	-5.56664
BLOCK18/SES180/SA180S29	SES180	-1.10719	-8.05594	-6.94874
BLOCK18/SES183/SA183S13	SES183	0.618232	-5.99159	-6.60982
BLOCK18/SES183/SA183S14	SES183	-0.653775	-6.48916	-5.83538
BLOCK18/SES183/SA183S24	SES183	0.487626	-6.75561	-7.24323
BLOCK18/SES183/SA183S27	SES183	0.510594	-6.82477	-7.33536
BLOCK18/SES183/SA183S29	SES183	0.841975	-5.64431	-6.48628
BLOCK18/SES187/SA187S13	SES187	-0.420609	-7.37853	-6.95792
BLOCK18/SES187/SA187S14	SES187	-0.722037	-7.64215	-6.92012
BLOCK18/SES187/SA187S24	SES187	0.346348	-7.02414	-7.37049
BLOCK18/SES187/SA187S27	SES187	0.105944	-7.01148	-7.11743
BLOCK18/SES187/SA187S29	SES187	-0.217074	-8.60149	-8.38441
BLOCK18/SES189/SA189S10	SES189	0.425538	-7.36351	-7.78905
BLOCK18/SES189/SA189S13	SES189	0.357341	-8.82089	-9.17823
BLOCK18/SES189/SA189S24	SES189	0.566821	-6.43447	-7.00129
BLOCK18/SES189/SA189S26	SES189	0.438795	-6.87728	-7.31608
BLOCK18/SES189/SA189S29	SES189	0.840491	-6.05744	-6.89793
BLOCK20/SES202/SA202S12	SES202	0.13828	-7.44303	-7.58131
BLOCK20/SES202/SA202S14	SES202	0.641296	-6.93188	-7.57318
BLOCK20/SES202/SA202S24	SES202	0.165119	-7.96266	-8.12777
BLOCK20/SES202/SA202S27	SES202	0.329565	-5.91667	-6.24623
BLOCK20/SES202/SA202S29	SES202	0.152506	-6.47718	-6.62968
BLOCK20/SES206/SA206S15	SES206	-1.4771	-6.5865	-5.1094
BLOCK20/SES206/SA206S17	SES206	-0.098597	-6.97085	-6.87225
BLOCK20/SES206/SA206S24	SES206	0.459046	-4.9553	-5.41434
BLOCK20/SES206/SA206S27	SES206	0.344428	-7.16005	-7.50448
BLOCK20/SES206/SA206S29	SES206	0.555871	-6.1688	-6.72467
BLOCK22/SES226/SA226S12	SES226	0.65076	-6.05128	-6.70204
BLOCK22/SES226/SA226S13	SES226	-1.1282	-6.74049	-5.61229
BLOCK22/SES226/SA226S20	SES226	-0.101732	-6.45385	-6.35212
BLOCK22/SES226/SA226S23	SES226	-0.00710917	-5.97754	-5.97043
BLOCK22/SES226/SA226S28	SES226	0.0165396	-6.37322	-6.38976
BLOCK25/SES259/SA259S13	SES259	1.61368	-6.11741	-7.73109
BLOCK25/SES259/SA259S14	SES259	1.07774	-5.74672	-6.82446
BLOCK25/SES259/SA259S22	SES259	0.707672	-5.8949	-6.60258
BLOCK25/SES259/SA259S24	SES259	0.536667	-6.71151	-7.24818
BLOCK25/SES259/SA259S28	SES259	0.824867	-5.99985	-6.82472
BLOCK27/SES270/SA270S14	SES270	0.60243	-6.78811	-7.39054
BLOCK27/SES270/SA270S16	SES270	-0.294617	-6.53512	-6.24051
BLOCK27/SES270/SA270S22	SES270	0.479198	-6.4044	-6.8836
BLOCK27/SES270/SA270S26	SES270	-0.109996	-7.1407	-7.0307
BLOCK27/SES270/SA270S28	SES270	0.873318	-5.28939	-6.16271
BLOCK27/SES275/SA275S17	SES275	-0.0944085	-6.22156	-6.12715
BLOCK27/SES275/SA275S18	SES275	-0.723075	-6.81166	-6.08858
BLOCK27/SES275/SA275S24	SES275	-0.00196981	-6.80632	-6.80435
BLOCK27/SES275/SA275S26	SES275	0.137754	-6.21802	-6.35577
BLOCK27/SES275/SA275S28	SES275	-0.100727	-6.36158	-6.26086
BLOCK29/SES292/SA292S10	SES292	-0.784908	-6.47272	-5.68781
BLOCK29/SES292/SA292S12	SES292	-0.362174	-7.56134	-7.19916
BLOCK29/SES292/SA292S22	SES292	-0.786514	-7.15873	-6.37221
BLOCK29/SES292/SA292S24	SES292	-0.533482	-5.81444	-5.28096
BLOCK29/SES292/SA292S27	SES292	-0.709885	-6.36641	-5.65653
BLOCK00/SES001/SA001S14	SES062	-2.97878	-9.99734	-7.01856
BLOCK00/SES001/SA001S14	SES082	-1.82286	-8.84142	-7.01856
BLOCK00/SES001/SA001S14	SES106	-1.97955	-8.9981	-7.01856
BLOCK00/SES001/SA001S14	SES206	-1.83325	-8.8518	-7.01856
BLOCK00/SES001/SA001S15	SES062	-2.95639	-9.51075	-6.55436
BLOCK00/SES001/SA001S15	SES104	-1.37951	-7.93387	-6.55436
BLOCK00/SES001/SA001S15	SES106	-1.09097	-7.64533	-6.55436
BLOCK00/SES001/SA001S15	SES206	-1.9902	-8.54455	-6.55436
BLOCK00/SES001/SA001S24	SES062	-2.66873	-10.1178	-7.4491
BLOCK00/SES001/SA001S24	SES082	-1.75127	-9.20037	-7.4491
BLOCK00/SES001/SA001S24	SES087	-3.61368	-11.0628	-7.4491
BLOCK00/SES001/SA001S24	SES206	-1.69926	-9.14836	-7.4491
BLOCK00/SES001/SA001S27	SES062	-1.97051	-6.33659	-4.36608
BLOCK00/SES001/SA001S27	SES082	-1.42922	-5.7953	-4.36608
BLOCK00/SES001/SA001S27	SES087	-1.58645	-5.95253	-4.36608
BLOCK00/SES001/SA001S27	SES206	-2.45195	-6.81803	-4.36608
BLOCK00/SES001/SA001S29	SES062	-2.86513	-10.2105	-7.34536
BLOCK00/SES001/SA001S29	SES082	-2.04427	-9.38962	-7.34536
BLOCK00/SES001/SA001S29	SES158	-1.50478	-8.85013	-7.34536
BLOCK00/SES001/SA001S29	SES206	-2.8455	-10.1909	-7.34536
BLOCK00/SES003/SA003S11	SES002	-0.866772	-7.44011	-6.57334
BLOCK00/SES003/SA003S11	SES019	-2.66012	-9.23346	-6.57334
BLOCK00/SES003/SA003S11	SES082	-0.793076	-7.36642	-6.57334
BLOCK00/SES003/SA003S11	SES125	-1.87672	-8.45006	-6.57334
BLOCK00/SES003/SA003S15	SES016	-2.02655	-7.69381	-5.66726
BLOCK00/SES003/SA003S15	SES019	-4.16227	-9.82953	-5.66726
BLOCK00/SES003/SA003S15	SES062	-1.1107	-6.77796	-5.66726
BLOCK00/SES003/SA003S15	SES206	-1.13642	-6.80368	-5.66726
BLOCK00/SES003/SA003S22	SES002	-1.26502	-7.35457	-6.08955
BLOCK00/SES003/SA003S22	SES062	-1.30454	-7.39409	-6.08955
BLOCK00/SES003/SA003S22	SES082	-1.64361	-7.73316	-6.08955
BLOCK00/SES003/SA003S22	SES087	-1.04299	-7.13254	-6.08955
BLOCK00/SES003/SA003S25	SES062	-4.07032	-11.4418	-7.37144
BLOCK00/SES003/SA003S25	SES082	-2.79403	-10.1655	-7.37144
BLOCK00/SES003/SA003S25	SES087	-1.97577	-9.34721	-7.37144
BLOCK00/SES003/SA003S25	SES206	-2.60364	-9.97508	-7.37144
BLOCK00/SES003/SA003S29	SES002	-1.81732	-8.56805	-6.75073
BLOCK00/SES003/SA003S29	SES062	-3.3802	-10.1309	-6.75073
BLOCK00/SES003/SA003S29	SES082	-1.45103	-8.20176	-6.75073
BLOCK00/SES003/SA003S29	SES087	-2.37139	-9.12211	-6.75073
BLOCK00/SES004/SA004S12	SES083	-1.69476	-7.19146	-5.49671
BLOCK00/SES004/SA004S12	SES148	-1.81489	-7.3116	-5.49671
BLOCK00/SES004/SA004S12	SES172	-0.481461	-5.97817	-5.49671
BLOCK00/SES004/SA004S12	SES292	-2.25294	-7.74965	-5.49671
BLOCK00/SES004/SA004S17	SES083	-1.62586	-7.23111	-5.60525
BLOCK00/SES004/SA004S17	SES162	-1.04594	-6.65119	-5.60525
BLOCK00/SES004/SA004S17	SES172	-0.480091	-6.08534	-5.60525
BLOCK00/SES004/SA004S17	SES292	-1.74309	-7.34834	-5.60525
BLOCK00/SES004/SA004S24	SES083	-1.73086	-7.41929	-5.68843
BLOCK00/SES004/SA004S24	SES148	-2.51865	-8.20709	-5.68843
BLOCK00/SES004/SA004S24	SES172	-0.809099	-6.49753	-5.68843
BLOCK00/SES004/SA004S24	SES292	-1.60378	-7.29222	-5.68843
BLOCK00/SES004/SA004S26	SES083	-1.80405	-8.13251	-6.32846
BLOCK00/SES004/SA004S26	SES127	-2.0359	-8.36437	-6.32846
BLOCK00/SES004/SA004S26	SES148	-3.70516	-10.0336	-6.32846
BLOCK00/SES004/SA004S26	SES292	-2.56992	-8.89838	-6.32846
BLOCK00/SES004/SA004S28	SES083	-1.3584	-5.81776	-4.45936
BLOCK00/SES004/SA004S28	SES127	-0.892641	-5.352	-4.45936
BLOCK00/SES004/SA004S28	SES187	-0.828343	-5.28771	-4.45936
BLOCK00/SES004/SA004S28	SES292	-1.88349	-6.34285	-4.45936
BLOCK00/SES006/SA006S10	SES014	-4.87866	-13.6288	-8.75017
BLOCK00/SES006/SA006S10	SES158	-4.88376	-13.6339	-8.75017
BLOCK00/SES006/SA006S10	SES226	-5.25729	-14.0075	-8.75017
BLOCK00/SES006/SA006S10	SES270	-2.59004	-11.3402	-8.75017
BLOCK00/SES006/SA006S11	SES158	-4.21208	-12.793	-8.58095
BLOCK00/SES006/SA006S11	SES226	-3.91249	-12.4934	-8.58095
BLOCK00/SES006/SA006S11	SES270	-2.16572	-10.7467	-8.58095
BLOCK00/SES006/SA006S11	SES275	-2.18238	-10.7633	-8.58095
BLOCK00/SES006/SA006S23	SES062	-5.16412	-12.5518	-7.38766
BLOCK00/SES006/SA006S23	SES105	-4.64908	-12.0367	-7.38766
BLOCK00/SES006/SA006S23	SES158	-3.99411	-11.3818	-7.38766
BLOCK00/SES006/SA006S23	SES275	-2.46077	-9.84843	-7.38766
BLOCK00/SES006/SA006S26	SES104	-4.58434	-13.3267	-8.74241
BLOCK00/SES006/SA006S26	SES158	-4.10948	-12.8519	-8.74241
BLOCK00/SES006/SA006S26	SES270	-1.74302	-10.4854	-8.74241
BLOCK00/SES006/SA006S26	SES275	-2.87399	-11.6164	-8.74241
BLOCK00/SES006/SA006S28	SES007	-2.89835	-11.1544	-8.25608
BLOCK00/SES006/SA006S28	SES105	-3.54587	-11.802	-8.25608
BLOCK00/SES006/SA006S28	SES158	-2.39651	-10.6526	-8.25608
BLOCK00/SES006/SA006S28	SES275	-3.22291	-11.479	-8.25608
BLOCK00/SES009/SA009S12	SES083	-3.68569	-10.5141	-6.82837
BLOCK00/SES009/SA009S12	SES148	-3.27235	-10.1007	-6.82837
BLOCK00/SES009/SA009S12	SES177	-1.25748	-8.08585	-6.82837
BLOCK00/SES009/SA009S12	SES292	-1.5811	-8.40947	-6.82837
BLOCK00/SES009/SA009S15	SES007	-1.08877	-6.88651	-5.79774
BLOCK00/SES009/SA009S15	SES099	-4.10517	-9.90291	-5.79774
BLOCK00/SES009/SA009S15	SES148	-2.70487	-8.50261	-5.79774
BLOCK00/SES009/SA009S15	SES172	-1.65543	-7.45317	-5.79774
BLOCK00/SES009/SA009S24	SES146	-1.19052	-8.29851	-7.108
BLOCK00/SES009/SA009S24	SES148	-2.73861	-9.84661	-7.108
BLOCK00/SES009/SA009S24	SES177	-1.54145	-8.64944	-7.108
BLOCK00/SES009/SA009S24	SES292	-1.48659	-8.59459	-7.108
BLOCK00/SES009/SA009S26	SES083	-3.1618	-9.36433	-6.20253
BLOCK00/SES009/SA009S26	SES101	-2.78735	-8.98988	-6.20253
BLOCK00/SES009/SA009S26	SES120	-1.8372	-8.03974	-6.20253
BLOCK00/SES009/SA009S26	SES177	-1.60411	-7.80664	-6.20253
BLOCK00/SES009/SA009S29	SES083	-2.87133	-8.89428	-6.02295
BLOCK00/SES009/SA009S29	SES101	-2.25633	-8.27928	-6.02295
BLOCK00/SES009/SA009S29	SES177	-1.38195	-7.4049	-6.02295
BLOCK00/SES009/SA009S29	SES292	-1.39086	-7.41381	-6.02295
BLOCK01/SES011/SA011S10	SES019	-4.43444	-12.3782	-7.94376
BLOCK01/SES011/SA011S10	SES042	-0.688795	-8.63256	-7.94376
BLOCK01/SES011/SA011S10	SES082	-1.51749	-9.46125	-7.94376
BLOCK01/SES011/SA011S10	SES206	-1.09074	-9.0345	-7.94376
BLOCK01/SES011/SA011S11	SES019	-3.5598	-11.0294	-7.46958
BLOCK01/SES011/SA011S11	SES042	-1.201	-8.67058	-7.46958
BLOCK01/SES011/SA011S11	SES082	-1.42692	-8.8965	-7.46958
BLOCK01/SES011/SA011S11	SES206	-2.14195	-9.61153	-7.46958
BLOCK01/SES011/SA011S22	SES019	-3.25523	-11.5011	-8.24583
BLOCK01/SES011/SA011S22	SES042	-0.403914	-8.64974	-8.24583
BLOCK01/SES011/SA011S22	SES082	-1.54075	-9.78658	-8.24583
BLOCK01/SES011/SA011S22	SES206	-1.8552	-10.101	-8.24583
BLOCK01/SES011/SA011S24	SES019	-3.73161	-11.0313	-7.29966
BLOCK01/SES011/SA011S24	SES042	-0.402369	-7.70203	-7.29966
BLOCK01/SES011/SA011S24	SES104	-0.966248	-8.2659	-7.29966
BLOCK01/SES011/SA011S24	SES206	-0.785028	-8.08468	-7.29966
BLOCK01/SES011/SA011S27	SES082	-1.01825	-8.41516	-7.39691
BLOCK01/SES011/SA011S27	SES087	-3.42669	-10.8236	-7.39691
BLOCK01/SES011/SA011S27	SES125	-1.63584	-9.03275	-7.39691
BLOCK01/SES011/SA011S27	SES206	-2.17738	-9.5743	-7.39691
BLOCK01/SES012/SA012S11	SES007	-0.773615	-6.64895	-5.87534
BLOCK01/SES012/SA012S11	SES082	-0.830754	-6.70609	-5.87534
BLOCK01/SES012/SA012S11	SES083	-2.17563	-8.05097	-5.87534
BLOCK01/SES012/SA012S11	SES206	-1.29904	-7.17438	-5.87534
BLOCK01/SES012/SA012S14	SES082	-1.18197	-8.50615	-7.32417
BLOCK01/SES012/SA012S14	SES087	-2.40999	-9.73416	-7.32417
BLOCK01/SES012/SA012S14	SES206	-1.11954	-8.44372	-7.32417
BLOCK01/SES012/SA012S14	SES292	-1.71293	-9.0371	-7.32417
BLOCK01/SES012/SA012S24	SES082	-0.924985	-9.19131	-8.26632
BLOCK01/SES012/SA012S24	SES087	-2.57639	-10.8427	-8.26632
BLOCK01/SES012/SA012S24	SES120	-1.73214	-9.99846	-8.26632
BLOCK01/SES012/SA012S24	SES206	-1.66005	-9.92637	-8.26632
BLOCK01/SES012/SA012S26	SES019	-10.2001	-18.282	-8.08193
BLOCK01/SES012/SA012S26	SES082	-2.0163	-10.0982	-8.08193
BLOCK01/SES012/SA012S26	SES206	-0.574264	-8.6562	-8.08193
BLOCK01/SES012/SA012S26	SES292	-1.43507	-9.517	-8.08193
BLOCK01/SES012/SA012S29	SES062	-1.68655	-6.70768	-5.02113
BLOCK01/SES012/SA012S29	SES082	-0.610198	-5.63132	-5.02113
BLOCK01/SES012/SA012S29	SES083	-2.15743	-7.17856	-5.02113
BLOCK01/SES012/SA012S29	SES206	-0.325538	-5.34666	-5.02113
BLOCK01/SES013/SA013S16	SES062	-4.53083	-12.6922	-8.16138
BLOCK01/SES013/SA013S16	SES106	-2.87039	-11.0318	-8.16138
BLOCK01/SES013/SA013S16	SES206	-2.84477	-11.0062	-8.16138
BLOCK01/SES013/SA013S16	SES226	-2.62991	-10.7913	-8.16138
BLOCK01/SES013/SA013S17	SES062	-2.46132	-8.97253	-6.51122
BLOCK01/SES013/SA013S17	SES106	-2.67438	-9.1856	-6.51122
BLOCK01/SES013/SA013S17	SES206	-1.30289	-7.8141	-6.51122
BLOCK01/SES013/SA013S17	SES226	-1.35539	-7.86661	-6.51122
BLOCK01/SES013/SA013S23	SES104	-1.66974	-9.12554	-7.4558
BLOCK01/SES013/SA013S23	SES106	-1.9585	-9.4143	-7.4558
BLOCK01/SES013/SA013S23	SES206	-3.14865	-10.6044	-7.4558
BLOCK01/SES013/SA013S23	SES270	-3.76107	-11.2169	-7.4558
BLOCK01/SES013/SA013S25	SES042	-5.11878	-12.5251	-7.40629
BLOCK01/SES013/SA013S25	SES104	-0.705508	-8.1118	-7.40629
BLOCK01/SES013/SA013S25	SES106	-1.24294	-8.64924	-7.40629
BLOCK01/SES013/SA013S25	SES206	-2.5245	-9.9308	-7.40629
BLOCK01/SES013/SA013S29	SES062	-4.16826	-11.7908	-7.62253
BLOCK01/SES013/SA013S29	SES104	-1.73134	-9.35387	-7.62253
BLOCK01/SES013/SA013S29	SES106	-1.82779	-9.45031	-7.62253
BLOCK01/SES013/SA013S29	SES206	-3.64534	-11.2679	-7.62253
BLOCK02/SES021/SA021S13	SES016	-2.75426	-9.34108	-6.58683
BLOCK02/SES021/SA021S13	SES029	-2.21796	-8.80479	-6.58683
BLOCK02/SES021/SA021S13	SES087	-3.52485	-10.1117	-6.58683
BLOCK02/SES021/SA021S13	SES206	-3.09528	-9.68211	-6.58683
BLOCK02/SES021/SA021S15	SES087	-1.80892	-8.06201	-6.25309
BLOCK02/SES021/SA021S15	SES125	-1.65983	-7.91291	-6.25309
BLOCK02/SES021/SA021S15	SES206	-1.9258	-8.17889	-6.25309
BLOCK02/SES021/SA021S15	SES226	-1.74849	-8.00157	-6.25309
BLOCK02/SES021/SA021S23	SES062	-2.47437	-10.3	-7.82565
BLOCK02/SES021/SA021S23	SES087	-1.51393	-9.33958	-7.82565
BLOCK02/SES021/SA021S23	SES206	-1.79831	-9.62396	-7.82565
BLOCK02/SES021/SA021S23	SES226	-1.22022	-9.04587	-7.82565
BLOCK02/SES021/SA021S27	SES002	-1.51315	-7.10319	-5.59005
BLOCK02/SES021/SA021S27	SES016	-4.00193	-9.59198	-5.59005
BLOCK02/SES021/SA021S27	SES019	-3.35637	-8.94642	-5.59005
BLOCK02/SES021/SA021S27	SES062	-2.09738	-7.68743	-5.59005
BLOCK02/SES021/SA021S29	SES087	-2.16305	-8.55497	-6.39192
BLOCK02/SES021/SA021S29	SES125	-2.79506	-9.18698	-6.39192
BLOCK02/SES021/SA021S29	SES206	-1.28545	-7.67738	-6.39192
BLOCK02/SES021/SA021S29	SES226	-2.10642	-8.49834	-6.39192
BLOCK04/SES043/SA043S09	SES083	-1.21832	-8.83579	-7.61747
BLOCK04/SES043/SA043S09	SES101	-1.11583	-8.73329	-7.61747
BLOCK04/SES043/SA043S09	SES144	-0.982282	-8.59975	-7.61747
BLOCK04/SES043/SA043S09	SES172	-2.0257	-9.64317	-7.61747
BLOCK04/SES043/SA043S11	SES083	-1.04853	-6.76525	-5.71671
BLOCK04/SES043/SA043S11	SES101	-0.897466	-6.61418	-5.71671
BLOCK04/SES043/SA043S11	SES144	-0.278121	-5.99483	-5.71671
BLOCK04/SES043/SA043S11	SES172	-1.83164	-7.54835	-5.71671
BLOCK04/SES043/SA043S23	SES083	-0.84257	-7.1143	-6.27173
BLOCK04/SES043/SA043S23	SES144	-0.575278	-6.847	-6.27173
BLOCK04/SES043/SA043S23	SES177	-1.76854	-8.04027	-6.27173
BLOCK04/SES043/SA043S23	SES275	-1.49989	-7.77161	-6.27173
BLOCK04/SES043/SA043S26	SES083	-1.46706	-10.3022	-8.83512
BLOCK04/SES043/SA043S26	SES101	-1.12768	-9.9628	-8.83512
BLOCK04/SES043/SA043S26	SES144	-0.589861	-9.42498	-8.83512
BLOCK04/SES043/SA043S26	SES177	-2.63328	-11.4684	-8.83512
BLOCK04/SES043/SA043S28	SES016	-2.11777	-8.88884	-6.77107
BLOCK04/SES043/SA043S28	SES083	-1.21603	-7.9871	-6.77107
BLOCK04/SES043/SA043S28	SES101	-1.17534	-7.94641	-6.77107
BLOCK04/SES043/SA043S28	SES144	-1.06466	-7.83573	-6.77107
BLOCK04/SES044/SA044S10	SES127	-5.70868	-14.3809	-8.67226
BLOCK04/SES044/SA044S10	SES144	-2.58487	-11.2571	-8.67226
BLOCK04/SES044/SA044S10	SES147	-4.16304	-12.8353	-8.67226
BLOCK04/SES044/SA044S10	SES148	-4.4882	-13.1605	-8.67226
BLOCK04/SES044/SA044S11	SES101	-1.98094	-9.15144	-7.17051
BLOCK04/SES044/SA044S11	SES144	-1.12453	-8.29504	-7.17051
BLOCK04/SES044/SA044S11	SES147	-3.22717	-10.3977	-7.17051
BLOCK04/SES044/SA044S11	SES177	-2.62993	-9.80043	-7.17051
BLOCK04/SES044/SA044S24	SES007	-3.40433	-10.5816	-7.17728
BLOCK04/SES044/SA044S24	SES101	-2.10482	-9.28211	-7.17728
BLOCK04/SES044/SA044S24	SES147	-3.57672	-10.754	-7.17728
BLOCK04/SES044/SA044S24	SES177	-2.72072	-9.89801	-7.17728
BLOCK04/SES044/SA044S26	SES007	-1.72627	-7.70733	-5.98106
BLOCK04/SES044/SA044S26	SES016	-1.17672	-7.15778	-5.98106
BLOCK04/SES044/SA044S26	SES101	-1.39705	-7.3781	-5.98106
BLOCK04/SES044/SA044S26	SES147	-1.09677	-7.07783	-5.98106
BLOCK04/SES044/SA044S29	SES007	-1.94401	-8.18757	-6.24356
BLOCK04/SES044/SA044S29	SES101	-0.750709	-6.99427	-6.24356
BLOCK04/SES044/SA044S29	SES147	-1.85846	-8.10201	-6.24356
BLOCK04/SES044/SA044S29	SES177	-2.90619	-9.14975	-6.24356
BLOCK04/SES046/SA046S13	SES101	-1.11714	-8.82617	-7.70903
BLOCK04/SES046/SA046S13	SES144	-1.00919	-8.71822	-7.70903
BLOCK04/SES046/SA046S13	SES147	-2.31822	-10.0273	-7.70903
BLOCK04/SES046/SA046S13	SES177	-1.98079	-9.68982	-7.70903
BLOCK04/SES046/SA046S15	SES048	-1.03902	-5.81169	-4.77268
BLOCK04/SES046/SA046S15	SES083	-1.81454	-6.58721	-4.77268
BLOCK04/SES046/SA046S15	SES120	-3.43903	-8.21171	-4.77268
BLOCK04/SES046/SA046S15	SES148	-1.96012	-6.73279	-4.77268
BLOCK04/SES046/SA046S22	SES101	-0.688201	-7.72549	-7.03729
BLOCK04/SES046/SA046S22	SES144	0.0201211	-7.01717	-7.03729
BLOCK04/SES046/SA046S22	SES147	-1.95219	-8.98948	-7.03729
BLOCK04/SES046/SA046S22	SES172	-0.859	-7.89629	-7.03729
BLOCK04/SES046/SA046S25	SES083	-1.2208	-6.82461	-5.60381
BLOCK04/SES046/SA046S25	SES127	-1.66738	-7.2712	-5.60381
BLOCK04/SES046/SA046S25	SES144	-1.05469	-6.6585	-5.60381
BLOCK04/SES046/SA046S25	SES148	-1.51496	-7.11877	-5.60381
BLOCK04/SES046/SA046S28	SES007	-2.30493	-8.48166	-6.17673
BLOCK04/SES046/SA046S28	SES105	-1.59159	-7.76832	-6.17673
BLOCK04/SES046/SA046S28	SES147	-1.63616	-7.81288	-6.17673
BLOCK04/SES046/SA046S28	SES148	-2.03925	-8.21597	-6.17673
BLOCK04/SES049/SA049S16	SES104	-1.31392	-9.08257	-7.76865
BLOCK04/SES049/SA049S16	SES106	-3.13474	-10.9034	-7.76865
BLOCK04/SES049/SA049S16	SES120	-2.03468	-9.80332	-7.76865
BLOCK04/SES049/SA049S16	SES206	-2.60803	-10.3767	-7.76865
BLOCK04/SES049/SA049S18	SES099	-1.12498	-9.07995	-7.95496
BLOCK04/SES049/SA049S18	SES104	-1.51271	-9.46768	-7.95496
BLOCK04/SES049/SA049S18	SES125	-2.39323	-10.3482	-7.95496
BLOCK04/SES049/SA049S18	SES206	-2.93324	-10.8882	-7.95496
BLOCK04/SES049/SA049S25	SES087	-2.60458	-10.5037	-7.89917
BLOCK04/SES049/SA049S25	SES104	-1.77853	-9.67769	-7.89917
BLOCK04/SES049/SA049S25	SES125	-2.72322	-10.6224	-7.89917
BLOCK04/SES049/SA049S25	SES206	-1.71235	-9.61151	-7.89917
BLOCK04/SES049/SA049S27	SES099	-1.46682	-7.23987	-5.77305
BLOCK04/SES049/SA049S27	SES104	-0.635693	-6.40875	-5.77305
BLOCK04/SES049/SA049S27	SES125	-2.52596	-8.29902	-5.77305
BLOCK04/SES049/SA049S27	SES206	-2.34877	-8.12182	-5.77305
BLOCK04/SES049/SA049S29	SES099	-0.665502	-6.95859	-6.29309
BLOCK04/SES049/SA049S29	SES104	-0.555299	-6.84839	-6.29309
BLOCK04/SES049/SA049S29	SES125	-1.43324	-7.72633	-6.29309
BLOCK04/SES049/SA049S29	SES206	-1.59532	-7.88841	-6.29309
BLOCK06/SES063/SA063S09	SES068	-2.92001	-11.0875	-8.1675
BLOCK06/SES063/SA063S09	SES083	-1.24531	-9.41281	-8.1675
BLOCK06/SES063/SA063S09	SES177	-1.77026	-9.93777	-8.1675
BLOCK06/SES063/SA063S09	SES187	-1.65923	-9.82673	-8.1675
BLOCK06/SES063/SA063S10	SES068	-2.85424	-10.5217	-7.66748
BLOCK06/SES063/SA063S10	SES083	-2.0786	-9.74609	-7.66748
BLOCK06/SES063/SA063S10	SES172	-2.11625	-9.78373	-7.66748
BLOCK06/SES063/SA063S10	SES187	-1.16448	-8.83196	-7.66748
BLOCK06/SES063/SA063S20	SES068	-4.40005	-12.2208	-7.82071
BLOCK06/SES063/SA063S20	SES083	-2.01062	-9.83134	-7.82071
BLOCK06/SES063/SA063S20	SES172	-2.23117	-10.0519	-7.82071
BLOCK06/SES063/SA063S20	SES187	-1.96702	-9.78773	-7.82071
BLOCK06/SES063/SA063S24	SES029	-3.63216	-12.0035	-8.37132
BLOCK06/SES063/SA063S24	SES083	-0.721478	-9.0928	-8.37132
BLOCK06/SES063/SA063S24	SES177	-1.77448	-10.1458	-8.37132
BLOCK06/SES063/SA063S24	SES189	-1.37175	-9.74307	-8.37132
BLOCK06/SES063/SA063S27	SES083	-2.06007	-9.51922	-7.45915
BLOCK06/SES063/SA063S27	SES172	-2.51492	-9.97406	-7.45915
BLOCK06/SES063/SA063S27	SES187	-1.70663	-9.16578	-7.45915
BLOCK06/SES063/SA063S27	SES292	-2.34472	-9.80386	-7.45915
BLOCK06/SES067/SA067S12	SES083	-1.9594	-7.76617	-5.80677
BLOCK06/SES067/SA067S12	SES172	-2.45916	-8.26592	-5.80677
BLOCK06/SES067/SA067S12	SES202	-2.10731	-7.91408	-5.80677
BLOCK06/SES067/SA067S12	SES292	-2.2591	-8.06587	-5.80677
BLOCK06/SES067/SA067S14	SES085	-1.50092	-5.78147	-4.28055
BLOCK06/SES067/SA067S14	SES177	-1.78102	-6.06157	-4.28055
BLOCK06/SES067/SA067S14	SES183	-0.313607	-4.59416	-4.28055
BLOCK06/SES067/SA067S14	SES202	-1.36577	-5.64633	-4.28055
BLOCK06/SES067/SA067S21	SES144	-1.87288	-8.52884	-6.65595
BLOCK06/SES067/SA067S21	SES177	-2.18279	-8.83874	-6.65595
BLOCK06/SES067/SA067S21	SES183	-2.09587	-8.75182	-6.65595
BLOCK06/SES067/SA067S21	SES189	-1.57132	-8.22727	-6.65595
BLOCK06/SES067/SA067S25	SES085	-4.1049	-10.2107	-6.10577
BLOCK06/SES067/SA067S25	SES177	-1.704	-7.80977	-6.10577
BLOCK06/SES067/SA067S25	SES183	-1.61379	-7.71955	-6.10577
BLOCK06/SES067/SA067S25	SES202	-2.12392	-8.22969	-6.10577
BLOCK06/SES067/SA067S29	SES085	-5.39432	-12.9346	-7.54032
BLOCK06/SES067/SA067S29	SES177	-3.90488	-11.4452	-7.54032
BLOCK06/SES067/SA067S29	SES183	-1.48418	-9.0245	-7.54032
BLOCK06/SES067/SA067S29	SES202	-2.64895	-10.1893	-7.54032
BLOCK06/SES069/SA069S12	SES029	-3.20862	-9.25829	-6.04967
BLOCK06/SES069/SA069S12	SES082	-0.849685	-6.89936	-6.04967
BLOCK06/SES069/SA069S12	SES087	-1.58292	-7.6326	-6.04967
BLOCK06/SES069/SA069S12	SES206	-1.2613	-7.31097	-6.04967
BLOCK06/SES069/SA069S13	SES029	-2.79863	-8.50881	-5.71018
BLOCK06/SES069/SA069S13	SES087	-0.867031	-6.57721	-5.71018
BLOCK06/SES069/SA069S13	SES206	-2.37266	-8.08284	-5.71018
BLOCK06/SES069/SA069S13	SES226	-0.637093	-6.34727	-5.71018
BLOCK06/SES069/SA069S23	SES029	-1.4263	-6.03439	-4.60809
BLOCK06/SES069/SA069S23	SES087	0.0409613	-4.56712	-4.60809
BLOCK06/SES069/SA069S23	SES206	-1.3368	-5.94489	-4.60809
BLOCK06/SES069/SA069S23	SES226	-0.402845	-5.01093	-4.60809
BLOCK06/SES069/SA069S25	SES087	-1.40474	-7.05912	-5.65438
BLOCK06/SES069/SA069S25	SES206	-2.33919	-7.99357	-5.65438
BLOCK06/SES069/SA069S25	SES226	-1.02218	-6.67657	-5.65438
BLOCK06/SES069/SA069S25	SES270	-1.43041	-7.08479	-5.65438
BLOCK06/SES069/SA069S27	SES087	-1.70012	-8.02711	-6.32699
BLOCK06/SES069/SA069S27	SES206	-1.78895	-8.11594	-6.32699
BLOCK06/SES069/SA069S27	SES226	-0.463441	-6.79043	-6.32699
BLOCK06/SES069/SA069S27	SES270	-1.93969	-8.26668	-6.32699
BLOCK08/SES081/SA081S11	SES060	-1.98858	-8.45854	-6.46995
BLOCK08/SES081/SA081S11	SES062	-0.800972	-7.27092	-6.46995
BLOCK08/SES081/SA081S11	SES117	-3.12962	-9.59957	-6.46995
BLOCK08/SES081/SA081S11	SES162	-3.4894	-9.95935	-6.46995
BLOCK08/SES081/SA081S13	SES016	-1.30296	-6.83817	-5.53522
BLOCK08/SES081/SA081S13	SES060	-1.28899	-6.82421	-5.53522
BLOCK08/SES081/SA081S13	SES068	-1.34478	-6.88	-5.53522
BLOCK08/SES081/SA081S13	SES129	-2.919	-8.45422	-5.53522
BLOCK08/SES081/SA081S24	SES060	-0.970664	-7.02349	-6.05283
BLOCK08/SES081/SA081S24	SES068	-0.678835	-6.73166	-6.05283
BLOCK08/SES081/SA081S24	SES117	-1.77288	-7.82571	-6.05283
BLOCK08/SES081/SA081S24	SES275	-1.76703	-7.81986	-6.05283
BLOCK08/SES081/SA081S27	SES007	-1.36353	-9.33384	-7.97031
BLOCK08/SES081/SA081S27	SES060	-2.03188	-10.0022	-7.97031
BLOCK08/SES081/SA081S27	SES117	-2.11277	-10.0831	-7.97031
BLOCK08/SES081/SA081S27	SES275	-3.6968	-11.6671	-7.97031
BLOCK08/SES081/SA081S29	SES007	-1.24843	-8.9798	-7.73137
BLOCK08/SES081/SA081S29	SES060	-1.70724	-9.43861	-7.73137
BLOCK08/SES081/SA081S29	SES117	-2.70444	-10.4358	-7.73137
BLOCK08/SES081/SA081S29	SES275	-3.05068	-10.782	-7.73137
BLOCK08/SES086/SA086S11	SES029	-4.57963	-12.7691	-8.18945
BLOCK08/SES086/SA086S11	SES082	-3.17018	-11.3596	-8.18945
BLOCK08/SES086/SA086S11	SES087	-1.36331	-9.55276	-8.18945
BLOCK08/SES086/SA086S11	SES206	-2.12286	-10.3123	-8.18945
BLOCK08/SES086/SA086S12	SES029	-4.09078	-11.4295	-7.33873
BLOCK08/SES086/SA086S12	SES082	-2.91973	-10.2585	-7.33873
BLOCK08/SES086/SA086S12	SES087	-0.609279	-7.94801	-7.33873
BLOCK08/SES086/SA086S12	SES206	-1.97845	-9.31718	-7.33873
BLOCK08/SES086/SA086S20	SES029	-3.88422	-10.8982	-7.01403
BLOCK08/SES086/SA086S20	SES082	-2.84095	-9.85498	-7.01403
BLOCK08/SES086/SA086S20	SES087	-0.948953	-7.96298	-7.01403
BLOCK08/SES086/SA086S20	SES206	-1.55631	-8.57033	-7.01403
BLOCK08/SES086/SA086S24	SES087	-0.788542	-8.97273	-8.18419
BLOCK08/SES086/SA086S24	SES104	-1.15707	-9.34126	-8.18419
BLOCK08/SES086/SA086S24	SES120	-0.790398	-8.97459	-8.18419
BLOCK08/SES086/SA086S24	SES206	-0.720182	-8.90437	-8.18419
BLOCK08/SES086/SA086S28	SES029	-3.35225	-9.69142	-6.33916
BLOCK08/SES086/SA086S28	SES082	-2.05746	-8.39663	-6.33916
BLOCK08/SES086/SA086S28	SES087	-0.865519	-7.20468	-6.33916
BLOCK08/SES086/SA086S28	SES206	-0.915944	-7.25511	-6.33916
BLOCK08/SES089/SA089S13	SES087	-1.20111	-9.17397	-7.97286
BLOCK08/SES089/SA089S13	SES206	-2.42248	-10.3953	-7.97286
BLOCK08/SES089/SA089S13	SES226	-1.81345	-9.78631	-7.97286
BLOCK08/SES089/SA089S13	SES270	-1.78653	-9.75939	-7.97286
BLOCK08/SES089/SA089S14	SES062	-3.24958	-11.0988	-7.8492
BLOCK08/SES089/SA089S14	SES087	-1.58203	-9.43124	-7.8492
BLOCK08/SES089/SA089S14	SES206	-2.66435	-10.5136	-7.8492
BLOCK08/SES089/SA089S14	SES226	-2.30898	-10.1582	-7.8492
BLOCK08/SES089/SA089S23	SES087	-2.46011	-12.0083	-9.54816
BLOCK08/SES089/SA089S23	SES206	-2.76756	-12.3157	-9.54816
BLOCK08/SES089/SA089S23	SES226	-3.17747	-12.7256	-9.54816
BLOCK08/SES089/SA089S23	SES270	-4.53173	-14.0799	-9.54816
BLOCK08/SES089/SA089S25	SES062	-1.45533	-9.02163	-7.56629
BLOCK08/SES089/SA089S25	SES087	-0.779924	-8.34622	-7.56629
BLOCK08/SES089/SA089S25	SES206	-2.29676	-9.86306	-7.56629
BLOCK08/SES089/SA089S25	SES226	-1.44671	-9.01301	-7.56629
BLOCK08/SES089/SA089S28	SES062	-1.47583	-8.77044	-7.29461
BLOCK08/SES089/SA089S28	SES087	-0.870713	-8.16532	-7.29461
BLOCK08/SES089/SA089S28	SES206	-1.91622	-9.21083	-7.29461
BLOCK08/SES089/SA089S28	SES226	-1.36259	-8.6572	-7.29461
BLOCK09/SES097/SA097S11	SES099	-0.734096	-8.07364	-7.33955
BLOCK09/SES097/SA097S11	SES125	-1.8773	-9.21685	-7.33955
BLOCK09/SES097/SA097S11	SES206	-1.86847	-9.20802	-7.33955
BLOCK09/SES097/SA097S11	SES226	-0.535246	-7.87479	-7.33955
BLOCK09/SES097/SA097S14	SES062	-2.9137	-9.49492	-6.58122
BLOCK09/SES097/SA097S14	SES099	-2.30973	-8.89096	-6.58122
BLOCK09/SES097/SA097S14	SES104	-2.26044	-8.84166	-6.58122
BLOCK09/SES097/SA097S14	SES206	-2.91838	-9.49961	-6.58122
BLOCK09/SES097/SA097S22	SES099	-1.03258	-8.66912	-7.63654
BLOCK09/SES097/SA097S22	SES206	-3.18713	-10.8237	-7.63654
BLOCK09/SES097/SA097S22	SES226	-2.14367	-9.78021	-7.63654
BLOCK09/SES097/SA097S22	SES270	-1.7459	-9.38245	-7.63654
BLOCK09/SES097/SA097S26	SES099	-0.580398	-7.78733	-7.20693
BLOCK09/SES097/SA097S26	SES120	-2.23798	-9.44491	-7.20693
BLOCK09/SES097/SA097S26	SES206	-2.848	-10.0549	-7.20693
BLOCK09/SES097/SA097S26	SES226	-1.37306	-8.57999	-7.20693
BLOCK09/SES097/SA097S28	SES099	-0.423283	-6.80771	-6.38443
BLOCK09/SES097/SA097S28	SES120	-1.56325	-7.94768	-6.38443
BLOCK09/SES097/SA097S28	SES206	-2.00779	-8.39222	-6.38443
BLOCK09/SES097/SA097S28	SES226	-2.21914	-8.60357	-6.38443
BLOCK09/SES098/SA098S11	SES127	-2.18784	-8.60751	-6.41967
BLOCK09/SES098/SA098S11	SES144	-1.44647	-7.86614	-6.41967
BLOCK09/SES098/SA098S11	SES147	-1.4804	-7.90007	-6.41967
BLOCK09/SES098/SA098S11	SES148	-2.83851	-9.25818	-6.41967
BLOCK09/SES098/SA098S12	SES127	-3.69545	-11.3317	-7.63624
BLOCK09/SES098/SA098S12	SES144	-2.23262	-9.86886	-7.63624
BLOCK09/SES098/SA098S12	SES147	-2.9449	-10.5811	-7.63624
BLOCK09/SES098/SA098S12	SES189	-2.73212	-10.3684	-7.63624
BLOCK09/SES098/SA098S20	SES127	-4.43682	-12.3161	-7.87928
BLOCK09/SES098/SA098S20	SES147	-3.38246	-11.2617	-7.87928
BLOCK09/SES098/SA098S20	SES148	-5.14161	-13.0209	-7.87928
BLOCK09/SES098/SA098S20	SES292	-1.6268	-9.50608	-7.87928
BLOCK09/SES098/SA098S23	SES127	-2.60852	-9.91479	-7.30628
BLOCK09/SES098/SA098S23	SES147	-2.51078	-9.81706	-7.30628
BLOCK09/SES098/SA098S23	SES187	-1.841	-9.14728	-7.30628
BLOCK09/SES098/SA098S23	SES292	-1.76882	-9.0751	-7.30628
BLOCK09/SES098/SA098S27	SES127	-5.03459	-12.3193	-7.28469
BLOCK09/SES098/SA098S27	SES147	-3.35269	-10.6374	-7.28469
BLOCK09/SES098/SA098S27	SES148	-3.86401	-11.1487	-7.28469
BLOCK09/SES098/SA098S27	SES292	-1.45219	-8.73687	-7.28469
BLOCK10/SES102/SA102S13	SES101	-2.69625	-11.2361	-8.53985
BLOCK10/SES102/SA102S13	SES105	-3.75527	-12.2951	-8.53985
BLOCK10/SES102/SA102S13	SES120	-3.81872	-12.3586	-8.53985
BLOCK10/SES102/SA102S13	SES158	-1.73714	-10.277	-8.53985
BLOCK10/SES102/SA102S14	SES007	-0.350808	-5.33882	-4.98801
BLOCK10/SES102/SA102S14	SES101	-1.91286	-6.90086	-4.98801
BLOCK10/SES102/SA102S14	SES105	-1.84838	-6.83639	-4.98801
BLOCK10/SES102/SA102S14	SES147	-2.85109	-7.8391	-4.98801
BLOCK10/SES102/SA102S22	SES007	-2.08277	-7.90278	-5.82001
BLOCK10/SES102/SA102S22	SES101	-1.7649	-7.58491	-5.82001
BLOCK10/SES102/SA102S22	SES105	-1.65871	-7.47872	-5.82001
BLOCK10/SES102/SA102S22	SES158	-2.34061	-8.16062	-5.82001
BLOCK10/SES102/SA102S25	SES007	-1.33812	-7.22823	-5.89011
BLOCK10/SES102/SA102S25	SES101	-1.04773	-6.93784	-5.89011
BLOCK10/SES102/SA102S25	SES105	-2.40457	-8.29468	-5.89011
BLOCK10/SES102/SA102S25	SES147	-3.87916	-9.76927	-5.89011
BLOCK10/SES102/SA102S27	SES007	-1.34261	-7.32551	-5.9829
BLOCK10/SES102/SA102S27	SES101	-0.811263	-6.79416	-5.9829
BLOCK10/SES102/SA102S27	SES105	-2.55594	-8.53884	-5.9829
BLOCK10/SES102/SA102S27	SES147	-3.43838	-9.42128	-5.9829
BLOCK10/SES103/SA103S14	SES105	-2.42375	-10.6624	-8.2387
BLOCK10/SES103/SA103S14	SES106	-2.36832	-10.607	-8.2387
BLOCK10/SES103/SA103S14	SES120	-2.74021	-10.9789	-8.2387
BLOCK10/SES103/SA103S14	SES206	-3.14202	-11.3807	-8.2387
BLOCK10/SES103/SA103S15	SES099	-3.42766	-12.7524	-9.32475
BLOCK10/SES103/SA103S15	SES101	-4.33836	-13.6631	-9.32475
BLOCK10/SES103/SA103S15	SES104	-1.61335	-10.9381	-9.32475
BLOCK10/SES103/SA103S15	SES125	-4.31773	-13.6425	-9.32475
BLOCK10/SES103/SA103S24	SES104	-2.19311	-9.06592	-6.87281
BLOCK10/SES103/SA103S24	SES125	-4.89753	-11.7703	-6.87281
BLOCK10/SES103/SA103S24	SES148	-3.70346	-10.5763	-6.87281
BLOCK10/SES103/SA103S24	SES158	-2.27678	-9.14959	-6.87281
BLOCK10/SES103/SA103S26	SES104	-2.02231	-9.67561	-7.6533
BLOCK10/SES103/SA103S26	SES106	-2.68219	-10.3355	-7.6533
BLOCK10/SES103/SA103S26	SES125	-3.42907	-11.0824	-7.6533
BLOCK10/SES103/SA103S26	SES148	-5.57077	-13.2241	-7.6533
BLOCK10/SES103/SA103S28	SES104	-2.2278	-10.7358	-8.50802
BLOCK10/SES103/SA103S28	SES106	-3.96115	-12.4692	-8.50802
BLOCK10/SES103/SA103S28	SES125	-4.36244	-12.8705	-8.50802
BLOCK10/SES103/SA103S28	SES206	-4.479	-12.987	-8.50802
BLOCK12/SES121/SA121S12	SES042	-2.69612	-10.3276	-7.63144
BLOCK12/SES121/SA121S12	SES087	-2.04796	-9.67941	-7.63144
BLOCK12/SES121/SA121S12	SES105	-0.956621	-8.58807	-7.63144
BLOCK12/SES121/SA121S12	SES206	-0.53896	-8.1704	-7.63144
BLOCK12/SES121/SA121S14	SES007	-2.08735	-12.1892	-10.1019
BLOCK12/SES121/SA121S14	SES105	-3.60016	-13.702	-10.1019
BLOCK12/SES121/SA121S14	SES106	-2.12311	-12.225	-10.1019
BLOCK12/SES121/SA121S14	SES206	-1.35788	-11.4597	-10.1019
BLOCK12/SES121/SA121S23	SES105	-3.69712	-12.8016	-9.1045
BLOCK12/SES121/SA121S23	SES106	-2.25171	-11.3562	-9.1045
BLOCK12/SES121/SA121S23	SES120	-2.74419	-11.8487	-9.1045
BLOCK12/SES121/SA121S23	SES206	-0.593211	-9.69772	-9.1045
BLOCK12/SES121/SA121S25	SES007	-1.66861	-11.2552	-9.58656
BLOCK12/SES121/SA121S25	SES105	-4.41673	-14.0033	-9.58656
BLOCK12/SES121/SA121S25	SES106	-1.10885	-10.6954	-9.58656
BLOCK12/SES121/SA121S25	SES206	-1.02144	-10.608	-9.58656
BLOCK12/SES121/SA121S27	SES087	-1.3381	-10.7627	-9.42459
BLOCK12/SES121/SA121S27	SES105	-4.78803	-14.2126	-9.42459
BLOCK12/SES121/SA121S27	SES120	-0.460993	-9.88559	-9.42459
BLOCK12/SES121/SA121S27	SES206	-0.641319	-10.0659	-9.42459
BLOCK12/SES124/SA124S16	SES042	-0.546194	-6.7838	-6.2376
BLOCK12/SES124/SA124S16	SES082	-1.24847	-7.48607	-6.2376
BLOCK12/SES124/SA124S16	SES183	-1.72563	-7.96323	-6.2376
BLOCK12/SES124/SA124S16	SES206	-1.9328	-8.17041	-6.2376
BLOCK12/SES124/SA124S17	SES105	-1.81719	-9.36078	-7.54358
BLOCK12/SES124/SA124S17	SES149	-2.30999	-9.85357	-7.54358
BLOCK12/SES124/SA124S17	SES158	-2.63835	-10.1819	-7.54358
BLOCK12/SES124/SA124S17	SES275	-1.72933	-9.27291	-7.54358
BLOCK12/SES124/SA124S23	SES105	-3.13216	-8.69935	-5.56719
BLOCK12/SES124/SA124S23	SES125	-0.111539	-5.67873	-5.56719
BLOCK12/SES124/SA124S23	SES129	-3.60255	-9.16974	-5.56719
BLOCK12/SES124/SA124S23	SES158	-1.71572	-7.28292	-5.56719
BLOCK12/SES124/SA124S26	SES105	-3.13889	-10.5236	-7.3847
BLOCK12/SES124/SA124S26	SES125	-1.50142	-8.88612	-7.3847
BLOCK12/SES124/SA124S26	SES129	-2.45362	-9.83832	-7.3847
BLOCK12/SES124/SA124S26	SES158	-1.23148	-8.61618	-7.3847
BLOCK12/SES124/SA124S28	SES104	-0.377461	-6.73808	-6.36062
BLOCK12/SES124/SA124S28	SES106	-0.999557	-7.36018	-6.36062
BLOCK12/SES124/SA124S28	SES125	0.191253	-6.16937	-6.36062
BLOCK12/SES124/SA124S28	SES275	-2.37313	-8.73375	-6.36062
BLOCK12/SES126/SA126S13	SES007	-1.38402	-8.61254	-7.22852
BLOCK12/SES126/SA126S13	SES162	-2.39632	-9.62484	-7.22852
BLOCK12/SES126/SA126S13	SES177	-1.96949	-9.19801	-7.22852
BLOCK12/SES126/SA126S13	SES180	-1.98869	-9.21721	-7.22852
BLOCK12/SES126/SA126S14	SES144	-1.72664	-7.93478	-6.20813
BLOCK12/SES126/SA126S14	SES148	-2.58954	-8.79767	-6.20813
BLOCK12/SES126/SA126S14	SES177	-1.62399	-7.83213	-6.20813
BLOCK12/SES126/SA126S14	SES180	-2.17805	-8.38619	-6.20813
BLOCK12/SES126/SA126S20	SES007	-1.39741	-6.49271	-5.0953
BLOCK12/SES126/SA126S20	SES162	-2.37071	-7.46601	-5.0953
BLOCK12/SES126/SA126S20	SES172	-1.70889	-6.80419	-5.0953
BLOCK12/SES126/SA126S20	SES180	-1.65759	-6.75288	-5.0953
BLOCK12/SES126/SA126S24	SES120	-0.970118	-6.94866	-5.97854
BLOCK12/SES126/SA126S24	SES162	-1.98855	-7.96709	-5.97854
BLOCK12/SES126/SA126S24	SES177	-0.927152	-6.90569	-5.97854
BLOCK12/SES126/SA126S24	SES180	-1.34918	-7.32772	-5.97854
BLOCK12/SES126/SA126S26	SES120	-0.549819	-7.38021	-6.83039
BLOCK12/SES126/SA126S26	SES177	-1.17622	-8.00661	-6.83039
BLOCK12/SES126/SA126S26	SES180	-0.680754	-7.51114	-6.83039
BLOCK12/SES126/SA126S26	SES202	-1.27131	-8.1017	-6.83039
BLOCK12/SES128/SA128S10	SES087	-2.39782	-8.83674	-6.43892
BLOCK12/SES128/SA128S10	SES206	-1.84533	-8.28425	-6.43892
BLOCK12/SES128/SA128S10	SES226	-1.42365	-7.86257	-6.43892
BLOCK12/SES128/SA128S10	SES270	-1.66865	-8.10757	-6.43892
BLOCK12/SES128/SA128S12	SES120	-1.05705	-8.17591	-7.11886
BLOCK12/SES128/SA128S12	SES158	-2.44156	-9.56042	-7.11886
BLOCK12/SES128/SA128S12	SES206	-1.18706	-8.30592	-7.11886
BLOCK12/SES128/SA128S12	SES226	-2.76086	-9.87972	-7.11886
BLOCK12/SES128/SA128S21	SES106	-2.80491	-9.52213	-6.71722
BLOCK12/SES128/SA128S21	SES120	-1.64621	-8.36343	-6.71722
BLOCK12/SES128/SA128S21	SES206	-1.64961	-8.36683	-6.71722
BLOCK12/SES128/SA128S21	SES226	-0.894097	-7.61132	-6.71722
BLOCK12/SES128/SA128S24	SES087	-2.26852	-9.48704	-7.21852
BLOCK12/SES128/SA128S24	SES120	-1.19054	-8.40906	-7.21852
BLOCK12/SES128/SA128S24	SES206	-1.22681	-8.44533	-7.21852
BLOCK12/SES128/SA128S24	SES226	-1.97317	-9.19169	-7.21852
BLOCK12/SES128/SA128S27	SES099	-1.65809	-7.52647	-5.86839
BLOCK12/SES128/SA128S27	SES120	-1.43141	-7.2998	-5.86839
BLOCK12/SES128/SA128S27	SES206	-1.79258	-7.66097	-5.86839
BLOCK12/SES128/SA128S27	SES226	-2.80597	-8.67435	-5.86839
BLOCK13/SES130/SA130S13	SES143	-0.550239	-8.43746	-7.88722
BLOCK13/SES130/SA130S13	SES144	-0.201233	-8.08846	-7.88722
BLOCK13/SES130/SA130S13	SES146	-1.88222	-9.76944	-7.88722
BLOCK13/SES130/SA130S13	SES275	-2.23752	-10.1247	-7.88722
BLOCK13/SES130/SA130S15	SES143	-1.12538	-6.92308	-5.7977
BLOCK13/SES130/SA130S15	SES144	-0.367318	-6.16502	-5.7977
BLOCK13/SES130/SA130S15	SES146	-1.38955	-7.18725	-5.7977
BLOCK13/SES130/SA130S15	SES275	-1.51579	-7.3135	-5.7977
BLOCK13/SES130/SA130S23	SES127	-1.34311	-8.06721	-6.7241
BLOCK13/SES130/SA130S23	SES144	-0.269592	-6.9937	-6.7241
BLOCK13/SES130/SA130S23	SES146	-1.17106	-7.89516	-6.7241
BLOCK13/SES130/SA130S23	SES162	-1.36138	-8.08548	-6.7241
BLOCK13/SES130/SA130S25	SES127	-1.71308	-6.56335	-4.85027
BLOCK13/SES130/SA130S25	SES144	-0.434186	-5.28445	-4.85027
BLOCK13/SES130/SA130S25	SES146	-1.09026	-5.94053	-4.85027
BLOCK13/SES130/SA130S25	SES275	-1.92471	-6.77498	-4.85027
BLOCK13/SES130/SA130S28	SES127	-1.04064	-7.69107	-6.65043
BLOCK13/SES130/SA130S28	SES144	-1.26905	-7.91948	-6.65043
BLOCK13/SES130/SA130S28	SES146	-0.972354	-7.62278	-6.65043
BLOCK13/SES130/SA130S28	SES275	-1.30835	-7.95878	-6.65043
BLOCK13/SES131/SA131S13	SES002	-2.37703	-10.6939	-8.31682
BLOCK13/SES131/SA131S13	SES007	-2.36432	-10.6811	-8.31682
BLOCK13/SES131/SA131S13	SES099	-0.892675	-9.2095	-8.31682
BLOCK13/SES131/SA131S13	SES105	-1.83513	-10.1519	-8.31682
BLOCK13/SES131/SA131S14	SES104	-0.920094	-5.73699	-4.8169
BLOCK13/SES131/SA131S14	SES106	-2.07164	-6.88854	-4.8169
BLOCK13/SES131/SA131S14	SES125	-1.84021	-6.65711	-4.8169
BLOCK13/SES131/SA131S14	SES148	-0.491137	-5.30804	-4.8169
BLOCK13/SES131/SA131S20	SES104	-1.79839	-9.67364	-7.87525
BLOCK13/SES131/SA131S20	SES106	-2.90954	-10.7848	-7.87525
BLOCK13/SES131/SA131S20	SES125	-2.63167	-10.5069	-7.87525
BLOCK13/SES131/SA131S20	SES148	-2.90519	-10.7804	-7.87525
BLOCK13/SES131/SA131S22	SES099	-1.96791	-8.22455	-6.25664
BLOCK13/SES131/SA131S22	SES104	-1.15484	-7.41148	-6.25664
BLOCK13/SES131/SA131S22	SES125	-1.3356	-7.59224	-6.25664
BLOCK13/SES131/SA131S22	SES206	-1.7576	-8.01424	-6.25664
BLOCK13/SES131/SA131S29	SES087	-2.11165	-10.0861	-7.9744
BLOCK13/SES131/SA131S29	SES104	-3.15814	-11.1325	-7.9744
BLOCK13/SES131/SA131S29	SES125	-4.16989	-12.1443	-7.9744
BLOCK13/SES131/SA131S29	SES206	-2.89479	-10.8692	-7.9744
BLOCK13/SES132/SA132S11	SES083	-2.6825	-9.73767	-7.05517
BLOCK13/SES132/SA132S11	SES120	-0.59972	-7.65489	-7.05517
BLOCK13/SES132/SA132S11	SES127	-3.74015	-10.7953	-7.05517
BLOCK13/SES132/SA132S11	SES275	-2.50938	-9.56455	-7.05517
BLOCK13/SES132/SA132S12	SES083	-2.75188	-8.77445	-6.02257
BLOCK13/SES132/SA132S12	SES143	-2.22552	-8.2481	-6.02257
BLOCK13/SES132/SA132S12	SES144	-1.75116	-7.77373	-6.02257
BLOCK13/SES132/SA132S12	SES148	-2.12239	-8.14497	-6.02257
BLOCK13/SES132/SA132S22	SES062	-1.98836	-8.44318	-6.45482
BLOCK13/SES132/SA132S22	SES083	-3.06645	-9.52127	-6.45482
BLOCK13/SES132/SA132S22	SES127	-3.27742	-9.73224	-6.45482
BLOCK13/SES132/SA132S22	SES275	-1.75514	-8.20996	-6.45482
BLOCK13/SES132/SA132S24	SES007	-1.22739	-6.98659	-5.7592
BLOCK13/SES132/SA132S24	SES083	-2.63099	-8.39018	-5.7592
BLOCK13/SES132/SA132S24	SES127	-3.31985	-9.07905	-5.7592
BLOCK13/SES132/SA132S24	SES275	-2.10313	-7.86233	-5.7592
BLOCK13/SES132/SA132S27	SES083	-3.7233	-11.4435	-7.72016
BLOCK13/SES132/SA132S27	SES120	0.0700946	-7.65007	-7.72016
BLOCK13/SES132/SA132S27	SES127	-5.45107	-13.1712	-7.72016
BLOCK13/SES132/SA132S27	SES275	-2.93547	-10.6556	-7.72016
BLOCK14/SES141/SA141S09	SES143	-1.50559	-7.0783	-5.57271
BLOCK14/SES141/SA141S09	SES144	-0.812185	-6.38489	-5.57271
BLOCK14/SES141/SA141S09	SES162	-1.92641	-7.49912	-5.57271
BLOCK14/SES141/SA141S09	SES180	-1.37167	-6.94438	-5.57271
BLOCK14/SES141/SA141S15	SES127	-1.32997	-8.15095	-6.82098
BLOCK14/SES141/SA141S15	SES144	-1.46254	-8.28352	-6.82098
BLOCK14/SES141/SA141S15	SES162	-2.26733	-9.0883	-6.82098
BLOCK14/SES141/SA141S15	SES180	-1.22766	-8.04864	-6.82098
BLOCK14/SES141/SA141S24	SES127	-2.21362	-8.77678	-6.56316
BLOCK14/SES141/SA141S24	SES144	-2.54057	-9.10373	-6.56316
BLOCK14/SES141/SA141S24	SES162	-2.18177	-8.74493	-6.56316
BLOCK14/SES141/SA141S24	SES183	-2.15692	-8.72008	-6.56316
BLOCK14/SES141/SA141S26	SES142	-0.704578	-8.16279	-7.45821
BLOCK14/SES141/SA141S26	SES144	-1.67554	-9.13375	-7.45821
BLOCK14/SES141/SA141S26	SES172	-1.12884	-8.58705	-7.45821
BLOCK14/SES141/SA141S26	SES180	-1.6094	-9.06761	-7.45821
BLOCK14/SES141/SA141S29	SES127	-1.25924	-7.43435	-6.17511
BLOCK14/SES141/SA141S29	SES142	-1.14232	-7.31743	-6.17511
BLOCK14/SES141/SA141S29	SES144	-1.21394	-7.38905	-6.17511
BLOCK14/SES141/SA141S29	SES180	-0.906766	-7.08187	-6.17511
BLOCK15/SES157/SA157S08	SES083	-1.7879	-8.22673	-6.43884
BLOCK15/SES157/SA157S08	SES127	-1.05997	-7.4988	-6.43884
BLOCK15/SES157/SA157S08	SES148	-1.03044	-7.46927	-6.43884
BLOCK15/SES157/SA157S08	SES292	-1.54585	-7.98468	-6.43884
BLOCK15/SES157/SA157S11	SES083	-2.26003	-8.85315	-6.59312
BLOCK15/SES157/SA157S11	SES127	-2.12999	-8.72311	-6.59312
BLOCK15/SES157/SA157S11	SES148	-2.36615	-8.95927	-6.59312
BLOCK15/SES157/SA157S11	SES292	-2.11376	-8.70688	-6.59312
BLOCK15/SES157/SA157S21	SES127	-0.727756	-6.26992	-5.54217
BLOCK15/SES157/SA157S21	SES148	-0.50538	-6.04755	-5.54217
BLOCK15/SES157/SA157S21	SES158	-4.38498	-9.92714	-5.54217
BLOCK15/SES157/SA157S21	SES292	-1.55991	-7.10208	-5.54217
BLOCK15/SES157/SA157S24	SES127	-1.05674	-8.60757	-7.55083
BLOCK15/SES157/SA157S24	SES148	-1.72846	-9.27929	-7.55083
BLOCK15/SES157/SA157S24	SES183	-1.99536	-9.54619	-7.55083
BLOCK15/SES157/SA157S24	SES292	-2.08475	-9.63558	-7.55083
BLOCK15/SES157/SA157S26	SES007	-0.821992	-7.18262	-6.36063
BLOCK15/SES157/SA157S26	SES127	-0.556142	-6.91677	-6.36063
BLOCK15/SES157/SA157S26	SES147	-1.29836	-7.65899	-6.36063
BLOCK15/SES157/SA157S26	SES148	-1.43661	-7.79724	-6.36063
BLOCK16/SES161/SA161S10	SES007	-1.44046	-8.24677	-6.80631
BLOCK16/SES161/SA161S10	SES105	-1.39713	-8.20344	-6.80631
BLOCK16/SES161/SA161S10	SES158	-1.83276	-8.63908	-6.80631
BLOCK16/SES161/SA161S10	SES275	-1.68157	-8.48788	-6.80631
BLOCK16/SES161/SA161S12	SES007	-3.43731	-11.5279	-8.0906
BLOCK16/SES161/SA161S12	SES105	-3.35963	-11.4502	-8.0906
BLOCK16/SES161/SA161S12	SES158	-2.63692	-10.7275	-8.0906
BLOCK16/SES161/SA161S12	SES275	-3.79443	-11.885	-8.0906
BLOCK16/SES161/SA161S20	SES007	-1.78199	-11.121	-9.33898
BLOCK16/SES161/SA161S20	SES105	-2.75853	-12.0975	-9.33898
BLOCK16/SES161/SA161S20	SES158	-0.564666	-9.90364	-9.33898
BLOCK16/SES161/SA161S20	SES275	-4.44626	-13.7852	-9.33898
BLOCK16/SES161/SA161S23	SES007	-4.95602	-13.2604	-8.30441
BLOCK16/SES161/SA161S23	SES105	-2.09005	-10.3945	-8.30441
BLOCK16/SES161/SA161S23	SES148	-3.23145	-11.5359	-8.30441
BLOCK16/SES161/SA161S23	SES158	-3.56472	-11.8691	-8.30441
BLOCK16/SES161/SA161S28	SES007	-2.2588	-10.4141	-8.1553
BLOCK16/SES161/SA161S28	SES105	-3.42677	-11.5821	-8.1553
BLOCK16/SES161/SA161S28	SES158	-1.68951	-9.84481	-8.1553
BLOCK16/SES161/SA161S28	SES206	-1.64819	-9.80348	-8.1553
BLOCK16/SES164/SA164S11	SES104	-1.29391	-7.2308	-5.9369
BLOCK16/SES164/SA164S11	SES125	-2.13011	-8.06701	-5.9369
BLOCK16/SES164/SA164S11	SES158	-2.7107	-8.6476	-5.9369
BLOCK16/SES164/SA164S11	SES206	-3.59857	-9.53547	-5.9369
BLOCK16/SES164/SA164S13	SES099	-2.77426	-10.1854	-7.41113
BLOCK16/SES164/SA164S13	SES104	-1.7779	-9.18903	-7.41113
BLOCK16/SES164/SA164S13	SES125	-2.03447	-9.44559	-7.41113
BLOCK16/SES164/SA164S13	SES206	-3.30486	-10.716	-7.41113
BLOCK16/SES164/SA164S24	SES002	-0.670001	-7.54715	-6.87715
BLOCK16/SES164/SA164S24	SES099	-2.54567	-9.42282	-6.87715
BLOCK16/SES164/SA164S24	SES125	-1.92605	-8.8032	-6.87715
BLOCK16/SES164/SA164S24	SES226	-0.257357	-7.13451	-6.87715
BLOCK16/SES164/SA164S27	SES087	-2.19743	-9.65314	-7.45571
BLOCK16/SES164/SA164S27	SES125	-3.28503	-10.7407	-7.45571
BLOCK16/SES164/SA164S27	SES206	-4.05989	-11.5156	-7.45571
BLOCK16/SES164/SA164S27	SES226	-1.84034	-9.29605	-7.45571
BLOCK16/SES164/SA164S29	SES002	-1.22786	-7.72717	-6.49932
BLOCK16/SES164/SA164S29	SES019	-3.63959	-10.1389	-6.49932
BLOCK16/SES164/SA164S29	SES125	-2.21643	-8.71575	-6.49932
BLOCK16/SES164/SA164S29	SES226	-1.55457	-8.05389	-6.49932
BLOCK16/SES169/SA169S13	SES117	-2.44863	-9.55635	-7.10772
BLOCK16/SES169/SA169S13	SES144	-2.09473	-9.20245	-7.10772
BLOCK16/SES169/SA169S13	SES146	-1.21745	-8.32517	-7.10772
BLOCK16/SES169/SA169S13	SES162	-2.13786	-9.24557	-7.10772
BLOCK16/SES169/SA169S14	SES144	-1.57582	-6.9014	-5.32558
BLOCK16/SES169/SA169S14	SES148	-1.07436	-6.39994	-5.32558
BLOCK16/SES169/SA169S14	SES177	-1.00055	-6.32613	-5.32558
BLOCK16/SES169/SA169S14	SES180	-1.15882	-6.4844	-5.32558
BLOCK16/SES169/SA169S24	SES117	-1.45427	-8.97941	-7.52514
BLOCK16/SES169/SA169S24	SES144	-1.17217	-8.69732	-7.52514
BLOCK16/SES169/SA169S24	SES146	-1.08653	-8.61168	-7.52514
BLOCK16/SES169/SA169S24	SES162	-1.29975	-8.82489	-7.52514
BLOCK16/SES169/SA169S27	SES127	-1.56709	-8.45203	-6.88494
BLOCK16/SES169/SA169S27	SES129	-1.44348	-8.32843	-6.88494
BLOCK16/SES169/SA169S27	SES144	-1.45633	-8.34127	-6.88494
BLOCK16/SES169/SA169S27	SES146	-0.88569	-7.77063	-6.88494
BLOCK16/SES169/SA169S29	SES144	-1.21906	-6.56395	-5.34489
BLOCK16/SES169/SA169S29	SES162	-1.2774	-6.62229	-5.34489
BLOCK16/SES169/SA169S29	SES177	-1.58098	-6.92587	-5.34489
BLOCK16/SES169/SA169S29	SES180	-1.36634	-6.71123	-5.34489
BLOCK17/SES171/SA171S12	SES083	-2.25445	-9.63984	-7.38539
BLOCK17/SES171/SA171S12	SES148	-2.10111	-9.4865	-7.38539
BLOCK17/SES171/SA171S12	SES172	-2.04186	-9.42725	-7.38539
BLOCK17/SES171/SA171S12	SES292	-2.83494	-10.2203	-7.38539
BLOCK17/SES171/SA171S15	SES148	-1.96691	-8.8458	-6.87889
BLOCK17/SES171/SA171S15	SES177	-1.59291	-8.47179	-6.87889
BLOCK17/SES171/SA171S15	SES180	-4.09467	-10.9736	-6.87889
BLOCK17/SES171/SA171S15	SES292	-2.10011	-8.97899	-6.87889
BLOCK17/SES171/SA171S22	SES007	-1.60498	-6.35171	-4.74673
BLOCK17/SES171/SA171S22	SES148	-0.778533	-5.52526	-4.74673
BLOCK17/SES171/SA171S22	SES177	-0.944257	-5.69099	-4.74673
BLOCK17/SES171/SA171S22	SES180	-2.77672	-7.52345	-4.74673
BLOCK17/SES171/SA171S25	SES101	-1.97152	-9.25432	-7.28279
BLOCK17/SES171/SA171S25	SES120	-4.23655	-11.5193	-7.28279
BLOCK17/SES171/SA171S25	SES177	-2.09303	-9.37582	-7.28279
BLOCK17/SES171/SA171S25	SES180	-2.46179	-9.74459	-7.28279
BLOCK17/SES171/SA171S27	SES177	-1.89865	-9.42169	-7.52305
BLOCK17/SES171/SA171S27	SES180	-3.33272	-10.8558	-7.52305
BLOCK17/SES171/SA171S27	SES189	-1.20172	-8.72477	-7.52305
BLOCK17/SES171/SA171S27	SES292	-2.812	-10.335	-7.52305
BLOCK17/SES173/SA173S13	SES162	-4.15208	-10.5173	-6.36525
BLOCK17/SES173/SA173S13	SES177	-2.55879	-8.92404	-6.36525
BLOCK17/SES173/SA173S13	SES180	-1.91771	-8.28296	-6.36525
BLOCK17/SES173/SA173S13	SES292	-0.914151	-7.2794	-6.36525
BLOCK17/SES173/SA173S14	SES007	-1.67682	-7.9151	-6.23828
BLOCK17/SES173/SA173S14	SES162	-4.12879	-10.3671	-6.23828
BLOCK17/SES173/SA173S14	SES177	-1.8692	-8.10748	-6.23828
BLOCK17/SES173/SA173S14	SES180	-3.06649	-9.30477	-6.23828
BLOCK17/SES173/SA173S24	SES144	-2.6656	-9.95158	-7.28598
BLOCK17/SES173/SA173S24	SES162	-3.62002	-10.906	-7.28598
BLOCK17/SES173/SA173S24	SES177	-1.41345	-8.69943	-7.28598
BLOCK17/SES173/SA173S24	SES180	-3.05931	-10.3453	-7.28598
BLOCK17/SES173/SA173S27	SES162	-5.18431	-12.0006	-6.81628
BLOCK17/SES173/SA173S27	SES177	-2.78197	-9.59825	-6.81628
BLOCK17/SES173/SA173S27	SES180	-2.90735	-9.72363	-6.81628
BLOCK17/SES173/SA173S27	SES292	-1.28656	-8.10283	-6.81628
BLOCK17/SES173/SA173S29	SES162	-2.92818	-9.60905	-6.68087
BLOCK17/SES173/SA173S29	SES175	-1.22883	-7.9097	-6.68087
BLOCK17/SES173/SA173S29	SES177	-1.18155	-7.86242	-6.68087
BLOCK17/SES173/SA173S29	SES292	-0.959615	-7.64048	-6.68087
BLOCK18/SES182/SA182S10	SES144	-2.36936	-8.60987	-6.24051
BLOCK18/SES182/SA182S10	SES177	-1.55308	-7.79359	-6.24051
BLOCK18/SES182/SA182S10	SES180	-2.76899	-9.0095	-6.24051
BLOCK18/SES182/SA182S10	SES275	-2.66395	-8.90446	-6.24051
BLOCK18/SES182/SA182S12	SES144	-1.13926	-7.43837	-6.29912
BLOCK18/SES182/SA182S12	SES177	-1.16478	-7.46389	-6.29912
BLOCK18/SES182/SA182S12	SES180	-3.04076	-9.33987	-6.29912
BLOCK18/SES182/SA182S12	SES275	-1.40538	-7.70449	-6.29912
BLOCK18/SES182/SA182S21	SES117	-1.93188	-9.78637	-7.85449
BLOCK18/SES182/SA182S21	SES144	-1.48975	-9.34424	-7.85449
BLOCK18/SES182/SA182S21	SES162	-2.046	-9.90049	-7.85449
BLOCK18/SES182/SA182S21	SES180	-2.52322	-10.3777	-7.85449
BLOCK18/SES182/SA182S23	SES117	-2.68811	-10.9853	-8.2972
BLOCK18/SES182/SA182S23	SES144	-3.2919	-11.5891	-8.2972
BLOCK18/SES182/SA182S23	SES180	-4.99201	-13.2892	-8.2972
BLOCK18/SES182/SA182S23	SES275	-3.61032	-11.9075	-8.2972
BLOCK18/SES182/SA182S25	SES007	-0.334973	-7.44193	-7.10696
BLOCK18/SES182/SA182S25	SES162	-1.77933	-8.88629	-7.10696
BLOCK18/SES182/SA182S25	SES177	-1.29145	-8.39841	-7.10696
BLOCK18/SES182/SA182S25	SES180	-2.90211	-10.0091	-7.10696
BLOCK18/SES184/SA184S12	SES177	-1.89903	-7.6863	-5.78727
BLOCK18/SES184/SA184S12	SES180	-1.3975	-7.18476	-5.78727
BLOCK18/SES184/SA184S12	SES189	-3.09801	-8.88528	-5.78727
BLOCK18/SES184/SA184S12	SES292	-1.24309	-7.03036	-5.78727
BLOCK18/SES184/SA184S13	SES101	-1.5196	-8.19282	-6.67322
BLOCK18/SES184/SA184S13	SES177	-1.76504	-8.43826	-6.67322
BLOCK18/SES184/SA184S13	SES180	-1.76408	-8.4373	-6.67322
BLOCK18/SES184/SA184S13	SES292	-2.0539	-8.72712	-6.67322
BLOCK18/SES184/SA184S22	SES177	-1.5703	-7.48015	-5.90985
BLOCK18/SES184/SA184S22	SES180	-1.44659	-7.35644	-5.90985
BLOCK18/SES184/SA184S22	SES189	-2.37499	-8.28484	-5.90985
BLOCK18/SES184/SA184S22	SES292	-1.81069	-7.72054	-5.90985
BLOCK18/SES184/SA184S25	SES101	-1.66149	-7.7323	-6.07081
BLOCK18/SES184/SA184S25	SES177	-2.19689	-8.2677	-6.07081
BLOCK18/SES184/SA184S25	SES180	-1.39798	-7.46879	-6.07081
BLOCK18/SES184/SA184S25	SES292	-1.69079	-7.7616	-6.07081
BLOCK18/SES184/SA184S27	SES083	-1.41568	-7.80095	-6.38527
BLOCK18/SES184/SA184S27	SES177	-1.43842	-7.8237	-6.38527
BLOCK18/SES184/SA184S27	SES202	-1.44868	-7.83395	-6.38527
BLOCK18/SES184/SA184S27	SES292	-1.63524	-8.02051	-6.38527
BLOCK20/SES204/SA204S12	SES062	-1.54703	-7.03228	-5.48524
BLOCK20/SES204/SA204S12	SES083	-2.59667	-8.08192	-5.48524
BLOCK20/SES204/SA204S12	SES206	-1.64804	-7.13329	-5.48524
BLOCK20/SES204/SA204S12	SES226	-2.32982	-7.81506	-5.48524
BLOCK20/SES204/SA204S14	SES068	-1.17367	-5.67622	-4.50255
BLOCK20/SES204/SA204S14	SES087	-0.695973	-5.19852	-4.50255
BLOCK20/SES204/SA204S14	SES206	-1.4824	-5.98495	-4.50255
BLOCK20/SES204/SA204S14	SES226	-2.04434	-6.54688	-4.50255
BLOCK20/SES204/SA204S22	SES068	-1.37803	-6.94494	-5.56692
BLOCK20/SES204/SA204S22	SES082	-1.65166	-7.21858	-5.56692
BLOCK20/SES204/SA204S22	SES083	-3.19777	-8.76469	-5.56692
BLOCK20/SES204/SA204S22	SES206	-1.30612	-6.87303	-5.56692
BLOCK20/SES204/SA204S25	SES062	-1.59042	-7.20054	-5.61012
BLOCK20/SES204/SA204S25	SES083	-2.66824	-8.27836	-5.61012
BLOCK20/SES204/SA204S25	SES206	-1.44483	-7.05495	-5.61012
BLOCK20/SES204/SA204S25	SES226	-1.88303	-7.49316	-5.61012
BLOCK20/SES204/SA204S27	SES068	-2.11989	-8.71601	-6.59612
BLOCK20/SES204/SA204S27	SES082	-2.1165	-8.71263	-6.59612
BLOCK20/SES204/SA204S27	SES087	-1.10232	-7.69845	-6.59612
BLOCK20/SES204/SA204S27	SES206	-2.38806	-8.98418	-6.59612
BLOCK20/SES207/SA207S10	SES127	-2.19203	-7.57799	-5.38596
BLOCK20/SES207/SA207S10	SES183	-1.54952	-6.93548	-5.38596
BLOCK20/SES207/SA207S10	SES189	-1.4054	-6.79136	-5.38596
BLOCK20/SES207/SA207S10	SES292	-1.63957	-7.02553	-5.38596
BLOCK20/SES207/SA207S11	SES127	-1.8552	-8.50858	-6.65338
BLOCK20/SES207/SA207S11	SES183	-1.89392	-8.5473	-6.65338
BLOCK20/SES207/SA207S11	SES187	-1.42152	-8.07491	-6.65338
BLOCK20/SES207/SA207S11	SES292	-1.19075	-7.84414	-6.65338
BLOCK20/SES207/SA207S25	SES068	-1.38098	-8.28151	-6.90052
BLOCK20/SES207/SA207S25	SES083	-2.2196	-9.12012	-6.90052
BLOCK20/SES207/SA207S25	SES127	-1.38341	-8.28393	-6.90052
BLOCK20/SES207/SA207S25	SES187	-1.30275	-8.20328	-6.90052
BLOCK20/SES207/SA207S27	SES127	-2.30794	-9.29256	-6.98461
BLOCK20/SES207/SA207S27	SES183	-1.96171	-8.94632	-6.98461
BLOCK20/SES207/SA207S27	SES187	-1.48557	-8.47018	-6.98461
BLOCK20/SES207/SA207S27	SES292	-1.74044	-8.72505	-6.98461
BLOCK20/SES207/SA207S29	SES083	-2.63296	-8.62718	-5.99422
BLOCK20/SES207/SA207S29	SES085	-2.19668	-8.1909	-5.99422
BLOCK20/SES207/SA207S29	SES172	-0.791736	-6.78595	-5.99422
BLOCK20/SES207/SA207S29	SES189	-3.79911	-9.79333	-5.99422
BLOCK22/SES221/SA221S12	SES068	-0.67728	-5.91692	-5.23964
BLOCK22/SES221/SA221S12	SES143	-1.67428	-6.91393	-5.23964
BLOCK22/SES221/SA221S12	SES175	-1.21502	-6.45466	-5.23964
BLOCK22/SES221/SA221S12	SES202	-1.34456	-6.5842	-5.23964
BLOCK22/SES221/SA221S15	SES085	-1.39712	-7.18843	-5.79131
BLOCK22/SES221/SA221S15	SES143	-2.10772	-7.89903	-5.79131
BLOCK22/SES221/SA221S15	SES175	-1.85845	-7.64976	-5.79131
BLOCK22/SES221/SA221S15	SES187	-2.56031	-8.35162	-5.79131
BLOCK22/SES221/SA221S23	SES068	-0.874611	-6.57804	-5.70343
BLOCK22/SES221/SA221S23	SES143	-2.68148	-8.38491	-5.70343
BLOCK22/SES221/SA221S23	SES175	-1.9554	-7.65883	-5.70343
BLOCK22/SES221/SA221S23	SES189	-2.92903	-8.63247	-5.70343
BLOCK22/SES221/SA221S27	SES085	0.0348287	-6.30562	-6.34045
BLOCK22/SES221/SA221S27	SES143	-1.33789	-7.67834	-6.34045
BLOCK22/SES221/SA221S27	SES175	-1.09473	-7.43517	-6.34045
BLOCK22/SES221/SA221S27	SES189	-2.35115	-8.6916	-6.34045
BLOCK22/SES221/SA221S29	SES085	-0.656385	-7.08097	-6.42458
BLOCK22/SES221/SA221S29	SES143	-1.62197	-8.04655	-6.42458
BLOCK22/SES221/SA221S29	SES175	-1.11755	-7.54213	-6.42458
BLOCK22/SES221/SA221S29	SES187	-2.70442	-9.12901	-6.42458
BLOCK22/SES223/SA223S11	SES143	-2.05342	-9.52829	-7.47487
BLOCK22/SES223/SA223S11	SES144	-3.41326	-10.8881	-7.47487
BLOCK22/SES223/SA223S11	SES175	-1.68032	-9.15519	-7.47487
BLOCK22/SES223/SA223S11	SES187	-2.72441	-10.1993	-7.47487
BLOCK22/SES223/SA223S13	SES068	-1.5706	-8.99561	-7.42501
BLOCK22/SES223/SA223S13	SES143	-2.90386	-10.3289	-7.42501
BLOCK22/SES223/SA223S13	SES146	-2.00374	-9.42875	-7.42501
BLOCK22/SES223/SA223S13	SES202	-1.73783	-9.16284	-7.42501
BLOCK22/SES223/SA223S22	SES143	-0.906889	-7.18515	-6.27827
BLOCK22/SES223/SA223S22	SES144	-3.38525	-9.66352	-6.27827
BLOCK22/SES223/SA223S22	SES175	-1.66695	-7.94521	-6.27827
BLOCK22/SES223/SA223S22	SES187	-1.96297	-8.24124	-6.27827
BLOCK22/SES223/SA223S25	SES068	-0.597589	-6.89895	-6.30136
BLOCK22/SES223/SA223S25	SES143	-2.23357	-8.53493	-6.30136
BLOCK22/SES223/SA223S25	SES175	-1.10522	-7.40657	-6.30136
BLOCK22/SES223/SA223S25	SES187	-2.4652	-8.76656	-6.30136
BLOCK22/SES223/SA223S27	SES143	-1.17068	-8.78236	-7.61168
BLOCK22/SES223/SA223S27	SES146	-2.1904	-9.80208	-7.61168
BLOCK22/SES223/SA223S27	SES187	-2.07944	-9.69112	-7.61168
BLOCK22/SES223/SA223S27	SES292	-0.660446	-8.27213	-7.61168
BLOCK27/SES273/SA273S12	SES099	-0.484694	-7.3953	-6.91061
BLOCK27/SES273/SA273S12	SES104	-0.725471	-7.63608	-6.91061
BLOCK27/SES273/SA273S12	SES125	-1.32402	-8.23463	-6.91061
BLOCK27/SES273/SA273S12	SES206	-0.556144	-7.46675	-6.91061
BLOCK27/SES273/SA273S13	SES099	-1.88812	-6.91176	-5.02364
BLOCK27/SES273/SA273S13	SES104	-1.40255	-6.42619	-5.02364
BLOCK27/SES273/SA273S13	SES206	-1.90481	-6.92845	-5.02364
BLOCK27/SES273/SA273S13	SES292	-1.25807	-6.2817	-5.02364
BLOCK27/SES273/SA273S21	SES099	-1.372	-7.56866	-6.19666
BLOCK27/SES273/SA273S21	SES148	-2.27227	-8.46893	-6.19666
BLOCK27/SES273/SA273S21	SES149	-2.0584	-8.25507	-6.19666
BLOCK27/SES273/SA273S21	SES177	-1.89957	-8.09623	-6.19666
BLOCK27/SES273/SA273S25	SES104	-1.26462	-8.12387	-6.85925
BLOCK27/SES273/SA273S25	SES125	-1.78919	-8.64844	-6.85925
BLOCK27/SES273/SA273S25	SES158	-0.694921	-7.55417	-6.85925
BLOCK27/SES273/SA273S25	SES206	-0.75337	-7.61262	-6.85925
BLOCK27/SES273/SA273S27	SES099	-1.33314	-5.95668	-4.62355
BLOCK27/SES273/SA273S27	SES104	-1.43611	-6.05965	-4.62355
BLOCK27/SES273/SA273S27	SES149	-1.40878	-6.03232	-4.62355
BLOCK27/SES273/SA273S27	SES275	-1.61351	-6.23706	-4.62355
BLOCK27/SES274/SA274S10	SES105	-2.40189	-6.94453	-4.54264
BLOCK27/SES274/SA274S10	SES125	-3.82077	-8.36341	-4.54264
BLOCK27/SES274/SA274S10	SES129	-0.836416	-5.37906	-4.54264
BLOCK27/SES274/SA274S10	SES158	-4.93068	-9.47333	-4.54264
BLOCK27/SES274/SA274S11	SES105	-1.88576	-7.43863	-5.55287
BLOCK27/SES274/SA274S11	SES149	-2.09012	-7.64299	-5.55287
BLOCK27/SES274/SA274S11	SES158	-2.85113	-8.40401	-5.55287
BLOCK27/SES274/SA274S11	SES275	-1.59267	-7.14554	-5.55287
BLOCK27/SES274/SA274S21	SES105	-2.35084	-7.91781	-5.56697
BLOCK27/SES274/SA274S21	SES129	-0.96877	-6.53574	-5.56697
BLOCK27/SES274/SA274S21	SES149	-2.27507	-7.84204	-5.56697
BLOCK27/SES274/SA274S21	SES158	-5.2926	-10.8596	-5.56697
BLOCK27/SES274/SA274S24	SES105	-2.0577	-8.51242	-6.45471
BLOCK27/SES274/SA274S24	SES129	-0.920149	-7.37486	-6.45471
BLOCK27/SES274/SA274S24	SES149	-2.69839	-9.1531	-6.45471
BLOCK27/SES274/SA274S24	SES158	-5.25634	-11.7111	-6.45471
BLOCK27/SES274/SA274S29	SES105	-2.1583	-7.9382	-5.7799
BLOCK27/SES274/SA274S29	SES106	-2.98092	-8.76082	-5.7799
BLOCK27/SES274/SA274S29	SES120	-1.56883	-7.34873	-5.7799
BLOCK27/SES274/SA274S29	SES275	-1.34174	-7.12164	-5.7799
BLOCK27/SES276/SA276S16	SES148	-0.935588	-7.58419	-6.64861
BLOCK27/SES276/SA276S16	SES172	-0.41187	-7.06048	-6.64861
BLOCK27/SES276/SA276S16	SES180	-1.48925	-8.13786	-6.64861
BLOCK27/SES276/SA276S16	SES292	-1.11886	-7.76747	-6.64861
BLOCK27/SES276/SA276S17	SES101	-1.41757	-7.64176	-6.22419
BLOCK27/SES276/SA276S17	SES177	-1.96928	-8.19347	-6.22419
BLOCK27/SES276/SA276S17	SES180	-1.89177	-8.11596	-6.22419
BLOCK27/SES276/SA276S17	SES292	-1.72109	-7.94529	-6.22419
BLOCK27/SES276/SA276S24	SES101	-1.3489	-6.79538	-5.44648
BLOCK27/SES276/SA276S24	SES177	-1.51926	-6.96574	-5.44648
BLOCK27/SES276/SA276S24	SES180	-1.32541	-6.77189	-5.44648
BLOCK27/SES276/SA276S24	SES292	-1.55478	-7.00126	-5.44648
BLOCK27/SES276/SA276S26	SES101	-1.80963	-6.89661	-5.08697
BLOCK27/SES276/SA276S26	SES177	-1.13882	-6.22579	-5.08697
BLOCK27/SES276/SA276S26	SES180	-0.972277	-6.05925	-5.08697
BLOCK27/SES276/SA276S26	SES292	-0.708476	-5.79545	-5.08697
BLOCK27/SES276/SA276S28	SES101	-1.20924	-6.40861	-5.19937
BLOCK27/SES276/SA276S28	SES177	-1.68732	-6.88669	-5.19937
BLOCK27/SES276/SA276S28	SES180	-0.773628	-5.973	-5.19937
BLOCK27/SES276/SA276S28	SES292	-0.945036	-6.1444	-5.19937
BLOCK27/SES277/SA277S12	SES101	-1.66767	-8.95489	-7.28722
BLOCK27/SES277/SA277S12	SES177	-2.73351	-10.0207	-7.28722
BLOCK27/SES277/SA277S12	SES180	-2.24867	-9.53589	-7.28722
BLOCK27/SES277/SA277S12	SES292	-2.14692	-9.43414	-7.28722
BLOCK27/SES277/SA277S14	SES177	-2.09101	-9.80895	-7.71793
BLOCK27/SES277/SA277S14	SES180	-2.59813	-10.3161	-7.71793
BLOCK27/SES277/SA277S14	SES189	-0.961333	-8.67927	-7.71793
BLOCK27/SES277/SA277S14	SES292	-2.55406	-10.272	-7.71793
BLOCK27/SES277/SA277S21	SES177	-1.6325	-8.55456	-6.92206
BLOCK27/SES277/SA277S21	SES180	-1.38404	-8.3061	-6.92206
BLOCK27/SES277/SA277S21	SES189	-0.925158	-7.84721	-6.92206
BLOCK27/SES277/SA277S21	SES292	-1.95382	-8.87588	-6.92206
BLOCK27/SES277/SA277S24	SES144	-1.22807	-9.40853	-8.18047
BLOCK27/SES277/SA277S24	SES177	-1.88698	-10.0675	-8.18047
BLOCK27/SES277/SA277S24	SES180	-2.59669	-10.7772	-8.18047
BLOCK27/SES277/SA277S24	SES189	-1.00919	-9.18966	-8.18047
BLOCK27/SES277/SA277S29	SES177	-1.27892	-6.05428	-4.77536
BLOCK27/SES277/SA277S29	SES180	-1.67412	-6.44948	-4.77536
BLOCK27/SES277/SA277S29	SES202	-1.76319	-6.53855	-4.77536
BLOCK27/SES277/SA277S29	SES292	-1.93037	-6.70573	-4.77536
BLOCK27/SES279/SA279S09	SES120	-1.71333	-7.14259	-5.42925
BLOCK27/SES279/SA279S09	SES146	-1.82997	-7.25922	-5.42925
BLOCK27/SES279/SA279S09	SES206	-0.842935	-6.27219	-5.42925
BLOCK27/SES279/SA279S09	SES226	-2.48547	-7.91472	-5.42925
BLOCK27/SES279/SA279S10	SES099	-1.3437	-7.47159	-6.12789
BLOCK27/SES279/SA279S10	SES206	-1.68951	-7.8174	-6.12789
BLOCK27/SES279/SA279S10	SES226	-3.10309	-9.23097	-6.12789
BLOCK27/SES279/SA279S10	SES292	-0.874953	-7.00284	-6.12789
BLOCK27/SES279/SA279S20	SES099	-5.25941	-12.2843	-7.02492
BLOCK27/SES279/SA279S20	SES206	-1.3236	-8.34852	-7.02492
BLOCK27/SES279/SA279S20	SES226	-4.05179	-11.0767	-7.02492
BLOCK27/SES279/SA279S20	SES292	-1.22492	-8.24983	-7.02492
BLOCK27/SES279/SA279S26	SES099	-0.922896	-8.39967	-7.47677
BLOCK27/SES279/SA279S26	SES206	-0.536384	-8.01315	-7.47677
BLOCK27/SES279/SA279S26	SES226	-3.79533	-11.2721	-7.47677
BLOCK27/SES279/SA279S26	SES292	-0.133794	-7.61056	-7.47677
BLOCK27/SES279/SA279S28	SES099	-0.769057	-5.66502	-4.89596
BLOCK27/SES279/SA279S28	SES120	-1.23178	-6.12774	-4.89596
BLOCK27/SES279/SA279S28	SES177	-2.77545	-7.67141	-4.89596
BLOCK27/SES279/SA279S28	SES206	-1.7089	-6.60486	-4.89596
BLOCK29/SES290/SA290S12	SES162	-1.0111	-5.94949	-4.93839
BLOCK29/SES290/SA290S12	SES177	-0.943956	-5.88234	-4.93839
BLOCK29/SES290/SA290S12	SES180	-1.22625	-6.16464	-4.93839
BLOCK29/SES290/SA290S12	SES292	-1.47617	-6.41456	-4.93839
BLOCK29/SES290/SA290S13	SES007	-1.05234	-6.16757	-5.11523
BLOCK29/SES290/SA290S13	SES162	-2.27479	-7.39002	-5.11523
BLOCK29/SES290/SA290S13	SES177	-1.65466	-6.76989	-5.11523
BLOCK29/SES290/SA290S13	SES180	-1.37823	-6.49346	-5.11523
BLOCK29/SES290/SA290S22	SES177	-1.29194	-6.31527	-5.02333
BLOCK29/SES290/SA290S22	SES180	-1.3595	-6.38283	-5.02333
BLOCK29/SES290/SA290S22	SES202	-1.43511	-6.45844	-5.02333
BLOCK29/SES290/SA290S22	SES292	-0.871655	-5.89498	-5.02333
BLOCK29/SES290/SA290S25	SES162	-1.92509	-7.3066	-5.38151
BLOCK29/SES290/SA290S25	SES177	-1.33665	-6.71816	-5.38151
BLOCK29/SES290/SA290S25	SES180	-1.84649	-7.228	-5.38151
BLOCK29/SES290/SA290S25	SES292	-1.20109	-6.5826	-5.38151
BLOCK29/SES290/SA290S29	SES177	-0.905542	-5.57367	-4.66813
BLOCK29/SES290/SA290S29	SES180	-0.567342	-5.23547	-4.66813
BLOCK29/SES290/SA290S29	SES275	-0.81486	-5.48299	-4.66813
BLOCK29/SES290/SA290S29	SES292	-0.897967	-5.56609	-4.66813
BLOCK29/SES291/SA291S11	SES105	-2.23542	-9.63479	-7.39938
BLOCK29/SES291/SA291S11	SES125	-1.62201	-9.02139	-7.39938
BLOCK29/SES291/SA291S11	SES158	-1.34645	-8.74583	-7.39938
BLOCK29/SES291/SA291S11	SES275	-2.22819	-9.62757	-7.39938
BLOCK29/SES291/SA291S12	SES158	-0.0775118	-7.3838	-7.30629
BLOCK29/SES291/SA291S12	SES226	-2.75095	-10.0572	-7.30629
BLOCK29/SES291/SA291S12	SES270	-2.13901	-9.4453	-7.30629
BLOCK29/SES291/SA291S12	SES275	-4.46271	-11.769	-7.30629
BLOCK29/SES291/SA291S22	SES082	-1.65638	-7.95909	-6.30271
BLOCK29/SES291/SA291S22	SES158	-1.49636	-7.79907	-6.30271
BLOCK29/SES291/SA291S22	SES259	-1.46135	-7.76406	-6.30271
BLOCK29/SES291/SA291S22	SES275	-3.24379	-9.5465	-6.30271
BLOCK29/SES291/SA291S24	SES104	-0.949728	-7.44293	-6.49321
BLOCK29/SES291/SA291S24	SES125	-1.08042	-7.57363	-6.49321
BLOCK29/SES291/SA291S24	SES158	-0.604354	-7.09756	-6.49321
BLOCK29/SES291/SA291S24	SES275	-3.36447	-9.85768	-6.49321
BLOCK29/SES291/SA291S27	SES158	-0.689474	-6.64832	-5.95884
BLOCK29/SES291/SA291S27	SES172	-2.34752	-8.30636	-5.95884
BLOCK29/SES291/SA291S27	SES275	-2.7201	-8.67895	-5.95884
BLOCK29/SES291/SA291S27	SES292	-1.44795	-7.40679	-5.95884
